Start: 1409862285084.027
GPU comm0 start: 1409862285087.197
GPU comm1 start: 1409862285409.513
CPU0 comm0 start: 1409862285409.711
GPU comm0 end: 1409862285672.55
GPU memcp start: 1409862285673.526
GPU memcp end: 1409862285674.143
GPU memcp start: 1409862285674.204
CPU1 comm0 start: 1409862285685.909
GPU memcp end: 1409862285773.808
GPU memcp start: 1409862285773.892
GPU memcp end: 1409862285774.512
GPU comm1 end: 1409862285775.094
GPU exe start: 1409862285776.3
GPU exe end: 1409862285781.41
GPU memcp start: 1409862285781.448
GPU memcp end: 1409862285781.613
GPU comm2 start: 1409862285781.626
CPU0 comm0 end: 1409862285970.04
CPU2 comm0 start: 1409862285973.303
CPU1 comm0 end: 1409862286249.528
CPU3 comm0 start: 1409862286252.707
CPU2 comm0 end: 1409862286514.915
CPU4 comm0 start: 1409862286530.272
CPU3 comm0 end: 1409862286798.73
CPU5 comm0 start: 1409862286808.121
CPU6 comm0 start: 1409862287087.502
CPU4 comm0 end: 1409862287092.3
CPU5 comm0 end: 1409862287381.68
CPU7 comm0 start: 1409862287413.421
CPU8 comm0 start: 1409862287731.449
CPU6 comm0 end: 1409862287747.369
CPU9 comm0 start: 1409862288029.116
CPU7 comm0 end: 1409862288029.956
CPU8 comm0 end: 1409862288307.376
CPU0 comm1 start: 1409862288321.324
CPU1 comm1 start: 1409862288321.416
CPU2 comm1 start: 1409862288321.483
CPU3 comm1 start: 1409862288321.527
CPU0 comm1 end: 1409862288321.582
CPU4 comm1 start: 1409862288321.593
CPU0 exe start: 1409862288321.601
CPU1 comm1 end: 1409862288321.62
CPU2 comm1 end: 1409862288321.662
CPU1 exe start: 1409862288321.665
CPU2 exe start: 1409862288321.684
CPU3 comm1 end: 1409862288321.693
CPU5 comm1 start: 1409862288321.623
CPU3 exe start: 1409862288321.723
CPU4 comm1 end: 1409862288321.744
CPU4 exe start: 1409862288321.762
CPU6 comm1 start: 1409862288321.759
CPU7 comm1 start: 1409862288321.847
CPU8 comm1 start: 1409862288321.902
CPU5 comm1 end: 1409862288321.92
CPU5 exe start: 1409862288321.938
CPU9 comm1 start: 1409862288321.962
CPU6 comm1 end: 1409862288322.001
CPU6 exe start: 1409862288322.022
CPU8 comm1 end: 1409862288322.088
CPU8 exe start: 1409862288322.102
CPU7 comm1 end: 1409862288322.13
CPU7 exe start: 1409862288322.149
CPU0 exe end: 1409862288325.208
CPU4 exe end: 1409862288325.228
CPU2 exe end: 1409862288325.224
CPU3 exe end: 1409862288325.231
CPU0 comm2 start: 1409862288325.411
CPU4 comm2 start: 1409862288325.59
CPU2 comm2 start: 1409862288325.611
CPU3 comm2 start: 1409862288325.651
CPU1 exe end: 1409862288326.156
CPU5 exe end: 1409862288326.503
CPU1 comm2 start: 1409862288326.615
CPU5 comm2 start: 1409862288326.859
CPU7 exe end: 1409862288327.461
CPU7 comm2 start: 1409862288327.722
GPU comm2 end: 1409862288328.455
GPU schdl start: 1409862288328.504
CPU8 exe end: 1409862288329.388
CPU6 exe end: 1409862288329.415
CPU8 comm2 start: 1409862288329.432
CPU6 comm2 start: 1409862288329.457
GPU comm1 start: 1409862288329.661
GPU schdl end: 1409862288329.709
GPU comm1 end: 1409862288329.843
GPU exe start: 1409862288329.872
CPU0 comm2 end: 1409862288329.983
CPU3 comm2 end: 1409862288330.058
CPU2 comm2 end: 1409862288330.136
CPU7 comm2 end: 1409862288330.207
CPU1 comm2 end: 1409862288330.274
CPU4 comm2 end: 1409862288330.341
CPU5 comm2 end: 1409862288330.631
CPU8 comm2 end: 1409862288330.716
CPU6 comm2 end: 1409862288330.798
GPU exe end: 1409862288337.254
GPU memcp start: 1409862288337.281
GPU memcp end: 1409862288337.398
GPU comm2 start: 1409862288337.408
GPU comm2 end: 1409862288337.532
GPU schdl start: 1409862288337.569
GPU comm1 start: 1409862288337.651
GPU schdl end: 1409862288337.67
GPU comm1 end: 1409862288337.754
GPU exe start: 1409862288337.785
GPU exe end: 1409862288346.601
GPU memcp start: 1409862288346.62
GPU memcp end: 1409862288346.781
GPU comm2 start: 1409862288346.789
GPU comm2 end: 1409862288346.895
GPU schdl start: 1409862288346.93
GPU comm1 start: 1409862288347.014
GPU schdl end: 1409862288347.037
GPU comm1 end: 1409862288347.118
GPU exe start: 1409862288347.149
GPU exe end: 1409862288356.142
GPU memcp start: 1409862288356.161
GPU memcp end: 1409862288356.318
GPU comm2 start: 1409862288356.326
GPU comm2 end: 1409862288356.438
GPU schdl start: 1409862288356.472
GPU comm1 start: 1409862288356.551
GPU schdl end: 1409862288356.569
GPU comm1 end: 1409862288356.658
GPU exe start: 1409862288356.687
GPU exe end: 1409862288366.978
GPU memcp start: 1409862288367.003
GPU memcp end: 1409862288367.166
GPU comm2 start: 1409862288367.175
GPU comm2 end: 1409862288367.307
GPU schdl start: 1409862288367.336
GPU comm1 start: 1409862288367.537
GPU schdl end: 1409862288367.556
GPU comm1 end: 1409862288367.858
GPU exe start: 1409862288367.876
GPU exe end: 1409862288378.533
GPU memcp start: 1409862288378.553
GPU memcp end: 1409862288378.715
GPU comm2 start: 1409862288378.724
GPU comm2 end: 1409862288378.905
GPU schdl start: 1409862288378.942
GPU comm1 start: 1409862288379.018
GPU schdl end: 1409862288379.038
GPU comm1 end: 1409862288379.13
GPU exe start: 1409862288379.156
GPU exe end: 1409862288391.031
GPU memcp start: 1409862288391.068
GPU memcp end: 1409862288391.334
GPU comm2 start: 1409862288391.348
GPU comm2 end: 1409862288391.697
GPU schdl start: 1409862288391.721
GPU comm1 start: 1409862288391.948
GPU schdl end: 1409862288391.971
GPU comm1 end: 1409862288392.085
GPU exe start: 1409862288392.11
GPU exe end: 1409862288406.189
GPU memcp start: 1409862288406.207
GPU memcp end: 1409862288406.443
GPU comm2 start: 1409862288406.452
GPU comm2 end: 1409862288406.596
GPU schdl start: 1409862288406.637
GPU comm1 start: 1409862288406.729
GPU schdl end: 1409862288406.753
GPU comm1 end: 1409862288406.84
GPU exe start: 1409862288406.865
GPU exe end: 1409862288426.702
GPU memcp start: 1409862288426.719
GPU memcp end: 1409862288426.963
GPU comm2 start: 1409862288426.973
GPU comm2 end: 1409862288427.123
GPU schdl start: 1409862288427.156
GPU comm1 start: 1409862288427.266
GPU schdl end: 1409862288427.286
GPU comm1 end: 1409862288427.366
GPU exe start: 1409862288427.39
GPU exe end: 1409862288457.765
GPU memcp start: 1409862288457.783
GPU memcp end: 1409862288458.032
GPU comm2 start: 1409862288458.042
GPU comm2 end: 1409862288458.182
GPU schdl start: 1409862288458.226
GPU comm1 start: 1409862288458.302
GPU schdl end: 1409862288458.32
GPU comm1 end: 1409862288458.41
GPU exe start: 1409862288458.432
CPU9 comm0 end: 1409862288461.503
CPU9 comm1 end: 1409862288461.883
CPU9 exe start: 1409862288461.895
CPU9 exe end: 1409862288462.569
CPU9 comm2 start: 1409862288462.611
CPU9 comm2 end: 1409862288462.861
CPU0 comm1 start: 1409862288463.016
CPU1 comm1 start: 1409862288463.056
CPU2 comm1 start: 1409862288463.106
CPU0 comm1 end: 1409862288463.141
CPU0 exe start: 1409862288463.157
CPU3 comm1 start: 1409862288463.165
CPU1 comm1 end: 1409862288463.2
CPU2 comm1 end: 1409862288463.201
CPU1 exe start: 1409862288463.219
CPU4 comm1 start: 1409862288463.199
CPU2 exe start: 1409862288463.264
CPU0 exe end: 1409862288463.292
CPU3 comm1 end: 1409862288463.29
CPU3 exe start: 1409862288463.315
CPU1 exe end: 1409862288463.355
CPU5 comm1 start: 1409862288463.311
CPU1 comm2 start: 1409862288463.372
CPU4 comm1 end: 1409862288463.405
CPU4 exe start: 1409862288463.421
CPU0 comm2 start: 1409862288463.319
CPU6 comm1 start: 1409862288463.459
CPU5 comm1 end: 1409862288463.494
CPU3 exe end: 1409862288463.518
CPU3 comm2 start: 1409862288463.539
CPU4 exe end: 1409862288463.557
CPU5 exe start: 1409862288463.561
CPU7 comm1 start: 1409862288463.495
CPU4 comm2 start: 1409862288463.581
CPU2 exe end: 1409862288463.604
CPU8 comm1 start: 1409862288463.617
CPU6 comm1 end: 1409862288463.624
CPU6 exe start: 1409862288463.653
CPU2 comm2 start: 1409862288463.631
CPU9 comm1 start: 1409862288463.689
CPU5 exe end: 1409862288463.716
CPU5 comm2 start: 1409862288463.744
CPU7 comm1 end: 1409862288463.741
CPU7 exe start: 1409862288463.798
CPU8 comm1 end: 1409862288463.8
CPU9 comm1 end: 1409862288463.815
CPU8 exe start: 1409862288463.829
CPU9 exe start: 1409862288463.837
CPU6 exe end: 1409862288463.843
CPU1 comm2 end: 1409862288463.81
CPU6 comm2 start: 1409862288463.865
CPU7 exe end: 1409862288463.943
CPU8 exe end: 1409862288463.97
CPU9 exe end: 1409862288463.976
CPU7 comm2 start: 1409862288463.988
CPU0 comm2 end: 1409862288464.003
CPU9 comm2 start: 1409862288463.993
CPU8 comm2 start: 1409862288463.991
CPU3 comm2 end: 1409862288464.08
CPU4 comm2 end: 1409862288464.142
CPU2 comm2 end: 1409862288464.208
CPU5 comm2 end: 1409862288464.268
CPU6 comm2 end: 1409862288464.337
CPU7 comm2 end: 1409862288464.402
CPU9 comm2 end: 1409862288464.465
CPU8 comm2 end: 1409862288464.528
CPU0 comm1 start: 1409862288464.572
CPU1 comm1 start: 1409862288464.601
CPU2 comm1 start: 1409862288464.652
CPU0 comm1 end: 1409862288464.684
CPU0 exe start: 1409862288464.699
CPU3 comm1 start: 1409862288464.713
CPU2 comm1 end: 1409862288464.742
CPU4 comm1 start: 1409862288464.749
CPU2 exe start: 1409862288464.761
CPU5 comm1 start: 1409862288464.808
CPU3 comm1 end: 1409862288464.834
CPU3 exe start: 1409862288464.85
CPU1 comm1 end: 1409862288464.742
CPU0 exe end: 1409862288464.896
CPU6 comm1 start: 1409862288464.905
CPU0 comm2 start: 1409862288464.92
CPU4 comm1 end: 1409862288464.911
CPU4 exe start: 1409862288464.955
CPU5 comm1 end: 1409862288464.935
CPU5 exe start: 1409862288465.018
CPU6 comm1 end: 1409862288465.042
CPU6 exe start: 1409862288465.064
CPU1 exe start: 1409862288464.935
CPU7 comm1 start: 1409862288464.937
CPU2 exe end: 1409862288465.137
CPU4 exe end: 1409862288465.193
CPU8 comm1 start: 1409862288465.135
CPU3 exe end: 1409862288465.155
CPU2 comm2 start: 1409862288465.211
CPU7 comm1 end: 1409862288465.227
CPU3 comm2 start: 1409862288465.244
CPU4 comm2 start: 1409862288465.212
CPU7 exe start: 1409862288465.248
CPU9 comm1 start: 1409862288465.241
CPU1 exe end: 1409862288465.287
CPU8 comm1 end: 1409862288465.305
CPU8 exe start: 1409862288465.319
CPU5 exe end: 1409862288465.33
CPU1 comm2 start: 1409862288465.343
CPU5 comm2 start: 1409862288465.356
CPU6 exe end: 1409862288465.28
CPU6 comm2 start: 1409862288465.403
CPU0 comm2 end: 1409862288465.426
CPU9 comm1 end: 1409862288465.434
CPU9 exe start: 1409862288465.467
CPU2 comm2 end: 1409862288465.501
CPU7 exe end: 1409862288465.508
CPU8 exe end: 1409862288465.531
CPU7 comm2 start: 1409862288465.542
CPU8 comm2 start: 1409862288465.549
CPU3 comm2 end: 1409862288465.569
CPU4 comm2 end: 1409862288465.629
CPU9 exe end: 1409862288465.658
CPU9 comm2 start: 1409862288465.675
CPU1 comm2 end: 1409862288465.691
CPU5 comm2 end: 1409862288465.753
CPU6 comm2 end: 1409862288465.819
CPU7 comm2 end: 1409862288465.959
CPU8 comm2 end: 1409862288466.027
CPU9 comm2 end: 1409862288466.091
CPU0 comm1 start: 1409862288466.121
CPU1 comm1 start: 1409862288466.154
CPU2 comm1 start: 1409862288466.206
CPU0 comm1 end: 1409862288466.237
CPU0 exe start: 1409862288466.253
CPU3 comm1 start: 1409862288466.265
CPU2 comm1 end: 1409862288466.296
CPU2 exe start: 1409862288466.362
CPU1 comm1 end: 1409862288466.297
CPU4 comm1 start: 1409862288466.298
CPU3 comm1 end: 1409862288466.386
CPU1 exe start: 1409862288466.391
CPU3 exe start: 1409862288466.411
CPU5 comm1 start: 1409862288466.431
CPU4 comm1 end: 1409862288466.517
CPU6 comm1 start: 1409862288466.521
CPU4 exe start: 1409862288466.537
CPU5 comm1 end: 1409862288466.55
CPU5 exe start: 1409862288466.565
CPU0 exe end: 1409862288466.573
CPU7 comm1 start: 1409862288466.571
CPU0 comm2 start: 1409862288466.636
CPU8 comm1 start: 1409862288466.657
CPU6 comm1 end: 1409862288466.671
CPU6 exe start: 1409862288466.693
CPU9 comm1 start: 1409862288466.715
CPU1 exe end: 1409862288466.727
CPU1 comm2 start: 1409862288466.747
CPU7 comm1 end: 1409862288466.758
CPU7 exe start: 1409862288466.78
CPU8 comm1 end: 1409862288466.784
CPU8 exe start: 1409862288466.802
CPU9 comm1 end: 1409862288466.812
CPU9 exe start: 1409862288466.83
CPU4 exe end: 1409862288466.863
CPU4 comm2 start: 1409862288466.883
CPU3 exe end: 1409862288466.933
CPU0 comm2 end: 1409862288466.936
CPU3 comm2 start: 1409862288466.965
CPU2 exe end: 1409862288466.936
CPU2 comm2 start: 1409862288467.003
CPU1 comm2 end: 1409862288467.041
CPU6 exe end: 1409862288467.067
CPU6 comm2 start: 1409862288467.086
CPU5 exe end: 1409862288467.103
CPU4 comm2 end: 1409862288467.118
CPU5 comm2 start: 1409862288467.126
CPU7 exe end: 1409862288467.126
CPU9 exe end: 1409862288467.158
CPU7 comm2 start: 1409862288467.178
CPU9 comm2 start: 1409862288467.185
CPU3 comm2 end: 1409862288467.19
CPU8 exe end: 1409862288467.14
CPU8 comm2 start: 1409862288467.232
CPU2 comm2 end: 1409862288467.256
CPU6 comm2 end: 1409862288467.324
CPU5 comm2 end: 1409862288467.388
CPU7 comm2 end: 1409862288467.453
CPU9 comm2 end: 1409862288467.516
CPU8 comm2 end: 1409862288467.582
CPU0 comm1 start: 1409862288467.612
CPU1 comm1 start: 1409862288467.671
CPU2 comm1 start: 1409862288467.723
CPU3 comm1 start: 1409862288467.782
CPU4 comm1 start: 1409862288467.814
CPU5 comm1 start: 1409862288467.869
CPU6 comm1 start: 1409862288467.944
CPU7 comm1 start: 1409862288467.979
CPU8 comm1 start: 1409862288468.219
CPU9 comm1 start: 1409862288468.273
CPU1 comm1 end: 1409862288471.453
CPU1 exe start: 1409862288471.468
CPU0 comm1 end: 1409862288472.471
CPU0 exe start: 1409862288472.484
CPU1 exe end: 1409862288472.937
CPU1 comm2 start: 1409862288472.963
CPU0 exe end: 1409862288473.009
CPU0 comm2 start: 1409862288473.031
CPU6 comm1 end: 1409862288473.313
CPU6 exe start: 1409862288473.331
CPU2 comm1 end: 1409862288473.314
CPU2 exe start: 1409862288473.362
CPU4 comm1 end: 1409862288474.426
CPU4 exe start: 1409862288474.443
CPU5 comm1 end: 1409862288474.431
CPU3 comm1 end: 1409862288474.431
CPU5 exe start: 1409862288474.464
CPU3 exe start: 1409862288474.477
CPU6 exe end: 1409862288474.726
CPU6 comm2 start: 1409862288474.748
CPU2 exe end: 1409862288474.853
CPU2 comm2 start: 1409862288474.876
CPU4 exe end: 1409862288474.957
CPU4 comm2 start: 1409862288474.977
CPU8 comm1 end: 1409862288475.068
CPU8 exe start: 1409862288475.082
CPU5 exe end: 1409862288475.484
CPU3 exe end: 1409862288475.488
CPU5 comm2 start: 1409862288475.516
CPU3 comm2 start: 1409862288475.525
CPU1 comm2 end: 1409862288475.637
CPU7 comm1 end: 1409862288475.954
CPU7 exe start: 1409862288475.968
CPU2 comm2 end: 1409862288475.968
CPU9 comm1 end: 1409862288476.002
CPU9 exe start: 1409862288476.015
CPU0 comm2 end: 1409862288476.027
CPU4 comm2 end: 1409862288476.092
CPU6 comm2 end: 1409862288476.165
CPU5 comm2 end: 1409862288476.225
CPU3 comm2 end: 1409862288476.288
CPU8 exe end: 1409862288476.385
CPU8 comm2 start: 1409862288476.406
CPU7 exe end: 1409862288476.478
CPU7 comm2 start: 1409862288476.498
CPU9 exe end: 1409862288476.534
CPU9 comm2 start: 1409862288476.552
CPU8 comm2 end: 1409862288476.717
CPU7 comm2 end: 1409862288476.798
CPU9 comm2 end: 1409862288476.866
CPU0 comm1 start: 1409862288476.904
CPU1 comm1 start: 1409862288476.932
CPU0 comm1 end: 1409862288477.036
CPU0 exe start: 1409862288477.058
CPU2 comm1 start: 1409862288477.063
CPU3 comm1 start: 1409862288477.088
CPU1 comm1 end: 1409862288477.098
CPU1 exe start: 1409862288477.116
CPU4 comm1 start: 1409862288477.122
CPU2 comm1 end: 1409862288477.16
CPU3 comm1 end: 1409862288477.192
CPU5 comm1 start: 1409862288477.16
CPU3 exe start: 1409862288477.212
CPU2 exe start: 1409862288477.218
CPU4 comm1 end: 1409862288477.247
CPU6 comm1 start: 1409862288477.252
CPU4 exe start: 1409862288477.267
CPU7 comm1 start: 1409862288477.284
CPU5 comm1 end: 1409862288477.301
CPU5 exe start: 1409862288477.322
CPU8 comm1 start: 1409862288477.322
CPU6 comm1 end: 1409862288477.375
CPU6 exe start: 1409862288477.399
CPU9 comm1 start: 1409862288477.377
CPU7 comm1 end: 1409862288477.423
CPU7 exe start: 1409862288477.446
CPU8 comm1 end: 1409862288477.469
CPU8 exe start: 1409862288477.493
CPU9 comm1 end: 1409862288477.554
CPU9 exe start: 1409862288477.57
CPU0 exe end: 1409862288477.817
CPU0 comm2 start: 1409862288477.845
CPU1 exe end: 1409862288477.871
CPU1 comm2 start: 1409862288477.899
CPU0 comm2 end: 1409862288477.99
CPU4 exe end: 1409862288478.022
CPU4 comm2 start: 1409862288478.047
CPU1 comm2 end: 1409862288478.109
CPU6 exe end: 1409862288478.194
CPU2 exe end: 1409862288478.209
CPU6 comm2 start: 1409862288478.223
CPU7 exe end: 1409862288478.23
CPU4 comm2 end: 1409862288478.214
CPU2 comm2 start: 1409862288478.261
CPU8 exe end: 1409862288478.263
CPU7 comm2 start: 1409862288478.293
CPU8 comm2 start: 1409862288478.305
CPU9 exe end: 1409862288478.315
CPU6 comm2 end: 1409862288478.333
CPU9 comm2 start: 1409862288478.349
CPU2 comm2 end: 1409862288478.417
CPU7 comm2 end: 1409862288478.484
CPU8 comm2 end: 1409862288478.553
CPU9 comm2 end: 1409862288478.618
CPU3 exe end: 1409862288478.651
CPU3 comm2 start: 1409862288478.69
CPU5 exe end: 1409862288478.812
CPU5 comm2 start: 1409862288478.843
CPU3 comm2 end: 1409862288478.881
CPU5 comm2 end: 1409862288478.953
CPU0 comm1 start: 1409862288479.009
CPU1 comm1 start: 1409862288479.04
CPU2 comm1 start: 1409862288479.094
CPU0 comm1 end: 1409862288479.142
CPU3 comm1 start: 1409862288479.139
CPU0 exe start: 1409862288479.172
CPU1 comm1 end: 1409862288479.18
CPU2 comm1 end: 1409862288479.187
CPU4 comm1 start: 1409862288479.189
CPU1 exe start: 1409862288479.193
CPU2 exe start: 1409862288479.223
CPU5 comm1 start: 1409862288479.256
CPU3 comm1 end: 1409862288479.264
CPU3 exe start: 1409862288479.311
CPU6 comm1 start: 1409862288479.314
CPU4 comm1 end: 1409862288479.334
CPU4 exe start: 1409862288479.362
CPU5 comm1 end: 1409862288479.366
CPU5 exe start: 1409862288479.402
CPU7 comm1 start: 1409862288479.365
CPU8 comm1 start: 1409862288479.441
CPU6 comm1 end: 1409862288479.458
CPU6 exe start: 1409862288479.473
CPU9 comm1 start: 1409862288479.478
CPU7 comm1 end: 1409862288479.569
CPU7 exe start: 1409862288479.585
CPU8 comm1 end: 1409862288479.594
CPU8 exe start: 1409862288479.609
CPU9 comm1 end: 1409862288479.612
CPU9 exe start: 1409862288479.631
CPU0 exe end: 1409862288480.324
CPU0 comm2 start: 1409862288480.343
CPU1 exe end: 1409862288480.399
CPU1 comm2 start: 1409862288480.419
CPU0 comm2 end: 1409862288480.464
CPU4 exe end: 1409862288480.48
CPU4 comm2 start: 1409862288480.499
CPU6 exe end: 1409862288480.708
CPU7 exe end: 1409862288480.709
CPU8 exe end: 1409862288480.73
CPU7 comm2 start: 1409862288480.739
CPU6 comm2 start: 1409862288480.735
CPU8 comm2 start: 1409862288480.754
CPU9 exe end: 1409862288480.734
CPU1 comm2 end: 1409862288480.771
CPU9 comm2 start: 1409862288480.788
CPU4 comm2 end: 1409862288480.857
CPU7 comm2 end: 1409862288480.944
CPU2 exe end: 1409862288480.956
CPU2 comm2 start: 1409862288481
CPU6 comm2 end: 1409862288481.046
CPU8 comm2 end: 1409862288481.125
CPU9 comm2 end: 1409862288481.199
CPU2 comm2 end: 1409862288481.262
CPU3 exe end: 1409862288481.606
CPU3 comm2 start: 1409862288481.63
CPU5 exe end: 1409862288481.777
CPU3 comm2 end: 1409862288481.785
CPU5 comm2 start: 1409862288481.799
CPU5 comm2 end: 1409862288481.915
CPU0 comm1 start: 1409862288482.098
CPU1 comm1 start: 1409862288482.133
CPU2 comm1 start: 1409862288482.193
CPU0 comm1 end: 1409862288482.224
CPU3 comm1 start: 1409862288482.232
CPU0 exe start: 1409862288482.239
CPU1 comm1 end: 1409862288482.259
CPU4 comm1 start: 1409862288482.271
CPU2 comm1 end: 1409862288482.262
CPU1 exe start: 1409862288482.278
CPU5 comm1 start: 1409862288482.335
CPU2 exe start: 1409862288482.333
CPU4 comm1 end: 1409862288482.4
CPU4 exe start: 1409862288482.417
CPU3 comm1 end: 1409862288482.334
CPU5 comm1 end: 1409862288482.443
CPU3 exe start: 1409862288482.454
CPU6 comm1 start: 1409862288482.398
CPU5 exe start: 1409862288482.463
CPU7 comm1 start: 1409862288482.508
CPU8 comm1 start: 1409862288482.545
CPU6 comm1 end: 1409862288482.581
CPU9 comm1 start: 1409862288482.59
CPU7 comm1 end: 1409862288482.624
CPU7 exe start: 1409862288482.641
CPU6 exe start: 1409862288482.6
CPU8 comm1 end: 1409862288482.675
CPU9 comm1 end: 1409862288482.706
CPU8 exe start: 1409862288482.711
CPU9 exe start: 1409862288482.728
CPU0 exe end: 1409862288483.927
CPU0 comm2 start: 1409862288483.947
CPU1 exe end: 1409862288484.014
CPU1 comm2 start: 1409862288484.033
CPU0 comm2 end: 1409862288484.073
CPU4 exe end: 1409862288484.09
CPU4 comm2 start: 1409862288484.108
CPU1 comm2 end: 1409862288484.161
CPU2 exe end: 1409862288484.208
CPU2 comm2 start: 1409862288484.234
CPU4 comm2 end: 1409862288484.24
CPU7 exe end: 1409862288484.347
CPU2 comm2 end: 1409862288484.357
CPU7 comm2 start: 1409862288484.368
CPU6 exe end: 1409862288484.369
CPU9 exe end: 1409862288484.405
CPU8 exe end: 1409862288484.4
CPU9 comm2 start: 1409862288484.422
CPU6 comm2 start: 1409862288484.425
CPU8 comm2 start: 1409862288484.433
CPU7 comm2 end: 1409862288484.653
CPU9 comm2 end: 1409862288484.729
CPU6 comm2 end: 1409862288484.811
CPU8 comm2 end: 1409862288484.876
CPU5 exe end: 1409862288485.828
CPU3 exe end: 1409862288485.824
CPU5 comm2 start: 1409862288485.86
CPU3 comm2 start: 1409862288485.871
CPU5 comm2 end: 1409862288486.018
CPU3 comm2 end: 1409862288486.084
CPU0 comm1 start: 1409862288486.121
CPU1 comm1 start: 1409862288486.148
CPU2 comm1 start: 1409862288486.208
CPU0 comm1 end: 1409862288486.239
CPU3 comm1 start: 1409862288486.246
CPU0 exe start: 1409862288486.254
CPU1 comm1 end: 1409862288486.274
CPU4 comm1 start: 1409862288486.286
CPU2 comm1 end: 1409862288486.277
CPU1 exe start: 1409862288486.293
CPU3 comm1 end: 1409862288486.347
CPU3 exe start: 1409862288486.362
CPU5 comm1 start: 1409862288486.345
CPU2 exe start: 1409862288486.334
CPU4 comm1 end: 1409862288486.412
CPU4 exe start: 1409862288486.425
CPU6 comm1 start: 1409862288486.427
CPU5 comm1 end: 1409862288486.455
CPU5 exe start: 1409862288486.494
CPU7 comm1 start: 1409862288486.459
CPU6 comm1 end: 1409862288486.53
CPU8 comm1 start: 1409862288486.537
CPU6 exe start: 1409862288486.573
CPU9 comm1 start: 1409862288486.604
CPU7 comm1 end: 1409862288486.606
CPU7 exe start: 1409862288486.661
CPU8 comm1 end: 1409862288486.683
CPU8 exe start: 1409862288486.701
CPU9 comm1 end: 1409862288486.715
CPU9 exe start: 1409862288486.736
CPU0 exe end: 1409862288488.744
CPU0 comm2 start: 1409862288488.775
CPU1 exe end: 1409862288488.823
CPU1 comm2 start: 1409862288488.844
CPU4 exe end: 1409862288488.904
CPU4 comm2 start: 1409862288488.923
CPU0 comm2 end: 1409862288488.918
CPU1 comm2 end: 1409862288489.038
CPU2 exe end: 1409862288489.088
CPU6 exe end: 1409862288489.116
CPU2 comm2 start: 1409862288489.118
CPU6 comm2 start: 1409862288489.152
CPU7 exe end: 1409862288489.17
CPU4 comm2 end: 1409862288489.12
CPU8 exe end: 1409862288489.198
CPU9 exe end: 1409862288489.205
CPU8 comm2 start: 1409862288489.218
CPU9 comm2 start: 1409862288489.228
CPU7 comm2 start: 1409862288489.193
CPU2 comm2 end: 1409862288489.281
CPU6 comm2 end: 1409862288489.35
CPU8 comm2 end: 1409862288489.416
CPU9 comm2 end: 1409862288489.487
CPU7 comm2 end: 1409862288489.55
CPU3 exe end: 1409862288491.214
CPU3 comm2 start: 1409862288491.24
CPU5 exe end: 1409862288491.378
CPU5 comm2 start: 1409862288491.401
CPU3 comm2 end: 1409862288491.398
CPU5 comm2 end: 1409862288491.496
CPU0 comm1 start: 1409862288491.559
CPU0 comm1 end: 1409862288491.682
CPU0 exe start: 1409862288491.697
CPU1 comm1 start: 1409862288491.59
CPU2 comm1 start: 1409862288491.795
CPU3 comm1 start: 1409862288491.832
CPU1 comm1 end: 1409862288491.861
CPU4 comm1 start: 1409862288491.866
CPU1 exe start: 1409862288491.88
CPU2 comm1 end: 1409862288491.864
CPU2 exe start: 1409862288491.914
CPU5 comm1 start: 1409862288491.915
CPU3 comm1 end: 1409862288491.938
CPU3 exe start: 1409862288491.952
CPU6 comm1 start: 1409862288491.962
CPU4 comm1 end: 1409862288491.977
CPU4 exe start: 1409862288491.991
CPU7 comm1 start: 1409862288491.996
CPU5 comm1 end: 1409862288491.991
CPU5 exe start: 1409862288492.044
CPU6 comm1 end: 1409862288492.07
CPU6 exe start: 1409862288492.093
CPU8 comm1 start: 1409862288492.031
CPU7 comm1 end: 1409862288492.11
CPU7 exe start: 1409862288492.13
CPU9 comm1 start: 1409862288492.17
CPU8 comm1 end: 1409862288492.243
CPU8 exe start: 1409862288492.257
CPU9 comm1 end: 1409862288492.293
CPU9 exe start: 1409862288492.306
CPU0 exe end: 1409862288495.418
CPU0 comm2 start: 1409862288495.457
CPU1 exe end: 1409862288495.601
CPU1 comm2 start: 1409862288495.626
CPU0 comm2 end: 1409862288495.724
CPU6 exe end: 1409862288495.809
CPU7 exe end: 1409862288495.836
CPU6 comm2 start: 1409862288495.841
CPU7 comm2 start: 1409862288495.866
CPU1 comm2 end: 1409862288495.85
CPU2 exe end: 1409862288495.856
CPU2 comm2 start: 1409862288495.924
CPU8 exe end: 1409862288495.948
CPU4 exe end: 1409862288495.956
CPU8 comm2 start: 1409862288495.971
CPU4 comm2 start: 1409862288495.989
CPU6 comm2 end: 1409862288496.008
CPU9 exe end: 1409862288496.04
CPU9 comm2 start: 1409862288496.071
CPU7 comm2 end: 1409862288496.081
CPU2 comm2 end: 1409862288496.146
CPU8 comm2 end: 1409862288496.212
CPU4 comm2 end: 1409862288496.278
CPU9 comm2 end: 1409862288496.344
CPU3 exe end: 1409862288498.259
CPU5 exe end: 1409862288498.281
CPU3 comm2 start: 1409862288498.29
CPU5 comm2 start: 1409862288498.316
CPU3 comm2 end: 1409862288498.456
CPU5 comm2 end: 1409862288498.528
CPU0 comm1 start: 1409862288498.567
CPU1 comm1 start: 1409862288498.598
CPU2 comm1 start: 1409862288498.652
CPU0 comm1 end: 1409862288498.687
CPU0 exe start: 1409862288498.709
CPU1 comm1 end: 1409862288498.721
CPU3 comm1 start: 1409862288498.719
CPU1 exe start: 1409862288498.75
CPU4 comm1 start: 1409862288498.766
CPU2 comm1 end: 1409862288498.751
CPU2 exe start: 1409862288498.829
CPU3 comm1 end: 1409862288498.834
CPU3 exe start: 1409862288498.889
CPU5 comm1 start: 1409862288498.832
CPU4 comm1 end: 1409862288498.925
CPU4 exe start: 1409862288498.941
CPU6 comm1 start: 1409862288498.959
CPU5 comm1 end: 1409862288498.99
CPU5 exe start: 1409862288499.003
CPU7 comm1 start: 1409862288499.016
CPU8 comm1 start: 1409862288499.062
CPU6 comm1 end: 1409862288499.094
CPU6 exe start: 1409862288499.111
CPU9 comm1 start: 1409862288499.116
CPU7 comm1 end: 1409862288499.14
CPU7 exe start: 1409862288499.157
CPU8 comm1 end: 1409862288499.188
CPU8 exe start: 1409862288499.205
CPU9 comm1 end: 1409862288499.266
CPU9 exe start: 1409862288499.286
CPU0 exe end: 1409862288504.335
CPU0 comm2 start: 1409862288504.385
CPU1 exe end: 1409862288504.382
CPU1 comm2 start: 1409862288504.421
CPU4 exe end: 1409862288504.566
CPU4 comm2 start: 1409862288504.591
CPU0 comm2 end: 1409862288504.591
CPU2 exe end: 1409862288504.673
CPU1 comm2 end: 1409862288504.693
CPU2 comm2 start: 1409862288504.705
CPU4 comm2 end: 1409862288504.794
CPU8 exe end: 1409862288504.827
CPU9 exe end: 1409862288504.86
CPU6 exe end: 1409862288504.834
CPU9 comm2 start: 1409862288504.882
CPU6 comm2 start: 1409862288504.898
CPU2 comm2 end: 1409862288504.866
CPU8 comm2 start: 1409862288504.872
CPU9 comm2 end: 1409862288505.135
CPU7 exe end: 1409862288505.156
CPU7 comm2 start: 1409862288505.181
CPU8 comm2 end: 1409862288505.216
CPU6 comm2 end: 1409862288505.29
GPU exe end: 1409862288505.358
CPU7 comm2 end: 1409862288505.358
GPU memcp start: 1409862288505.391
GPU memcp end: 1409862288505.663
GPU comm2 start: 1409862288505.672
GPU comm2 end: 1409862288505.782
GPU schdl start: 1409862288505.808
GPU comm1 start: 1409862288505.955
GPU schdl end: 1409862288505.976
GPU comm1 end: 1409862288506.067
GPU exe start: 1409862288506.094
CPU3 exe end: 1409862288510.046
CPU3 comm2 start: 1409862288510.079
CPU5 exe end: 1409862288510.196
CPU5 comm2 start: 1409862288510.223
CPU3 comm2 end: 1409862288510.242
CPU5 comm2 end: 1409862288510.313
CPU0 comm1 start: 1409862288510.345
CPU1 comm1 start: 1409862288510.372
CPU2 comm1 start: 1409862288510.439
CPU0 comm1 end: 1409862288510.466
CPU0 exe start: 1409862288510.481
CPU3 comm1 start: 1409862288510.486
CPU1 comm1 end: 1409862288510.514
CPU2 comm1 end: 1409862288510.522
CPU2 exe start: 1409862288510.553
CPU1 exe start: 1409862288510.527
CPU4 comm1 start: 1409862288510.519
CPU3 comm1 end: 1409862288510.585
CPU3 exe start: 1409862288510.614
CPU5 comm1 start: 1409862288510.634
CPU6 comm1 start: 1409862288510.717
CPU4 comm1 end: 1409862288510.726
CPU4 exe start: 1409862288510.742
CPU7 comm1 start: 1409862288510.745
CPU5 comm1 end: 1409862288510.75
CPU5 exe start: 1409862288510.787
CPU6 comm1 end: 1409862288510.83
CPU6 exe start: 1409862288510.845
CPU8 comm1 start: 1409862288510.787
CPU7 comm1 end: 1409862288510.888
CPU9 comm1 start: 1409862288510.895
CPU7 exe start: 1409862288510.951
CPU8 comm1 end: 1409862288510.981
CPU8 exe start: 1409862288511.006
CPU9 comm1 end: 1409862288511.088
CPU9 exe start: 1409862288511.104
GPU exe end: 1409862288519.428
GPU memcp start: 1409862288519.494
GPU memcp end: 1409862288519.598
GPU comm2 start: 1409862288519.612
GPU comm2 end: 1409862288519.778
GPU schdl start: 1409862288519.828
GPU comm1 start: 1409862288519.951
GPU schdl end: 1409862288519.99
GPU comm1 end: 1409862288520.121
GPU exe start: 1409862288520.147
GPU exe end: 1409862288521.701
GPU memcp start: 1409862288521.719
GPU memcp end: 1409862288521.799
GPU comm2 start: 1409862288521.81
GPU comm2 end: 1409862288521.898
GPU schdl start: 1409862288521.923
CPU0 exe end: 1409862288526.431
CPU0 comm2 start: 1409862288526.488
CPU1 exe end: 1409862288526.586
CPU1 comm2 start: 1409862288526.614
CPU4 exe end: 1409862288526.676
CPU0 comm2 end: 1409862288526.682
CPU4 comm2 start: 1409862288526.703
CPU1 comm2 end: 1409862288526.797
CPU8 exe end: 1409862288526.857
CPU4 comm2 end: 1409862288526.876
CPU8 comm2 start: 1409862288526.91
CPU9 exe end: 1409862288527.048
CPU7 exe end: 1409862288527.058
CPU9 comm2 start: 1409862288527.075
CPU6 exe end: 1409862288527.076
CPU7 comm2 start: 1409862288527.09
CPU8 comm2 end: 1409862288527.063
CPU6 comm2 start: 1409862288527.104
CPU9 comm2 end: 1409862288527.585
CPU2 exe end: 1409862288527.652
CPU7 comm2 end: 1409862288527.674
CPU2 comm2 start: 1409862288527.688
CPU6 comm2 end: 1409862288527.765
CPU2 comm2 end: 1409862288527.842
CPU3 exe end: 1409862288535.791
CPU3 comm2 start: 1409862288535.831
CPU5 exe end: 1409862288535.941
CPU5 comm2 start: 1409862288535.97
CPU3 comm2 end: 1409862288536.001
CPU5 comm2 end: 1409862288536.079
GPU comm0 start: 1409862288536.343
GPU comm1 start: 1409862288857.363
GPU schdl end: 1409862288857.433
CPU0 comm0 start: 1409862288857.466
GPU comm0 end: 1409862289013.099
GPU memcp start: 1409862289013.824
GPU memcp end: 1409862289014.323
GPU memcp start: 1409862289014.397
GPU memcp end: 1409862289105.126
GPU memcp start: 1409862289105.206
GPU memcp end: 1409862289105.802
GPU comm1 end: 1409862289105.926
GPU exe start: 1409862289105.943
GPU exe end: 1409862289110.715
GPU memcp start: 1409862289110.743
GPU memcp end: 1409862289110.941
GPU comm2 start: 1409862289110.952
CPU1 comm0 start: 1409862289207.791
CPU0 comm0 end: 1409862289375.66
CPU2 comm0 start: 1409862289471.944
CPU1 comm0 end: 1409862289619.342
CPU3 comm0 start: 1409862289809.425
CPU2 comm0 end: 1409862290084.367
CPU4 comm0 start: 1409862290091.874
CPU3 comm0 end: 1409862290365.751
CPU5 comm0 start: 1409862290373.799
CPU4 comm0 end: 1409862290515.086
CPU6 comm0 start: 1409862290708.686
CPU5 comm0 end: 1409862290982.779
CPU7 comm0 start: 1409862290988.637
CPU6 comm0 end: 1409862291265.637
CPU8 comm0 start: 1409862291274.262
CPU7 comm0 end: 1409862291550.749
CPU9 comm0 start: 1409862291576.605
CPU8 comm0 end: 1409862291950.349
CPU0 comm1 start: 1409862292878.446
CPU1 comm1 start: 1409862292878.622
CPU2 comm1 start: 1409862292878.658
CPU3 comm1 start: 1409862292878.703
CPU4 comm1 start: 1409862292878.754
CPU5 comm1 start: 1409862292878.802
CPU0 comm1 end: 1409862292878.809
CPU0 exe start: 1409862292878.832
CPU1 comm1 end: 1409862292878.831
CPU6 comm1 start: 1409862292878.848
CPU1 exe start: 1409862292878.852
CPU7 comm1 start: 1409862292878.878
CPU2 comm1 end: 1409862292878.889
CPU2 exe start: 1409862292878.915
CPU8 comm1 start: 1409862292878.933
CPU3 comm1 end: 1409862292878.936
CPU3 exe start: 1409862292878.963
CPU9 comm1 start: 1409862292878.992
CPU4 comm1 end: 1409862292878.997
CPU4 exe start: 1409862292879.016
CPU5 comm1 end: 1409862292879.037
CPU5 exe start: 1409862292879.065
CPU6 comm1 end: 1409862292879.132
CPU6 exe start: 1409862292879.169
CPU7 comm1 end: 1409862292879.181
CPU7 exe start: 1409862292879.203
GPU comm2 end: 1409862292879.208
CPU8 comm1 end: 1409862292879.233
CPU8 exe start: 1409862292879.253
GPU schdl start: 1409862292879.294
GPU comm1 start: 1409862292879.433
GPU schdl end: 1409862292879.462
GPU comm1 end: 1409862292879.586
GPU exe start: 1409862292879.63
CPU0 exe end: 1409862292880.325
CPU0 comm2 start: 1409862292880.359
CPU6 exe end: 1409862292880.497
CPU8 exe end: 1409862292880.498
CPU5 exe end: 1409862292880.499
CPU6 comm2 start: 1409862292880.538
CPU5 comm2 start: 1409862292880.553
CPU8 comm2 start: 1409862292880.573
CPU4 exe end: 1409862292880.581
CPU4 comm2 start: 1409862292880.627
CPU7 exe end: 1409862292881.106
CPU7 comm2 start: 1409862292881.138
CPU0 comm2 end: 1409862292881.643
CPU1 exe end: 1409862292881.768
CPU5 comm2 end: 1409862292881.776
CPU1 comm2 start: 1409862292881.796
CPU6 comm2 end: 1409862292881.833
CPU4 comm2 end: 1409862292881.884
CPU3 exe end: 1409862292881.929
CPU8 comm2 end: 1409862292881.934
CPU3 comm2 start: 1409862292881.963
CPU7 comm2 end: 1409862292882.014
CPU1 comm2 end: 1409862292882.061
CPU3 comm2 end: 1409862292882.11
GPU exe end: 1409862292885.271
GPU memcp start: 1409862292885.305
GPU memcp end: 1409862292885.48
GPU comm2 start: 1409862292885.492
GPU comm2 end: 1409862292885.595
GPU schdl start: 1409862292885.63
GPU comm1 start: 1409862292885.685
GPU schdl end: 1409862292885.703
GPU comm1 end: 1409862292885.836
GPU exe start: 1409862292885.867
GPU exe end: 1409862292890.626
GPU memcp start: 1409862292890.643
GPU memcp end: 1409862292890.813
GPU comm2 start: 1409862292890.822
GPU comm2 end: 1409862292890.915
GPU schdl start: 1409862292890.949
GPU comm1 start: 1409862292891.003
GPU schdl end: 1409862292891.025
GPU comm1 end: 1409862292891.123
GPU exe start: 1409862292891.15
GPU exe end: 1409862292896.178
GPU memcp start: 1409862292896.21
GPU memcp end: 1409862292896.385
GPU comm2 start: 1409862292896.395
GPU comm2 end: 1409862292896.502
GPU schdl start: 1409862292896.542
GPU comm1 start: 1409862292896.598
GPU schdl end: 1409862292896.618
GPU comm1 end: 1409862292896.704
GPU exe start: 1409862292896.727
GPU exe end: 1409862292901.542
GPU memcp start: 1409862292901.56
GPU memcp end: 1409862292901.723
GPU comm2 start: 1409862292901.731
GPU comm2 end: 1409862292901.823
GPU schdl start: 1409862292901.856
GPU comm1 start: 1409862292901.911
GPU schdl end: 1409862292901.933
GPU comm1 end: 1409862292902.015
GPU exe start: 1409862292902.043
GPU exe end: 1409862292907.084
GPU memcp start: 1409862292907.101
GPU memcp end: 1409862292907.259
GPU comm2 start: 1409862292907.267
GPU comm2 end: 1409862292907.36
GPU schdl start: 1409862292907.395
GPU comm1 start: 1409862292907.461
GPU schdl end: 1409862292907.481
GPU comm1 end: 1409862292907.564
GPU exe start: 1409862292907.59
GPU exe end: 1409862292912.701
GPU memcp start: 1409862292912.726
GPU memcp end: 1409862292912.915
GPU comm2 start: 1409862292912.924
GPU comm2 end: 1409862292913.064
GPU schdl start: 1409862292913.104
GPU comm1 start: 1409862292913.168
GPU schdl end: 1409862292913.197
GPU comm1 end: 1409862292913.302
GPU exe start: 1409862292913.324
GPU exe end: 1409862292918.424
GPU memcp start: 1409862292918.441
GPU memcp end: 1409862292918.521
GPU comm2 start: 1409862292918.529
GPU comm2 end: 1409862292918.628
GPU schdl start: 1409862292918.661
GPU comm1 start: 1409862292918.717
GPU schdl end: 1409862292918.739
GPU comm1 end: 1409862292918.825
GPU exe start: 1409862292918.852
GPU exe end: 1409862292924.169
GPU memcp start: 1409862292924.186
GPU memcp end: 1409862292924.311
GPU comm2 start: 1409862292924.319
GPU comm2 end: 1409862292924.417
GPU schdl start: 1409862292924.452
GPU comm1 start: 1409862292924.513
GPU schdl end: 1409862292924.534
GPU comm1 end: 1409862292924.614
GPU exe start: 1409862292924.641
GPU exe end: 1409862292929.976
GPU memcp start: 1409862292929.994
GPU memcp end: 1409862292930.152
GPU comm2 start: 1409862292930.16
GPU comm2 end: 1409862292930.26
GPU schdl start: 1409862292930.297
GPU comm1 start: 1409862292930.352
GPU schdl end: 1409862292930.374
GPU comm1 end: 1409862292930.469
GPU exe start: 1409862292930.495
GPU exe end: 1409862292936.032
GPU memcp start: 1409862292936.05
GPU memcp end: 1409862292936.207
GPU comm2 start: 1409862292936.215
GPU comm2 end: 1409862292936.313
GPU schdl start: 1409862292936.346
CPU9 comm0 end: 1409862293026.726
CPU9 comm1 end: 1409862293027.057
CPU9 exe start: 1409862293027.07
CPU9 exe end: 1409862293028.75
CPU9 comm2 start: 1409862293028.78
GPU comm1 start: 1409862293343.298
GPU schdl end: 1409862293343.334
CPU9 comm2 end: 1409862293343.424
GPU comm1 end: 1409862293343.437
GPU exe start: 1409862293343.456
GPU exe end: 1409862293351.109
GPU memcp start: 1409862293351.129
GPU memcp end: 1409862293351.338
GPU comm2 start: 1409862293351.347
GPU comm2 end: 1409862293351.46
GPU schdl start: 1409862293351.509
GPU comm1 start: 1409862293351.554
GPU schdl end: 1409862293351.584
GPU comm1 end: 1409862293351.692
GPU exe start: 1409862293351.722
GPU exe end: 1409862293364.327
GPU memcp start: 1409862293364.345
GPU memcp end: 1409862293364.543
GPU comm2 start: 1409862293364.552
GPU comm2 end: 1409862293364.652
GPU schdl start: 1409862293364.689
GPU comm1 start: 1409862293364.751
GPU schdl end: 1409862293364.768
GPU comm1 end: 1409862293364.886
GPU exe start: 1409862293364.913
GPU exe end: 1409862293370.119
GPU memcp start: 1409862293370.136
GPU memcp end: 1409862293370.325
GPU comm2 start: 1409862293370.334
GPU comm2 end: 1409862293370.431
CPU2 exe end: 1409862295298.618
CPU2 comm2 start: 1409862295505.723
CPU2 comm2 end: 1409862295643.758
DONE: 10560.0029296875
