Start: 1409862186824.619
GPU comm0 start: 1409862186827.749
GPU comm1 start: 1409862186827.96
CPU0 comm0 start: 1409862186828.072
CPU1 comm0 start: 1409862186828.122
CPU2 comm0 start: 1409862186828.2
CPU3 comm0 start: 1409862186828.301
CPU4 comm0 start: 1409862186828.348
CPU5 comm0 start: 1409862186828.449
CPU6 comm0 start: 1409862186828.483
CPU7 comm0 start: 1409862186828.563
CPU8 comm0 start: 1409862186828.604
CPU9 comm0 start: 1409862186828.638
CPU0 comm1 start: 1409862186828.882
CPU1 comm1 start: 1409862186828.919
CPU2 comm1 start: 1409862186828.946
CPU3 comm1 start: 1409862186829.001
CPU4 comm1 start: 1409862186829.039
GPU comm0 end: 1409862186828.61
CPU5 comm1 start: 1409862186829.078
CPU6 comm1 start: 1409862186829.133
CPU7 comm1 start: 1409862186829.177
CPU8 comm1 start: 1409862186829.211
CPU9 comm1 start: 1409862186829.245
CPU1 comm0 end: 1409862186829.227
CPU2 comm0 end: 1409862186829.735
CPU7 comm0 end: 1409862186831.93
CPU4 comm0 end: 1409862186829.623
CPU0 comm0 end: 1409862186829.475
CPU6 comm0 end: 1409862186834.052
CPU9 comm0 end: 1409862186831.499
CPU3 comm0 end: 1409862186835.014
CPU8 comm0 end: 1409862186835.009
CPU5 comm0 end: 1409862186835.032
CPU2 comm1 end: 1409862186839.359
CPU2 exe start: 1409862186839.395
CPU7 comm1 end: 1409862186839.532
CPU7 exe start: 1409862186839.568
GPU memcp start: 1409862186841.672
CPU9 comm1 end: 1409862186842.071
CPU9 exe start: 1409862186842.091
CPU6 comm1 end: 1409862186842.102
CPU0 comm1 end: 1409862186842.108
CPU0 exe start: 1409862186842.156
CPU6 exe start: 1409862186842.141
CPU4 comm1 end: 1409862186842.165
CPU1 comm1 end: 1409862186842.165
CPU4 exe start: 1409862186842.224
CPU5 comm1 end: 1409862186842.119
GPU memcp end: 1409862186842.209
CPU5 exe start: 1409862186842.256
CPU1 exe start: 1409862186842.234
CPU8 comm1 end: 1409862186842.441
CPU3 comm1 end: 1409862186842.441
CPU8 exe start: 1409862186842.482
CPU3 exe start: 1409862186842.5
CPU2 exe end: 1409862186843.975
CPU7 exe end: 1409862186843.983
CPU7 comm2 start: 1409862186844.01
CPU2 comm2 start: 1409862186843.995
CPU6 exe end: 1409862186844.724
CPU6 comm2 start: 1409862186844.738
CPU0 exe end: 1409862186845.207
CPU0 comm2 start: 1409862186845.229
CPU7 comm2 end: 1409862186845.202
GPU memcp start: 1409862186845.194
CPU5 exe end: 1409862186845.279
CPU5 comm2 start: 1409862186845.295
CPU2 comm2 end: 1409862186845.332
CPU6 comm2 end: 1409862186845.377
CPU5 comm2 end: 1409862186845.411
CPU0 comm2 end: 1409862186845.44
CPU9 exe end: 1409862186845.518
CPU9 comm2 start: 1409862186845.532
CPU8 exe end: 1409862186845.54
CPU3 exe end: 1409862186845.541
CPU8 comm2 start: 1409862186845.562
CPU3 comm2 start: 1409862186845.57
CPU1 exe end: 1409862186845.547
CPU4 exe end: 1409862186845.547
CPU1 comm2 start: 1409862186845.609
CPU9 comm2 end: 1409862186845.619
CPU4 comm2 start: 1409862186845.627
CPU3 comm2 end: 1409862186845.69
CPU8 comm2 end: 1409862186845.945
CPU4 comm2 end: 1409862186845.991
CPU1 comm2 end: 1409862186846.024
CPU0 comm1 start: 1409862186846.112
CPU1 comm1 start: 1409862186846.149
CPU2 comm1 start: 1409862186846.171
CPU0 comm1 end: 1409862186846.185
CPU0 exe start: 1409862186846.202
CPU3 comm1 start: 1409862186846.231
CPU1 comm1 end: 1409862186846.273
CPU4 comm1 start: 1409862186846.288
CPU1 exe start: 1409862186846.293
CPU5 comm1 start: 1409862186846.325
CPU2 comm1 end: 1409862186846.341
CPU6 comm1 start: 1409862186846.356
CPU3 comm1 end: 1409862186846.35
CPU4 comm1 end: 1409862186846.375
CPU3 exe start: 1409862186846.384
CPU0 exe end: 1409862186846.389
CPU5 comm1 end: 1409862186846.385
CPU0 comm2 start: 1409862186846.397
CPU4 exe start: 1409862186846.399
CPU2 exe start: 1409862186846.367
CPU5 exe start: 1409862186846.412
CPU6 comm1 end: 1409862186846.41
CPU7 comm1 start: 1409862186846.381
CPU6 exe start: 1409862186846.439
CPU8 comm1 start: 1409862186846.474
CPU9 comm1 start: 1409862186846.509
CPU7 comm1 end: 1409862186846.517
CPU7 exe start: 1409862186846.534
CPU8 comm1 end: 1409862186846.544
CPU8 exe start: 1409862186846.558
CPU9 comm1 end: 1409862186846.562
CPU9 exe start: 1409862186846.581
CPU0 comm2 end: 1409862186846.552
CPU2 exe end: 1409862186846.601
CPU2 comm2 start: 1409862186846.625
CPU1 exe end: 1409862186846.567
CPU1 comm2 start: 1409862186846.65
CPU2 comm2 end: 1409862186846.687
CPU3 exe end: 1409862186846.709
CPU3 comm2 start: 1409862186846.723
CPU1 comm2 end: 1409862186846.724
CPU3 comm2 end: 1409862186846.754
CPU6 exe end: 1409862186846.777
CPU6 comm2 start: 1409862186846.788
CPU6 comm2 end: 1409862186846.836
CPU4 exe end: 1409862186846.856
CPU4 comm2 start: 1409862186846.867
CPU5 exe end: 1409862186846.909
CPU5 comm2 start: 1409862186846.919
CPU4 comm2 end: 1409862186846.915
CPU8 exe end: 1409862186846.975
CPU5 comm2 end: 1409862186847.01
CPU8 comm2 start: 1409862186847.016
CPU8 comm2 end: 1409862186847.082
CPU7 exe end: 1409862186847.129
CPU7 comm2 start: 1409862186847.141
CPU9 exe end: 1409862186847.156
CPU9 comm2 start: 1409862186847.172
CPU7 comm2 end: 1409862186847.188
CPU9 comm2 end: 1409862186847.229
CPU0 comm1 start: 1409862186847.258
CPU1 comm1 start: 1409862186847.285
CPU0 comm1 end: 1409862186847.311
CPU0 exe start: 1409862186847.372
CPU2 comm1 start: 1409862186847.315
CPU3 comm1 start: 1409862186847.406
CPU1 comm1 end: 1409862186847.409
CPU1 exe start: 1409862186847.429
CPU4 comm1 start: 1409862186847.471
CPU2 comm1 end: 1409862186847.5
CPU2 exe start: 1409862186847.514
CPU5 comm1 start: 1409862186847.521
CPU3 comm1 end: 1409862186847.552
CPU6 comm1 start: 1409862186847.55
CPU4 comm1 end: 1409862186847.566
CPU4 exe start: 1409862186847.579
CPU5 comm1 end: 1409862186847.616
CPU7 comm1 start: 1409862186847.625
CPU5 exe start: 1409862186847.633
CPU8 comm1 start: 1409862186847.675
CPU6 comm1 end: 1409862186847.7
CPU6 exe start: 1409862186847.715
CPU9 comm1 start: 1409862186847.722
CPU7 comm1 end: 1409862186847.753
CPU2 exe end: 1409862186847.756
CPU3 exe start: 1409862186847.779
CPU7 exe start: 1409862186847.776
CPU8 comm1 end: 1409862186847.805
CPU2 comm2 start: 1409862186847.783
CPU8 exe start: 1409862186847.818
CPU9 comm1 end: 1409862186847.837
CPU9 exe start: 1409862186847.85
CPU2 comm2 end: 1409862186847.879
CPU1 exe end: 1409862186847.988
CPU1 comm2 start: 1409862186848.001
CPU0 exe end: 1409862186848.039
CPU0 comm2 start: 1409862186848.047
CPU1 comm2 end: 1409862186848.053
CPU5 exe end: 1409862186848.067
CPU4 exe end: 1409862186848.074
CPU5 comm2 start: 1409862186848.084
CPU4 comm2 start: 1409862186848.095
CPU0 comm2 end: 1409862186848.088
CPU3 exe end: 1409862186848.242
CPU3 comm2 start: 1409862186848.262
CPU4 comm2 end: 1409862186848.243
CPU5 comm2 end: 1409862186848.319
CPU3 comm2 end: 1409862186848.352
CPU9 exe end: 1409862186848.455
CPU9 comm2 start: 1409862186848.468
CPU7 exe end: 1409862186848.495
CPU7 comm2 start: 1409862186848.507
CPU9 comm2 end: 1409862186848.514
CPU8 exe end: 1409862186848.529
CPU8 comm2 start: 1409862186848.541
CPU7 comm2 end: 1409862186848.544
CPU8 comm2 end: 1409862186848.566
CPU6 exe end: 1409862186848.633
CPU6 comm2 start: 1409862186848.643
CPU6 comm2 end: 1409862186848.723
CPU0 comm1 start: 1409862186848.755
CPU1 comm1 start: 1409862186848.786
CPU2 comm1 start: 1409862186848.839
CPU0 comm1 end: 1409862186848.875
CPU3 comm1 start: 1409862186848.885
CPU0 exe start: 1409862186848.893
CPU4 comm1 start: 1409862186848.918
CPU1 comm1 end: 1409862186848.923
CPU1 exe start: 1409862186848.941
CPU2 comm1 end: 1409862186848.954
CPU3 comm1 end: 1409862186849.021
CPU5 comm1 start: 1409862186848.963
CPU3 exe start: 1409862186849.039
CPU2 exe start: 1409862186849.041
CPU4 comm1 end: 1409862186849.051
CPU4 exe start: 1409862186849.071
CPU6 comm1 start: 1409862186849.117
CPU7 comm1 start: 1409862186849.154
CPU5 comm1 end: 1409862186849.183
CPU5 exe start: 1409862186849.198
CPU8 comm1 start: 1409862186849.212
CPU6 comm1 end: 1409862186849.232
CPU7 comm1 end: 1409862186849.246
CPU7 exe start: 1409862186849.265
CPU8 comm1 end: 1409862186849.273
CPU8 exe start: 1409862186849.286
CPU9 comm1 start: 1409862186849.238
CPU0 exe end: 1409862186849.358
CPU0 comm2 start: 1409862186849.408
CPU6 exe start: 1409862186849.254
CPU2 exe end: 1409862186849.478
CPU2 comm2 start: 1409862186849.499
CPU9 comm1 end: 1409862186849.541
CPU9 exe start: 1409862186849.556
CPU3 exe end: 1409862186849.64
CPU0 comm2 end: 1409862186849.644
CPU1 exe end: 1409862186849.665
CPU3 comm2 start: 1409862186849.656
CPU2 comm2 end: 1409862186849.684
CPU1 comm2 start: 1409862186849.685
CPU1 comm2 end: 1409862186849.753
CPU3 comm2 end: 1409862186849.788
CPU4 exe end: 1409862186850.036
CPU4 comm2 start: 1409862186850.048
CPU9 exe end: 1409862186850.081
CPU9 comm2 start: 1409862186850.092
CPU6 exe end: 1409862186850.158
CPU4 comm2 end: 1409862186850.158
CPU6 comm2 start: 1409862186850.171
CPU8 exe end: 1409862186850.174
CPU9 comm2 end: 1409862186850.204
CPU8 comm2 start: 1409862186850.227
CPU6 comm2 end: 1409862186850.256
CPU8 comm2 end: 1409862186850.284
CPU5 exe end: 1409862186850.294
CPU5 comm2 start: 1409862186850.309
CPU7 exe end: 1409862186850.353
CPU7 comm2 start: 1409862186850.364
CPU5 comm2 end: 1409862186850.392
CPU7 comm2 end: 1409862186850.441
CPU0 comm1 start: 1409862186850.468
CPU1 comm1 start: 1409862186850.523
CPU2 comm1 start: 1409862186850.555
CPU0 comm1 end: 1409862186850.593
CPU0 exe start: 1409862186850.61
CPU3 comm1 start: 1409862186850.609
CPU1 comm1 end: 1409862186850.644
CPU4 comm1 start: 1409862186850.654
CPU1 exe start: 1409862186850.665
CPU2 comm1 end: 1409862186850.675
CPU5 comm1 start: 1409862186850.69
CPU3 comm1 end: 1409862186850.729
CPU3 exe start: 1409862186850.75
CPU2 exe start: 1409862186850.693
CPU4 comm1 end: 1409862186850.813
CPU4 exe start: 1409862186850.874
CPU5 comm1 end: 1409862186850.814
CPU5 exe start: 1409862186850.908
CPU6 comm1 start: 1409862186850.738
CPU7 comm1 start: 1409862186851.047
CPU8 comm1 start: 1409862186851.09
CPU9 comm1 start: 1409862186851.111
CPU6 comm1 end: 1409862186851.121
CPU6 exe start: 1409862186851.137
CPU8 comm1 end: 1409862186851.151
CPU7 comm1 end: 1409862186851.148
CPU7 exe start: 1409862186851.192
CPU9 comm1 end: 1409862186851.194
CPU8 exe start: 1409862186851.176
CPU9 exe start: 1409862186851.212
CPU0 exe end: 1409862186852.878
CPU0 comm2 start: 1409862186852.895
CPU2 exe end: 1409862186853.404
CPU6 exe end: 1409862186853.405
CPU2 comm2 start: 1409862186853.422
CPU6 comm2 start: 1409862186853.435
CPU0 comm2 end: 1409862186853.43
CPU2 comm2 end: 1409862186853.514
CPU6 comm2 end: 1409862186853.546
CPU3 exe end: 1409862186853.626
CPU3 comm2 start: 1409862186853.644
CPU9 exe end: 1409862186853.744
CPU9 comm2 start: 1409862186853.759
CPU1 exe end: 1409862186853.793
CPU3 comm2 end: 1409862186853.8
CPU1 comm2 start: 1409862186853.812
CPU9 comm2 end: 1409862186853.848
CPU1 comm2 end: 1409862186853.926
CPU4 exe end: 1409862186853.959
CPU8 exe end: 1409862186853.968
CPU8 comm2 start: 1409862186853.985
CPU4 comm2 start: 1409862186853.973
CPU5 exe end: 1409862186853.995
CPU5 comm2 start: 1409862186854.012
CPU7 exe end: 1409862186854.025
CPU7 comm2 start: 1409862186854.038
CPU8 comm2 end: 1409862186854.13
CPU4 comm2 end: 1409862186854.172
CPU5 comm2 end: 1409862186854.2
CPU7 comm2 end: 1409862186854.223
CPU0 comm1 start: 1409862186854.251
CPU1 comm1 start: 1409862186854.28
CPU2 comm1 start: 1409862186854.301
CPU3 comm1 start: 1409862186854.321
CPU0 comm1 end: 1409862186854.324
CPU0 exe start: 1409862186854.34
CPU1 comm1 end: 1409862186854.339
CPU2 comm1 end: 1409862186854.358
CPU2 exe start: 1409862186854.372
CPU4 comm1 start: 1409862186854.341
CPU3 comm1 end: 1409862186854.377
CPU1 exe start: 1409862186854.362
CPU3 exe start: 1409862186854.391
CPU5 comm1 start: 1409862186854.415
CPU6 comm1 start: 1409862186854.443
CPU7 comm1 start: 1409862186854.463
CPU5 comm1 end: 1409862186854.469
CPU4 comm1 end: 1409862186854.468
CPU5 exe start: 1409862186854.484
CPU6 comm1 end: 1409862186854.489
CPU6 exe start: 1409862186854.502
CPU8 comm1 start: 1409862186854.485
CPU7 comm1 end: 1409862186854.517
CPU7 exe start: 1409862186854.55
CPU4 exe start: 1409862186854.556
CPU9 comm1 start: 1409862186854.553
CPU8 comm1 end: 1409862186854.593
CPU8 exe start: 1409862186854.611
CPU9 comm1 end: 1409862186854.645
CPU9 exe start: 1409862186854.656
CPU0 exe end: 1409862186855.129
CPU0 comm2 start: 1409862186855.158
CPU0 comm2 end: 1409862186855.275
CPU2 exe end: 1409862186855.287
CPU2 comm2 start: 1409862186855.336
CPU6 exe end: 1409862186855.42
CPU6 comm2 start: 1409862186855.433
CPU2 comm2 end: 1409862186855.469
CPU6 comm2 end: 1409862186855.513
CPU9 exe end: 1409862186855.708
CPU9 comm2 start: 1409862186855.721
CPU1 exe end: 1409862186855.791
CPU1 comm2 start: 1409862186855.813
CPU9 comm2 end: 1409862186855.837
CPU1 comm2 end: 1409862186855.88
CPU3 exe end: 1409862186855.889
CPU3 comm2 start: 1409862186855.911
CPU3 comm2 end: 1409862186855.996
CPU4 exe end: 1409862186856.054
CPU4 comm2 start: 1409862186856.07
CPU5 exe end: 1409862186856.093
CPU5 comm2 start: 1409862186856.114
CPU4 comm2 end: 1409862186856.187
CPU5 comm2 end: 1409862186856.228
CPU8 exe end: 1409862186856.238
CPU8 comm2 start: 1409862186856.255
CPU7 exe end: 1409862186856.32
CPU8 comm2 end: 1409862186856.315
CPU7 comm2 start: 1409862186856.341
CPU7 comm2 end: 1409862186856.397
CPU0 comm1 start: 1409862186856.448
CPU1 comm1 start: 1409862186856.477
CPU2 comm1 start: 1409862186856.512
CPU3 comm1 start: 1409862186856.532
CPU1 comm1 end: 1409862186856.555
CPU1 exe start: 1409862186856.586
CPU4 comm1 start: 1409862186856.589
CPU0 comm1 end: 1409862186856.561
CPU5 comm1 start: 1409862186856.61
CPU3 comm1 end: 1409862186856.633
CPU6 comm1 start: 1409862186856.651
CPU4 comm1 end: 1409862186856.659
CPU2 comm1 end: 1409862186856.639
CPU7 comm1 start: 1409862186856.679
CPU0 exe start: 1409862186856.644
CPU3 exe start: 1409862186856.659
CPU4 exe start: 1409862186856.681
CPU2 exe start: 1409862186856.748
CPU6 comm1 end: 1409862186856.753
CPU6 exe start: 1409862186856.778
CPU8 comm1 start: 1409862186856.725
CPU5 comm1 end: 1409862186856.683
CPU7 comm1 end: 1409862186856.754
CPU9 comm1 start: 1409862186856.871
CPU5 exe start: 1409862186856.875
CPU7 exe start: 1409862186856.883
CPU8 comm1 end: 1409862186856.907
CPU8 exe start: 1409862186856.926
CPU9 comm1 end: 1409862186857.025
CPU9 exe start: 1409862186857.043
CPU0 exe end: 1409862186857.869
CPU0 comm2 start: 1409862186857.883
CPU2 exe end: 1409862186857.887
CPU2 comm2 start: 1409862186857.897
CPU6 exe end: 1409862186857.953
CPU6 comm2 start: 1409862186857.962
CPU0 comm2 end: 1409862186858.007
CPU2 comm2 end: 1409862186858.05
CPU6 comm2 end: 1409862186858.076
CPU9 exe end: 1409862186858.157
CPU9 comm2 start: 1409862186858.165
CPU9 comm2 end: 1409862186858.276
CPU1 exe end: 1409862186858.751
CPU1 comm2 start: 1409862186858.766
CPU1 comm2 end: 1409862186858.896
CPU4 exe end: 1409862186858.918
CPU4 comm2 start: 1409862186858.931
CPU4 comm2 end: 1409862186858.983
CPU3 exe end: 1409862186859.009
CPU3 comm2 start: 1409862186859.028
CPU5 exe end: 1409862186859.065
CPU5 comm2 start: 1409862186859.079
CPU8 exe end: 1409862186859.131
CPU7 exe end: 1409862186859.138
CPU7 comm2 start: 1409862186859.155
CPU3 comm2 end: 1409862186859.133
CPU8 comm2 start: 1409862186859.143
CPU5 comm2 end: 1409862186859.194
CPU7 comm2 end: 1409862186859.227
CPU8 comm2 end: 1409862186859.248
CPU0 comm1 start: 1409862186859.334
CPU1 comm1 start: 1409862186859.369
CPU2 comm1 start: 1409862186859.395
CPU3 comm1 start: 1409862186859.421
CPU0 comm1 end: 1409862186859.442
CPU1 comm1 end: 1409862186859.45
CPU1 exe start: 1409862186859.476
CPU4 comm1 start: 1409862186859.446
CPU0 exe start: 1409862186859.462
CPU3 comm1 end: 1409862186859.509
CPU2 comm1 end: 1409862186859.502
CPU5 comm1 start: 1409862186859.532
CPU3 exe start: 1409862186859.564
CPU6 comm1 start: 1409862186859.581
CPU2 exe start: 1409862186859.565
CPU4 comm1 end: 1409862186859.617
CPU5 comm1 end: 1409862186859.619
CPU4 exe start: 1409862186859.633
CPU7 comm1 start: 1409862186859.635
CPU8 comm1 start: 1409862186859.669
CPU5 exe start: 1409862186859.675
CPU9 comm1 start: 1409862186859.691
CPU7 comm1 end: 1409862186859.717
CPU6 comm1 end: 1409862186859.724
CPU6 exe start: 1409862186859.739
CPU7 exe start: 1409862186859.731
CPU8 comm1 end: 1409862186859.775
CPU9 comm1 end: 1409862186859.796
CPU9 exe start: 1409862186859.813
CPU8 exe start: 1409862186859.801
CPU0 exe end: 1409862186861.296
CPU0 comm2 start: 1409862186861.329
CPU2 exe end: 1409862186861.306
CPU2 comm2 start: 1409862186861.352
CPU6 exe end: 1409862186861.43
CPU6 comm2 start: 1409862186861.443
CPU0 comm2 end: 1409862186861.463
CPU2 comm2 end: 1409862186861.509
CPU6 comm2 end: 1409862186861.532
CPU9 exe end: 1409862186861.592
CPU9 comm2 start: 1409862186861.605
CPU9 comm2 end: 1409862186861.719
CPU1 exe end: 1409862186862.685
CPU1 comm2 start: 1409862186862.702
CPU3 exe end: 1409862186862.759
CPU3 comm2 start: 1409862186862.776
CPU1 comm2 end: 1409862186862.823
CPU4 exe end: 1409862186862.868
CPU3 comm2 end: 1409862186862.867
CPU4 comm2 start: 1409862186862.888
CPU4 comm2 end: 1409862186862.927
CPU5 exe end: 1409862186862.944
CPU5 comm2 start: 1409862186862.961
CPU8 exe end: 1409862186862.964
CPU8 comm2 start: 1409862186862.977
CPU7 exe end: 1409862186863.068
CPU7 comm2 start: 1409862186863.08
CPU5 comm2 end: 1409862186863.078
CPU8 comm2 end: 1409862186863.121
CPU7 comm2 end: 1409862186863.152
CPU0 comm1 start: 1409862186863.181
CPU1 comm1 start: 1409862186863.21
CPU2 comm1 start: 1409862186863.245
CPU3 comm1 start: 1409862186863.267
CPU1 comm1 end: 1409862186863.283
CPU1 exe start: 1409862186863.305
CPU4 comm1 start: 1409862186863.327
CPU3 comm1 end: 1409862186863.361
CPU5 comm1 start: 1409862186863.373
CPU0 comm1 end: 1409862186863.285
CPU3 exe start: 1409862186863.386
CPU6 comm1 start: 1409862186863.4
CPU2 comm1 end: 1409862186863.365
CPU4 comm1 end: 1409862186863.41
CPU4 exe start: 1409862186863.424
CPU5 comm1 end: 1409862186863.427
CPU2 exe start: 1409862186863.43
CPU5 exe start: 1409862186863.451
CPU6 comm1 end: 1409862186863.458
CPU6 exe start: 1409862186863.469
CPU7 comm1 start: 1409862186863.435
CPU0 exe start: 1409862186863.403
CPU8 comm1 start: 1409862186863.549
CPU9 comm1 start: 1409862186863.599
CPU8 comm1 end: 1409862186863.628
CPU7 comm1 end: 1409862186863.6
CPU8 exe start: 1409862186863.643
CPU7 exe start: 1409862186863.654
CPU9 comm1 end: 1409862186863.691
CPU9 exe start: 1409862186863.705
CPU2 exe end: 1409862186865.927
CPU2 comm2 start: 1409862186865.945
CPU6 exe end: 1409862186865.958
CPU6 comm2 start: 1409862186865.968
CPU0 exe end: 1409862186866.058
CPU0 comm2 start: 1409862186866.071
CPU2 comm2 end: 1409862186866.093
CPU6 comm2 end: 1409862186866.14
CPU0 comm2 end: 1409862186866.164
CPU9 exe end: 1409862186866.177
CPU9 comm2 start: 1409862186866.19
CPU9 comm2 end: 1409862186866.239
CPU1 exe end: 1409862186868.136
CPU1 comm2 start: 1409862186868.154
CPU3 exe end: 1409862186868.15
CPU3 comm2 start: 1409862186868.182
CPU4 exe end: 1409862186868.278
CPU4 comm2 start: 1409862186868.293
CPU1 comm2 end: 1409862186868.286
CPU5 exe end: 1409862186868.278
CPU5 comm2 start: 1409862186868.333
CPU3 comm2 end: 1409862186868.341
CPU8 exe end: 1409862186868.353
CPU8 comm2 start: 1409862186868.369
CPU4 comm2 end: 1409862186868.369
CPU5 comm2 end: 1409862186868.394
CPU8 comm2 end: 1409862186868.433
CPU7 exe end: 1409862186868.532
CPU7 comm2 start: 1409862186868.547
CPU7 comm2 end: 1409862186868.664
CPU0 comm1 start: 1409862186868.736
CPU1 comm1 start: 1409862186868.775
CPU2 comm1 start: 1409862186868.797
CPU3 comm1 start: 1409862186868.826
CPU1 comm1 end: 1409862186868.835
CPU1 exe start: 1409862186868.856
CPU4 comm1 start: 1409862186868.873
CPU0 comm1 end: 1409862186868.836
CPU5 comm1 start: 1409862186868.912
CPU3 comm1 end: 1409862186868.943
CPU4 comm1 end: 1409862186868.956
CPU0 exe start: 1409862186868.933
CPU4 exe start: 1409862186868.984
CPU3 exe start: 1409862186868.968
CPU2 comm1 end: 1409862186868.913
CPU2 exe start: 1409862186869.037
CPU6 comm1 start: 1409862186869.036
CPU5 comm1 end: 1409862186869.061
CPU5 exe start: 1409862186869.084
CPU7 comm1 start: 1409862186869.084
CPU8 comm1 start: 1409862186869.155
CPU6 comm1 end: 1409862186869.162
CPU6 exe start: 1409862186869.176
CPU9 comm1 start: 1409862186869.176
CPU7 comm1 end: 1409862186869.209
CPU7 exe start: 1409862186869.225
CPU8 comm1 end: 1409862186869.211
CPU8 exe start: 1409862186869.26
CPU9 comm1 end: 1409862186869.283
CPU9 exe start: 1409862186869.296
CPU2 exe end: 1409862186872.758
CPU0 exe end: 1409862186872.779
CPU2 comm2 start: 1409862186872.784
CPU0 comm2 start: 1409862186872.805
CPU6 exe end: 1409862186872.876
CPU6 comm2 start: 1409862186872.887
CPU0 comm2 end: 1409862186872.943
CPU9 exe end: 1409862186873.002
CPU9 comm2 start: 1409862186873.02
CPU2 comm2 end: 1409862186873.041
CPU6 comm2 end: 1409862186873.069
CPU9 comm2 end: 1409862186873.091
CPU1 exe end: 1409862186876.139
CPU3 exe end: 1409862186876.15
CPU3 comm2 start: 1409862186876.172
CPU1 comm2 start: 1409862186876.16
CPU4 exe end: 1409862186876.249
CPU4 comm2 start: 1409862186876.263
CPU3 comm2 end: 1409862186876.315
CPU5 exe end: 1409862186876.36
CPU1 comm2 end: 1409862186876.363
CPU5 comm2 start: 1409862186876.384
CPU8 exe end: 1409862186876.422
CPU8 comm2 start: 1409862186876.442
CPU4 comm2 end: 1409862186876.425
CPU7 exe end: 1409862186876.471
CPU7 comm2 start: 1409862186876.485
CPU5 comm2 end: 1409862186876.489
CPU8 comm2 end: 1409862186876.515
CPU7 comm2 end: 1409862186876.537
CPU0 comm1 start: 1409862186876.568
CPU1 comm1 start: 1409862186876.601
CPU2 comm1 start: 1409862186876.64
CPU3 comm1 start: 1409862186876.663
CPU1 comm1 end: 1409862186876.689
CPU1 exe start: 1409862186876.711
CPU0 comm1 end: 1409862186876.69
CPU4 comm1 start: 1409862186876.712
CPU0 exe start: 1409862186876.775
CPU2 comm1 end: 1409862186876.754
CPU3 comm1 end: 1409862186876.788
CPU5 comm1 start: 1409862186876.812
CPU2 exe start: 1409862186876.806
CPU3 exe start: 1409862186876.819
CPU6 comm1 start: 1409862186876.851
CPU4 comm1 end: 1409862186876.847
CPU5 comm1 end: 1409862186876.88
CPU5 exe start: 1409862186876.905
CPU4 exe start: 1409862186876.894
CPU7 comm1 start: 1409862186876.894
CPU6 comm1 end: 1409862186876.967
CPU6 exe start: 1409862186876.996
CPU8 comm1 start: 1409862186877.006
CPU9 comm1 start: 1409862186877.037
CPU7 comm1 end: 1409862186877.084
CPU7 exe start: 1409862186877.102
CPU8 comm1 end: 1409862186877.09
CPU8 exe start: 1409862186877.122
CPU9 comm1 end: 1409862186877.141
CPU9 exe start: 1409862186877.155
CPU0 exe end: 1409862186882.432
CPU0 comm2 start: 1409862186882.472
CPU6 exe end: 1409862186882.621
CPU6 comm2 start: 1409862186882.632
CPU2 exe end: 1409862186882.656
CPU0 comm2 end: 1409862186882.645
CPU2 comm2 start: 1409862186882.67
CPU9 exe end: 1409862186882.72
CPU6 comm2 end: 1409862186882.724
CPU9 comm2 start: 1409862186882.742
CPU2 comm2 end: 1409862186882.776
CPU9 comm2 end: 1409862186882.799
CPU1 exe end: 1409862186887.669
CPU1 comm2 start: 1409862186887.697
CPU5 exe end: 1409862186887.832
CPU5 comm2 start: 1409862186887.85
CPU4 exe end: 1409862186887.899
CPU3 exe end: 1409862186887.905
CPU1 comm2 end: 1409862186887.902
CPU4 comm2 start: 1409862186887.914
CPU3 comm2 start: 1409862186887.927
CPU5 comm2 end: 1409862186887.996
CPU7 exe end: 1409862186888.01
CPU7 comm2 start: 1409862186888.025
CPU4 comm2 end: 1409862186888.03
CPU3 comm2 end: 1409862186888.055
CPU7 comm2 end: 1409862186888.077
CPU8 exe end: 1409862186888.088
CPU8 comm2 start: 1409862186888.104
CPU8 comm2 end: 1409862186888.139
CPU0 comm1 start: 1409862186888.183
CPU0 comm1 end: 1409862186888.303
CPU0 exe start: 1409862186888.324
CPU1 comm1 start: 1409862186888.225
CPU2 comm1 start: 1409862186888.451
CPU1 comm1 end: 1409862186888.481
CPU1 exe start: 1409862186888.517
CPU3 comm1 start: 1409862186888.483
CPU4 comm1 start: 1409862186888.544
CPU2 comm1 end: 1409862186888.553
CPU2 exe start: 1409862186888.567
CPU5 comm1 start: 1409862186888.578
CPU6 comm1 start: 1409862186888.607
CPU4 comm1 end: 1409862186888.616
CPU3 comm1 end: 1409862186888.616
CPU7 comm1 start: 1409862186888.628
CPU5 comm1 end: 1409862186888.637
CPU5 exe start: 1409862186888.648
CPU3 exe start: 1409862186888.633
CPU4 exe start: 1409862186888.692
CPU8 comm1 start: 1409862186888.696
CPU6 comm1 end: 1409862186888.732
CPU6 exe start: 1409862186888.753
CPU9 comm1 start: 1409862186888.735
CPU8 comm1 end: 1409862186888.773
CPU8 exe start: 1409862186888.799
CPU7 comm1 end: 1409862186888.753
CPU7 exe start: 1409862186888.846
CPU9 comm1 end: 1409862186888.886
CPU9 exe start: 1409862186888.902
CPU0 exe end: 1409862186896.782
CPU0 comm2 start: 1409862186896.832
CPU0 comm2 end: 1409862186897.058
CPU2 exe end: 1409862186897.193
CPU6 exe end: 1409862186897.192
CPU2 comm2 start: 1409862186897.212
CPU6 comm2 start: 1409862186897.219
CPU9 exe end: 1409862186897.285
CPU9 comm2 start: 1409862186897.301
CPU2 comm2 end: 1409862186897.347
CPU6 comm2 end: 1409862186897.386
CPU9 comm2 end: 1409862186897.41
CPU1 exe end: 1409862186904.943
CPU1 comm2 start: 1409862186904.995
CPU5 exe end: 1409862186905.08
CPU5 comm2 start: 1409862186905.1
CPU4 exe end: 1409862186905.179
CPU4 comm2 start: 1409862186905.195
CPU1 comm2 end: 1409862186905.204
CPU7 exe end: 1409862186905.26
CPU7 comm2 start: 1409862186905.294
CPU5 comm2 end: 1409862186905.306
CPU3 exe end: 1409862186905.366
CPU4 comm2 end: 1409862186905.369
CPU3 comm2 start: 1409862186905.392
CPU7 comm2 end: 1409862186905.402
CPU8 exe end: 1409862186905.402
CPU3 comm2 end: 1409862186905.431
CPU8 comm2 start: 1409862186905.434
CPU8 comm2 end: 1409862186905.663
CPU0 comm1 start: 1409862186905.706
CPU1 comm1 start: 1409862186905.75
CPU2 comm1 start: 1409862186905.807
CPU3 comm1 start: 1409862186905.83
CPU1 comm1 end: 1409862186905.856
CPU1 exe start: 1409862186905.869
CPU4 comm1 start: 1409862186905.894
CPU0 comm1 end: 1409862186905.866
CPU5 comm1 start: 1409862186905.922
CPU2 comm1 end: 1409862186905.953
CPU4 comm1 end: 1409862186905.969
CPU2 exe start: 1409862186905.978
CPU4 exe start: 1409862186905.984
CPU6 comm1 start: 1409862186905.983
CPU5 comm1 end: 1409862186906.014
CPU5 exe start: 1409862186906.025
CPU0 exe start: 1409862186905.943
CPU3 comm1 end: 1409862186905.96
CPU6 comm1 end: 1409862186906.145
CPU3 exe start: 1409862186906.154
CPU7 comm1 start: 1409862186906.035
CPU6 exe start: 1409862186906.198
CPU8 comm1 start: 1409862186906.295
CPU9 comm1 start: 1409862186906.339
CPU7 comm1 end: 1409862186906.354
CPU7 exe start: 1409862186906.369
CPU8 comm1 end: 1409862186906.376
CPU8 exe start: 1409862186906.39
CPU9 comm1 end: 1409862186906.458
CPU9 exe start: 1409862186906.478
CPU2 exe end: 1409862186918.686
CPU2 comm2 start: 1409862186918.728
CPU2 comm2 end: 1409862186918.944
CPU6 exe end: 1409862186919
CPU6 comm2 start: 1409862186919.017
CPU6 comm2 end: 1409862186919.077
CPU9 exe end: 1409862186919.085
CPU9 comm2 start: 1409862186919.101
CPU9 comm2 end: 1409862186919.172
CPU0 exe end: 1409862186919.183
CPU0 comm2 start: 1409862186919.2
CPU0 comm2 end: 1409862186919.253
CPU5 exe end: 1409862186926.243
CPU5 comm2 start: 1409862186926.287
CPU7 exe end: 1409862186926.408
CPU7 comm2 start: 1409862186926.424
CPU5 comm2 end: 1409862186926.492
CPU7 comm2 end: 1409862186926.586
CPU3 exe end: 1409862186928.078
CPU3 comm2 start: 1409862186928.096
CPU3 comm2 end: 1409862186928.225
CPU8 exe end: 1409862186928.3
CPU8 comm2 start: 1409862186928.317
CPU8 comm2 end: 1409862186928.432
CPU1 exe end: 1409862186930.881
CPU1 comm2 start: 1409862186930.902
CPU4 exe end: 1409862186930.996
CPU4 comm2 start: 1409862186931.012
CPU1 comm2 end: 1409862186931.047
CPU4 comm2 end: 1409862186931.1
CPU0 comm1 start: 1409862186931.138
CPU1 comm1 start: 1409862186931.182
CPU2 comm1 start: 1409862186931.229
CPU3 comm1 start: 1409862186931.25
CPU1 comm1 end: 1409862186931.279
CPU1 exe start: 1409862186931.292
CPU4 comm1 start: 1409862186931.293
CPU0 comm1 end: 1409862186931.29
CPU5 comm1 start: 1409862186931.339
CPU2 comm1 end: 1409862186931.344
CPU2 exe start: 1409862186931.361
CPU0 exe start: 1409862186931.366
CPU6 comm1 start: 1409862186931.385
CPU4 comm1 end: 1409862186931.384
CPU4 exe start: 1409862186931.406
CPU7 comm1 start: 1409862186931.483
CPU3 comm1 end: 1409862186931.367
CPU8 comm1 start: 1409862186931.511
CPU5 comm1 end: 1409862186931.503
CPU3 exe start: 1409862186931.522
CPU6 comm1 end: 1409862186931.523
CPU9 comm1 start: 1409862186931.54
CPU6 exe start: 1409862186931.566
CPU8 comm1 end: 1409862186931.583
CPU7 comm1 end: 1409862186931.548
CPU8 exe start: 1409862186931.598
CPU5 exe start: 1409862186931.538
CPU7 exe start: 1409862186931.607
CPU9 comm1 end: 1409862186931.778
CPU9 exe start: 1409862186931.795
GPU memcp end: 1409862186942.352
GPU memcp start: 1409862186942.447
GPU memcp end: 1409862186942.986
GPU comm1 end: 1409862186943.186
GPU exe start: 1409862186943.277
CPU3 exe end: 1409862186944.523
CPU3 comm2 start: 1409862186944.561
CPU3 comm2 end: 1409862186944.718
CPU0 exe end: 1409862186944.737
CPU0 comm2 start: 1409862186944.787
CPU9 exe end: 1409862186944.81
CPU9 comm2 start: 1409862186944.823
CPU0 comm2 end: 1409862186944.865
CPU9 comm2 end: 1409862186944.905
CPU5 exe end: 1409862186944.933
CPU5 comm2 start: 1409862186944.949
CPU5 comm2 end: 1409862186945.059
GPU exe end: 1409862186948.379
GPU memcp start: 1409862186948.413
GPU memcp end: 1409862186948.575
GPU comm2 start: 1409862186948.587
GPU comm2 end: 1409862186949.098
GPU schdl start: 1409862186949.124
GPU comm1 start: 1409862186949.23
GPU schdl end: 1409862186949.252
GPU comm1 end: 1409862186949.382
GPU exe start: 1409862186949.413
GPU exe end: 1409862186951.683
GPU memcp start: 1409862186951.701
GPU memcp end: 1409862186951.813
GPU comm2 start: 1409862186951.823
GPU comm2 end: 1409862186951.926
GPU schdl start: 1409862186951.963
CPU2 exe end: 1409862186956.605
CPU2 comm2 start: 1409862186956.656
CPU1 exe end: 1409862186956.76
CPU1 comm2 start: 1409862186956.779
CPU2 comm2 end: 1409862186956.812
CPU4 exe end: 1409862186956.828
CPU4 comm2 start: 1409862186956.857
CPU1 comm2 end: 1409862186956.868
CPU8 exe end: 1409862186956.874
CPU8 comm2 start: 1409862186956.909
CPU4 comm2 end: 1409862186956.918
CPU8 comm2 end: 1409862186956.944
CPU6 exe end: 1409862186957.703
CPU6 comm2 start: 1409862186957.736
CPU7 exe end: 1409862186957.755
CPU7 comm2 start: 1409862186957.77
CPU6 comm2 end: 1409862186957.874
CPU7 comm2 end: 1409862186957.924
GPU comm0 start: 1409862186958.176
GPU comm1 start: 1409862186958.221
GPU schdl end: 1409862186958.236
CPU0 comm0 start: 1409862186958.254
CPU1 comm0 start: 1409862186958.291
GPU comm0 end: 1409862186958.322
CPU2 comm0 start: 1409862186958.354
CPU3 comm0 start: 1409862186958.383
CPU4 comm0 start: 1409862186958.445
CPU0 comm0 end: 1409862186958.466
CPU1 comm0 end: 1409862186958.54
CPU3 comm0 end: 1409862186958.561
CPU5 comm0 start: 1409862186958.564
CPU2 comm0 end: 1409862186958.594
CPU6 comm0 start: 1409862186958.636
CPU4 comm0 end: 1409862186958.654
CPU7 comm0 start: 1409862186958.671
CPU8 comm0 start: 1409862186958.724
CPU5 comm0 end: 1409862186958.746
CPU9 comm0 start: 1409862186958.772
GPU memcp start: 1409862186958.786
CPU6 comm0 end: 1409862186958.809
CPU7 comm0 end: 1409862186958.809
CPU0 comm1 start: 1409862186958.842
GPU memcp end: 1409862186958.856
CPU1 comm1 start: 1409862186958.888
GPU memcp start: 1409862186958.901
CPU8 comm0 end: 1409862186958.909
CPU2 comm1 start: 1409862186958.933
CPU3 comm1 start: 1409862186958.954
CPU9 comm0 end: 1409862186958.964
CPU4 comm1 start: 1409862186958.979
CPU2 comm1 end: 1409862186958.988
CPU2 exe start: 1409862186959.007
CPU1 comm1 end: 1409862186958.957
CPU1 exe start: 1409862186959.047
CPU5 comm1 start: 1409862186959.051
CPU3 comm1 end: 1409862186959.069
CPU6 comm1 start: 1409862186959.08
CPU4 comm1 end: 1409862186959.109
CPU4 exe start: 1409862186959.124
CPU0 comm1 end: 1409862186958.969
CPU7 comm1 start: 1409862186959.147
CPU5 comm1 end: 1409862186959.17
CPU5 exe start: 1409862186959.187
CPU6 comm1 end: 1409862186959.205
CPU6 exe start: 1409862186959.22
CPU3 exe start: 1409862186959.086
CPU8 comm1 start: 1409862186959.265
CPU0 exe start: 1409862186959.258
CPU9 comm1 start: 1409862186959.288
CPU7 comm1 end: 1409862186959.296
CPU7 exe start: 1409862186959.313
CPU8 comm1 end: 1409862186959.326
CPU8 exe start: 1409862186959.342
CPU9 comm1 end: 1409862186959.408
CPU9 exe start: 1409862186959.425
CPU5 exe end: 1409862186960.466
CPU3 exe end: 1409862186960.466
CPU5 comm2 start: 1409862186960.486
CPU3 comm2 start: 1409862186960.5
CPU0 exe end: 1409862186960.575
CPU0 comm2 start: 1409862186960.59
CPU9 exe end: 1409862186960.596
CPU9 comm2 start: 1409862186960.61
CPU5 comm2 end: 1409862186960.613
CPU3 comm2 end: 1409862186960.652
CPU4 exe end: 1409862186960.665
CPU1 exe end: 1409862186960.665
CPU4 comm2 start: 1409862186960.699
CPU1 comm2 start: 1409862186960.707
CPU0 comm2 end: 1409862186960.682
CPU2 exe end: 1409862186960.718
CPU2 comm2 start: 1409862186960.744
CPU9 comm2 end: 1409862186960.758
CPU4 comm2 end: 1409862186960.793
CPU1 comm2 end: 1409862186960.826
CPU6 exe end: 1409862186960.846
CPU6 comm2 start: 1409862186960.87
CPU2 comm2 end: 1409862186960.848
CPU7 exe end: 1409862186960.889
CPU8 exe end: 1409862186960.889
CPU8 comm2 start: 1409862186960.904
CPU7 comm2 start: 1409862186960.921
CPU8 comm2 end: 1409862186960.98
CPU6 comm2 end: 1409862186961.019
CPU7 comm2 end: 1409862186961.044
CPU0 comm1 start: 1409862186961.074
CPU1 comm1 start: 1409862186961.105
CPU2 comm1 start: 1409862186961.179
CPU3 comm1 start: 1409862186961.2
CPU1 comm1 end: 1409862186961.209
CPU1 exe start: 1409862186961.223
CPU0 comm1 end: 1409862186961.223
CPU0 exe start: 1409862186961.242
CPU4 comm1 start: 1409862186961.266
CPU2 comm1 end: 1409862186961.311
CPU5 comm1 start: 1409862186961.321
CPU3 comm1 end: 1409862186961.355
CPU6 comm1 start: 1409862186961.371
CPU5 comm1 end: 1409862186961.445
CPU5 exe start: 1409862186961.461
CPU7 comm1 start: 1409862186961.468
CPU6 comm1 end: 1409862186961.533
CPU6 exe start: 1409862186961.548
CPU4 comm1 end: 1409862186961.362
CPU3 exe start: 1409862186961.375
CPU2 exe start: 1409862186961.339
CPU8 comm1 start: 1409862186961.574
CPU7 comm1 end: 1409862186961.609
CPU4 exe start: 1409862186961.579
CPU7 exe start: 1409862186961.629
CPU9 comm1 start: 1409862186961.631
CPU8 comm1 end: 1409862186961.669
CPU8 exe start: 1409862186961.689
CPU9 comm1 end: 1409862186961.745
CPU9 exe start: 1409862186961.762
CPU0 exe end: 1409862186962.031
CPU0 comm2 start: 1409862186962.042
CPU0 comm2 end: 1409862186962.171
CPU1 exe end: 1409862186962.273
CPU1 comm2 start: 1409862186962.291
CPU1 comm2 end: 1409862186962.409
CPU9 exe end: 1409862186962.865
CPU9 comm2 start: 1409862186962.874
CPU2 exe end: 1409862186962.906
CPU2 comm2 start: 1409862186962.922
CPU9 comm2 end: 1409862186962.962
CPU2 comm2 end: 1409862186963
CPU5 exe end: 1409862186963.029
CPU5 comm2 start: 1409862186963.038
CPU5 comm2 end: 1409862186963.101
CPU3 exe end: 1409862186963.189
CPU3 comm2 start: 1409862186963.205
CPU3 comm2 end: 1409862186963.29
CPU4 exe end: 1409862186963.398
CPU4 comm2 start: 1409862186963.411
CPU4 comm2 end: 1409862186963.492
CPU8 exe end: 1409862186963.526
CPU8 comm2 start: 1409862186963.539
CPU8 comm2 end: 1409862186963.592
CPU6 exe end: 1409862186963.872
CPU6 comm2 start: 1409862186963.886
CPU6 comm2 end: 1409862186963.975
CPU7 exe end: 1409862186964.242
CPU7 comm2 start: 1409862186964.254
CPU7 comm2 end: 1409862186964.337
CPU0 comm1 start: 1409862186964.369
CPU1 comm1 start: 1409862186964.404
CPU2 comm1 start: 1409862186964.465
CPU3 comm1 start: 1409862186964.501
CPU0 comm1 end: 1409862186964.518
CPU1 comm1 end: 1409862186964.531
CPU1 exe start: 1409862186964.555
CPU4 comm1 start: 1409862186964.555
CPU3 comm1 end: 1409862186964.622
CPU3 exe start: 1409862186964.639
CPU2 comm1 end: 1409862186964.608
CPU5 comm1 start: 1409862186964.657
CPU0 exe start: 1409862186964.537
CPU2 exe start: 1409862186964.664
CPU6 comm1 start: 1409862186964.693
CPU4 comm1 end: 1409862186964.71
CPU4 exe start: 1409862186964.724
CPU7 comm1 start: 1409862186964.732
CPU5 comm1 end: 1409862186964.768
CPU5 exe start: 1409862186964.782
CPU8 comm1 start: 1409862186964.822
CPU9 comm1 start: 1409862186964.842
CPU6 comm1 end: 1409862186964.866
CPU7 comm1 end: 1409862186964.866
CPU8 comm1 end: 1409862186964.887
CPU7 exe start: 1409862186964.917
CPU6 exe start: 1409862186964.89
CPU8 exe start: 1409862186964.926
CPU9 comm1 end: 1409862186964.963
CPU9 exe start: 1409862186965.002
CPU3 exe end: 1409862186966.094
CPU3 comm2 start: 1409862186966.107
CPU3 comm2 end: 1409862186966.202
CPU5 exe end: 1409862186966.313
CPU5 comm2 start: 1409862186966.326
CPU9 exe end: 1409862186966.347
CPU9 comm2 start: 1409862186966.356
CPU5 comm2 end: 1409862186966.415
CPU9 comm2 end: 1409862186966.459
CPU1 exe end: 1409862186966.931
CPU4 exe end: 1409862186966.931
CPU1 comm2 start: 1409862186966.948
CPU0 exe end: 1409862186966.932
CPU0 comm2 start: 1409862186967.045
CPU2 exe end: 1409862186966.932
CPU2 comm2 start: 1409862186967.087
CPU4 comm2 start: 1409862186967.092
CPU1 comm2 end: 1409862186967.095
CPU0 comm2 end: 1409862186967.134
CPU2 comm2 end: 1409862186967.166
CPU4 comm2 end: 1409862186967.192
CPU7 exe end: 1409862186967.43
CPU8 exe end: 1409862186967.43
CPU6 exe end: 1409862186967.43
CPU8 comm2 start: 1409862186967.447
CPU7 comm2 start: 1409862186967.456
CPU6 comm2 start: 1409862186967.461
CPU8 comm2 end: 1409862186967.535
CPU7 comm2 end: 1409862186967.572
CPU6 comm2 end: 1409862186967.601
CPU0 comm1 start: 1409862186967.62
CPU1 comm1 start: 1409862186967.651
CPU2 comm1 start: 1409862186967.711
CPU3 comm1 start: 1409862186967.741
CPU0 comm1 end: 1409862186967.755
CPU0 exe start: 1409862186967.775
CPU4 comm1 start: 1409862186967.811
CPU1 comm1 end: 1409862186967.778
CPU1 exe start: 1409862186967.836
CPU2 comm1 end: 1409862186967.856
CPU5 comm1 start: 1409862186967.855
CPU3 comm1 end: 1409862186967.883
CPU3 exe start: 1409862186967.9
CPU6 comm1 start: 1409862186967.913
CPU4 comm1 end: 1409862186967.898
CPU7 comm1 start: 1409862186967.996
CPU5 comm1 end: 1409862186968.03
CPU5 exe start: 1409862186968.046
CPU6 comm1 end: 1409862186968.061
CPU6 exe start: 1409862186968.074
CPU2 exe start: 1409862186967.88
CPU4 exe start: 1409862186968.114
CPU8 comm1 start: 1409862186968.122
CPU7 comm1 end: 1409862186968.166
CPU7 exe start: 1409862186968.187
CPU9 comm1 start: 1409862186968.189
CPU8 comm1 end: 1409862186968.236
CPU8 exe start: 1409862186968.261
CPU9 comm1 end: 1409862186968.314
CPU9 exe start: 1409862186968.33
CPU3 exe end: 1409862186970.267
CPU3 comm2 start: 1409862186970.286
CPU0 exe end: 1409862186970.316
CPU0 comm2 start: 1409862186970.331
CPU3 comm2 end: 1409862186970.391
CPU0 comm2 end: 1409862186970.435
CPU9 exe end: 1409862186970.967
CPU9 comm2 start: 1409862186970.978
CPU9 comm2 end: 1409862186971.07
CPU5 exe end: 1409862186971.216
CPU5 comm2 start: 1409862186971.23
CPU5 comm2 end: 1409862186971.315
CPU1 exe end: 1409862186971.603
CPU1 comm2 start: 1409862186971.619
CPU1 comm2 end: 1409862186971.715
CPU2 exe end: 1409862186971.846
CPU2 comm2 start: 1409862186971.864
CPU2 comm2 end: 1409862186971.962
CPU8 exe end: 1409862186972.283
CPU8 comm2 start: 1409862186972.298
CPU4 exe end: 1409862186972.304
CPU4 comm2 start: 1409862186972.317
CPU8 comm2 end: 1409862186972.386
CPU4 comm2 end: 1409862186972.429
CPU7 exe end: 1409862186972.697
CPU7 comm2 start: 1409862186972.711
CPU7 comm2 end: 1409862186972.796
CPU6 exe end: 1409862186972.804
CPU6 comm2 start: 1409862186972.849
CPU6 comm2 end: 1409862186972.929
CPU0 comm1 start: 1409862186972.964
CPU1 comm1 start: 1409862186973.031
CPU2 comm1 start: 1409862186973.105
CPU0 comm1 end: 1409862186973.145
CPU0 exe start: 1409862186973.162
CPU3 comm1 start: 1409862186973.175
CPU1 comm1 end: 1409862186973.197
CPU1 exe start: 1409862186973.21
CPU4 comm1 start: 1409862186973.245
CPU2 comm1 end: 1409862186973.273
CPU2 exe start: 1409862186973.29
CPU5 comm1 start: 1409862186973.301
CPU3 comm1 end: 1409862186973.319
CPU4 comm1 end: 1409862186973.332
CPU4 exe start: 1409862186973.346
CPU3 exe start: 1409862186973.385
CPU6 comm1 start: 1409862186973.323
CPU5 comm1 end: 1409862186973.422
CPU7 comm1 start: 1409862186973.423
CPU6 comm1 end: 1409862186973.446
CPU8 comm1 start: 1409862186973.456
CPU6 exe start: 1409862186973.463
CPU5 exe start: 1409862186973.451
CPU7 comm1 end: 1409862186973.487
CPU9 comm1 start: 1409862186973.477
CPU7 exe start: 1409862186973.503
CPU8 comm1 end: 1409862186973.52
CPU8 exe start: 1409862186973.542
CPU9 comm1 end: 1409862186973.63
CPU9 exe start: 1409862186973.647
CPU3 exe end: 1409862186976.842
CPU3 comm2 start: 1409862186976.859
CPU3 comm2 end: 1409862186976.938
CPU0 exe end: 1409862186977.016
CPU0 comm2 start: 1409862186977.039
CPU9 exe end: 1409862186977.022
CPU9 comm2 start: 1409862186977.055
CPU0 comm2 end: 1409862186977.143
CPU9 comm2 end: 1409862186977.189
CPU5 exe end: 1409862186977.581
CPU5 comm2 start: 1409862186977.595
CPU5 comm2 end: 1409862186977.695
CPU7 exe end: 1409862186978.858
CPU7 comm2 start: 1409862186978.871
CPU2 exe end: 1409862186978.873
CPU2 comm2 start: 1409862186978.888
CPU6 exe end: 1409862186978.929
CPU6 comm2 start: 1409862186978.94
CPU7 comm2 end: 1409862186978.964
CPU2 comm2 end: 1409862186979.011
CPU6 comm2 end: 1409862186979.037
CPU1 exe end: 1409862186979.529
CPU4 exe end: 1409862186979.529
CPU4 comm2 start: 1409862186979.547
CPU8 exe end: 1409862186979.56
CPU8 comm2 start: 1409862186979.577
CPU1 comm2 start: 1409862186979.566
CPU4 comm2 end: 1409862186979.637
CPU8 comm2 end: 1409862186979.683
CPU1 comm2 end: 1409862186979.714
CPU0 comm1 start: 1409862186979.738
CPU1 comm1 start: 1409862186979.771
CPU2 comm1 start: 1409862186979.829
CPU3 comm1 start: 1409862186979.848
CPU0 comm1 end: 1409862186979.873
CPU0 exe start: 1409862186979.9
CPU4 comm1 start: 1409862186979.922
CPU1 comm1 end: 1409862186979.881
CPU5 comm1 start: 1409862186979.977
CPU2 comm1 end: 1409862186979.967
CPU2 exe start: 1409862186980.012
CPU1 exe start: 1409862186979.992
CPU6 comm1 start: 1409862186979.999
CPU3 comm1 end: 1409862186979.996
CPU4 comm1 end: 1409862186980.015
CPU5 comm1 end: 1409862186980.083
CPU5 exe start: 1409862186980.106
CPU4 exe start: 1409862186980.114
CPU3 exe start: 1409862186980.145
CPU7 comm1 start: 1409862186980.18
CPU6 comm1 end: 1409862186980.2
CPU6 exe start: 1409862186980.211
CPU8 comm1 start: 1409862186980.217
CPU9 comm1 start: 1409862186980.244
CPU7 comm1 end: 1409862186980.251
CPU7 exe start: 1409862186980.268
CPU8 comm1 end: 1409862186980.288
CPU8 exe start: 1409862186980.312
CPU9 comm1 end: 1409862186980.337
CPU9 exe start: 1409862186980.351
CPU0 exe end: 1409862186984.912
CPU0 comm2 start: 1409862186984.93
CPU3 exe end: 1409862186985.044
CPU3 comm2 start: 1409862186985.057
CPU0 comm2 end: 1409862186985.068
CPU3 comm2 end: 1409862186985.134
CPU5 exe end: 1409862186985.57
CPU5 comm2 start: 1409862186985.584
CPU5 comm2 end: 1409862186985.671
CPU9 exe end: 1409862186985.946
CPU9 comm2 start: 1409862186985.962
CPU9 comm2 end: 1409862186986.057
CPU6 exe end: 1409862186988.342
CPU6 comm2 start: 1409862186988.358
CPU6 comm2 end: 1409862186988.48
CPU8 exe end: 1409862186988.605
CPU8 comm2 start: 1409862186988.619
CPU8 comm2 end: 1409862186988.71
CPU2 exe end: 1409862186989.018
CPU2 comm2 start: 1409862186989.034
CPU1 exe end: 1409862186989.11
CPU1 comm2 start: 1409862186989.122
CPU2 comm2 end: 1409862186989.123
CPU7 exe end: 1409862186989.156
CPU1 comm2 end: 1409862186989.163
CPU7 comm2 start: 1409862186989.169
CPU7 comm2 end: 1409862186989.242
CPU4 exe end: 1409862186989.364
CPU4 comm2 start: 1409862186989.38
CPU4 comm2 end: 1409862186989.464
CPU0 comm1 start: 1409862186989.525
CPU1 comm1 start: 1409862186989.571
CPU2 comm1 start: 1409862186989.629
CPU3 comm1 start: 1409862186989.65
CPU1 comm1 end: 1409862186989.655
CPU0 comm1 end: 1409862186989.661
CPU0 exe start: 1409862186989.684
CPU1 exe start: 1409862186989.667
CPU4 comm1 start: 1409862186989.705
CPU2 comm1 end: 1409862186989.749
CPU5 comm1 start: 1409862186989.753
CPU2 exe start: 1409862186989.8
CPU4 comm1 end: 1409862186989.843
CPU3 comm1 end: 1409862186989.759
CPU4 exe start: 1409862186989.863
CPU6 comm1 start: 1409862186989.868
CPU7 comm1 start: 1409862186989.904
CPU8 comm1 start: 1409862186989.925
CPU5 comm1 end: 1409862186989.937
CPU5 exe start: 1409862186989.952
CPU3 exe start: 1409862186989.974
CPU7 comm1 end: 1409862186989.992
CPU7 exe start: 1409862186990.043
CPU6 comm1 end: 1409862186990.063
CPU6 exe start: 1409862186990.081
CPU8 comm1 end: 1409862186989.996
CPU8 exe start: 1409862186993.01
CPU9 comm1 start: 1409862186989.955
CPU9 comm1 end: 1409862186993.199
CPU9 exe start: 1409862186993.214
CPU4 exe end: 1409862186996.249
CPU4 comm2 start: 1409862186996.267
CPU4 comm2 end: 1409862186996.402
CPU0 exe end: 1409862186996.993
CPU0 comm2 start: 1409862186997.008
CPU1 exe end: 1409862186997.047
CPU1 comm2 start: 1409862186997.06
CPU0 comm2 end: 1409862186997.104
CPU1 comm2 end: 1409862186997.145
CPU3 exe end: 1409862186997.711
CPU3 comm2 start: 1409862186997.723
CPU3 comm2 end: 1409862186997.819
CPU9 exe end: 1409862187000.382
CPU9 comm2 start: 1409862187000.397
CPU9 comm2 end: 1409862187000.511
CPU2 exe end: 1409862187000.804
CPU2 comm2 start: 1409862187000.822
CPU2 comm2 end: 1409862187000.917
CPU6 exe end: 1409862187001.808
CPU6 comm2 start: 1409862187001.822
CPU6 comm2 end: 1409862187001.909
CPU7 exe end: 1409862187002.141
CPU7 comm2 start: 1409862187002.163
CPU7 comm2 end: 1409862187002.258
CPU5 exe end: 1409862187002.491
CPU5 comm2 start: 1409862187002.506
CPU5 comm2 end: 1409862187002.59
CPU8 exe end: 1409862187003.12
CPU8 comm2 start: 1409862187003.134
CPU8 comm2 end: 1409862187003.219
CPU0 comm1 start: 1409862187003.262
CPU1 comm1 start: 1409862187003.3
CPU2 comm1 start: 1409862187003.359
CPU3 comm1 start: 1409862187003.394
CPU0 comm1 end: 1409862187003.405
CPU0 exe start: 1409862187003.425
CPU1 comm1 end: 1409862187003.429
CPU1 exe start: 1409862187003.445
CPU4 comm1 start: 1409862187003.457
CPU2 comm1 end: 1409862187003.498
CPU2 exe start: 1409862187003.519
CPU5 comm1 start: 1409862187003.529
CPU3 comm1 end: 1409862187003.558
CPU3 exe start: 1409862187003.578
CPU6 comm1 start: 1409862187003.618
CPU4 comm1 end: 1409862187003.651
CPU4 exe start: 1409862187003.666
CPU7 comm1 start: 1409862187003.684
CPU8 comm1 start: 1409862187003.707
CPU5 comm1 end: 1409862187003.705
CPU6 comm1 end: 1409862187003.725
CPU7 comm1 end: 1409862187003.747
CPU6 exe start: 1409862187003.755
CPU7 exe start: 1409862187003.776
CPU8 comm1 end: 1409862187003.779
CPU8 exe start: 1409862187003.796
CPU5 exe start: 1409862187003.798
CPU9 comm1 start: 1409862187003.741
CPU9 comm1 end: 1409862187003.952
CPU9 exe start: 1409862187003.967
CPU4 exe end: 1409862187014.201
CPU4 comm2 start: 1409862187014.222
CPU3 exe end: 1409862187014.315
CPU3 comm2 start: 1409862187014.33
CPU4 comm2 end: 1409862187014.39
CPU3 comm2 end: 1409862187014.472
CPU1 exe end: 1409862187014.677
CPU1 comm2 start: 1409862187014.689
CPU1 comm2 end: 1409862187014.812
CPU9 exe end: 1409862187014.972
CPU9 comm2 start: 1409862187014.986
CPU9 comm2 end: 1409862187015.148
CPU2 exe end: 1409862187021.03
CPU2 comm2 start: 1409862187021.052
CPU2 comm2 end: 1409862187021.241
CPU0 exe end: 1409862187021.408
CPU0 comm2 start: 1409862187021.425
CPU5 exe end: 1409862187021.439
CPU5 comm2 start: 1409862187021.47
CPU8 exe end: 1409862187021.513
CPU8 comm2 start: 1409862187021.527
CPU0 comm2 end: 1409862187021.546
CPU5 comm2 end: 1409862187021.589
CPU8 comm2 end: 1409862187021.616
CPU6 exe end: 1409862187021.699
CPU6 comm2 start: 1409862187021.713
CPU7 exe end: 1409862187021.797
CPU7 comm2 start: 1409862187021.81
CPU6 comm2 end: 1409862187021.86
CPU7 comm2 end: 1409862187021.902
CPU0 comm1 start: 1409862187021.938
CPU1 comm1 start: 1409862187021.984
CPU2 comm1 start: 1409862187022.037
CPU3 comm1 start: 1409862187022.058
CPU0 comm1 end: 1409862187022.083
CPU0 exe start: 1409862187022.108
CPU4 comm1 start: 1409862187022.121
CPU1 comm1 end: 1409862187022.088
CPU1 exe start: 1409862187022.147
CPU2 comm1 end: 1409862187022.166
CPU2 exe start: 1409862187022.185
CPU5 comm1 start: 1409862187022.192
CPU3 comm1 end: 1409862187022.226
CPU3 exe start: 1409862187022.246
CPU6 comm1 start: 1409862187022.271
CPU7 comm1 start: 1409862187022.301
CPU4 comm1 end: 1409862187022.319
CPU5 comm1 end: 1409862187022.331
CPU4 exe start: 1409862187022.347
CPU6 comm1 end: 1409862187022.349
CPU6 exe start: 1409862187022.4
CPU8 comm1 start: 1409862187022.323
CPU7 comm1 end: 1409862187022.367
CPU9 comm1 start: 1409862187022.541
CPU5 exe start: 1409862187022.355
CPU7 exe start: 1409862187022.57
CPU8 comm1 end: 1409862187022.605
CPU8 exe start: 1409862187022.625
CPU9 comm1 end: 1409862187022.686
CPU9 exe start: 1409862187022.702
CPU1 exe end: 1409862187037.655
CPU1 comm2 start: 1409862187037.674
CPU1 comm2 end: 1409862187037.845
CPU3 exe end: 1409862187038.721
CPU3 comm2 start: 1409862187038.736
CPU9 exe end: 1409862187038.854
CPU3 comm2 end: 1409862187038.858
CPU9 comm2 start: 1409862187038.869
CPU9 comm2 end: 1409862187038.944
CPU4 exe end: 1409862187038.982
CPU4 comm2 start: 1409862187038.997
CPU4 comm2 end: 1409862187039.156
CPU2 exe end: 1409862187047.882
CPU2 comm2 start: 1409862187047.902
CPU6 exe end: 1409862187048.126
CPU2 comm2 end: 1409862187048.136
CPU6 comm2 start: 1409862187048.166
CPU6 comm2 end: 1409862187048.29
CPU0 exe end: 1409862187048.574
CPU0 comm2 start: 1409862187048.589
CPU0 comm2 end: 1409862187048.704
CPU8 exe end: 1409862187048.906
CPU8 comm2 start: 1409862187048.921
CPU8 comm2 end: 1409862187049.042
CPU5 exe end: 1409862187049.34
CPU5 comm2 start: 1409862187049.356
CPU5 comm2 end: 1409862187049.476
CPU7 exe end: 1409862187050.937
CPU7 comm2 start: 1409862187050.951
CPU7 comm2 end: 1409862187051.072
CPU0 comm1 start: 1409862187051.119
CPU1 comm1 start: 1409862187051.181
CPU2 comm1 start: 1409862187051.238
CPU3 comm1 start: 1409862187051.267
CPU0 comm1 end: 1409862187051.288
CPU0 exe start: 1409862187051.308
CPU1 comm1 end: 1409862187051.307
CPU4 comm1 start: 1409862187051.336
CPU1 exe start: 1409862187051.358
CPU2 comm1 end: 1409862187051.381
CPU2 exe start: 1409862187051.41
CPU3 comm1 end: 1409862187051.441
CPU3 exe start: 1409862187051.461
CPU5 comm1 start: 1409862187051.41
CPU6 comm1 start: 1409862187051.515
CPU4 comm1 end: 1409862187051.536
CPU7 comm1 start: 1409862187051.537
CPU5 comm1 end: 1409862187051.546
CPU4 exe start: 1409862187051.566
CPU6 comm1 end: 1409862187051.576
CPU6 exe start: 1409862187051.607
CPU8 comm1 start: 1409862187051.584
CPU7 comm1 end: 1409862187051.612
CPU9 comm1 start: 1409862187051.74
CPU7 exe start: 1409862187051.767
CPU8 comm1 end: 1409862187051.777
CPU5 exe start: 1409862187051.565
CPU8 exe start: 1409862187051.808
CPU9 comm1 end: 1409862187051.918
CPU9 exe start: 1409862187051.939
GPU memcp end: 1409862187060.873
GPU memcp start: 1409862187060.962
GPU memcp end: 1409862187061.517
GPU comm1 end: 1409862187061.62
GPU exe start: 1409862187061.635
GPU exe end: 1409862187066.408
GPU memcp start: 1409862187066.438
GPU memcp end: 1409862187066.568
GPU comm2 start: 1409862187066.58
GPU comm2 end: 1409862187066.707
GPU schdl start: 1409862187066.754
GPU comm1 start: 1409862187067.13
GPU schdl end: 1409862187067.155
GPU comm1 end: 1409862187067.271
GPU exe start: 1409862187067.295
GPU exe end: 1409862187072.269
GPU memcp start: 1409862187072.29
GPU memcp end: 1409862187072.403
GPU comm2 start: 1409862187072.415
GPU comm2 end: 1409862187072.515
GPU schdl start: 1409862187072.592
GPU comm1 start: 1409862187072.617
GPU schdl end: 1409862187072.631
GPU comm1 end: 1409862187073.093
GPU exe start: 1409862187073.113
CPU9 exe end: 1409862187074.48
CPU9 comm2 start: 1409862187074.495
CPU4 exe end: 1409862187074.603
CPU4 comm2 start: 1409862187074.623
CPU9 comm2 end: 1409862187074.616
CPU4 comm2 end: 1409862187074.661
CPU3 exe end: 1409862187074.799
CPU3 comm2 start: 1409862187074.814
CPU1 exe end: 1409862187074.848
CPU1 comm2 start: 1409862187074.861
CPU3 comm2 end: 1409862187074.928
CPU1 comm2 end: 1409862187074.974
GPU exe end: 1409862187077.894
GPU memcp start: 1409862187077.916
GPU memcp end: 1409862187078.027
GPU comm2 start: 1409862187078.038
GPU comm2 end: 1409862187078.183
GPU schdl start: 1409862187078.22
GPU comm1 start: 1409862187078.254
GPU schdl end: 1409862187078.278
GPU comm1 end: 1409862187078.412
GPU exe start: 1409862187078.447
GPU exe end: 1409862187083.493
GPU memcp start: 1409862187083.529
GPU memcp end: 1409862187083.652
GPU comm2 start: 1409862187083.666
GPU comm2 end: 1409862187083.758
GPU schdl start: 1409862187083.795
GPU comm1 start: 1409862187083.819
GPU schdl end: 1409862187083.832
GPU comm1 end: 1409862187083.947
GPU exe start: 1409862187083.97
CPU2 exe end: 1409862187088.168
CPU2 comm2 start: 1409862187088.191
CPU2 comm2 end: 1409862187088.317
CPU5 exe end: 1409862187088.458
CPU5 comm2 start: 1409862187088.475
CPU5 comm2 end: 1409862187088.593
GPU exe end: 1409862187088.789
GPU memcp start: 1409862187088.805
GPU memcp end: 1409862187088.987
GPU comm2 start: 1409862187088.999
CPU7 exe end: 1409862187089.045
CPU7 comm2 start: 1409862187089.06
GPU comm2 end: 1409862187089.121
CPU8 exe end: 1409862187089.134
GPU schdl start: 1409862187089.16
CPU8 comm2 start: 1409862187089.179
GPU comm1 start: 1409862187089.269
GPU schdl end: 1409862187089.293
CPU0 exe end: 1409862187089.394
CPU0 comm2 start: 1409862187089.411
GPU comm1 end: 1409862187089.414
GPU exe start: 1409862187089.436
CPU6 exe end: 1409862187089.477
CPU6 comm2 start: 1409862187089.491
CPU7 comm2 end: 1409862187089.523
CPU8 comm2 end: 1409862187089.557
CPU0 comm2 end: 1409862187089.58
CPU6 comm2 end: 1409862187089.602
CPU0 comm1 start: 1409862187089.641
CPU1 comm1 start: 1409862187089.67
CPU2 comm1 start: 1409862187089.724
CPU3 comm1 start: 1409862187089.767
CPU0 comm1 end: 1409862187089.779
CPU0 exe start: 1409862187089.798
CPU1 comm1 end: 1409862187089.803
CPU1 exe start: 1409862187089.819
CPU2 comm1 end: 1409862187089.866
CPU4 comm1 start: 1409862187089.82
CPU2 exe start: 1409862187089.886
CPU5 comm1 start: 1409862187089.923
CPU3 comm1 end: 1409862187089.927
CPU6 comm1 start: 1409862187089.948
CPU3 exe start: 1409862187089.953
CPU4 comm1 end: 1409862187089.984
CPU7 comm1 start: 1409862187090
CPU4 exe start: 1409862187090.002
CPU8 comm1 start: 1409862187090.036
CPU5 comm1 end: 1409862187090.054
CPU6 comm1 end: 1409862187090.054
CPU6 exe start: 1409862187090.079
CPU9 comm1 start: 1409862187090.057
CPU7 comm1 end: 1409862187090.068
CPU7 exe start: 1409862187090.127
CPU5 exe start: 1409862187090.114
CPU8 comm1 end: 1409862187090.093
CPU8 exe start: 1409862187090.208
CPU9 comm1 end: 1409862187090.227
CPU9 exe start: 1409862187090.243
GPU exe end: 1409862187094.494
GPU memcp start: 1409862187094.512
GPU memcp end: 1409862187094.624
GPU comm2 start: 1409862187094.635
GPU comm2 end: 1409862187094.741
GPU schdl start: 1409862187094.77
GPU comm1 start: 1409862187094.811
GPU schdl end: 1409862187094.831
GPU comm1 end: 1409862187094.942
GPU exe start: 1409862187094.967
GPU exe end: 1409862187100.334
GPU memcp start: 1409862187100.352
GPU memcp end: 1409862187100.463
GPU comm2 start: 1409862187100.474
GPU comm2 end: 1409862187100.581
GPU schdl start: 1409862187100.622
GPU comm1 start: 1409862187100.657
GPU schdl end: 1409862187100.672
GPU comm1 end: 1409862187100.788
GPU exe start: 1409862187100.81
GPU exe end: 1409862187105.52
GPU memcp start: 1409862187105.54
GPU memcp end: 1409862187105.652
GPU comm2 start: 1409862187105.662
GPU comm2 end: 1409862187105.76
CPU9 exe end: 1409862187290.294
CPU9 comm2 start: 1409862187290.313
CPU9 comm2 end: 1409862187290.453
CPU1 exe end: 1409862187299.504
CPU1 comm2 start: 1409862187299.539
CPU1 comm2 end: 1409862187299.685
CPU3 exe end: 1409862187300.404
CPU3 comm2 start: 1409862187300.425
CPU3 comm2 end: 1409862187300.555
CPU0 exe end: 1409862187301.015
CPU0 comm2 start: 1409862187301.031
CPU0 comm2 end: 1409862187301.164
CPU4 exe end: 1409862187416.734
CPU4 comm2 start: 1409862187416.788
CPU4 comm2 end: 1409862187416.95
CPU7 exe end: 1409862187419.223
CPU7 comm2 start: 1409862187419.242
CPU7 comm2 end: 1409862187419.375
CPU8 exe end: 1409862187422.159
CPU2 exe end: 1409862187422.159
CPU8 comm2 start: 1409862187422.185
CPU2 comm2 start: 1409862187422.204
CPU8 comm2 end: 1409862187422.334
CPU2 comm2 end: 1409862187422.393
CPU6 exe end: 1409862187423.751
CPU6 comm2 start: 1409862187423.77
CPU6 comm2 end: 1409862187423.912
CPU5 exe end: 1409862187426.668
CPU5 comm2 start: 1409862187426.686
CPU5 comm2 end: 1409862187426.824
DONE: 602.337158203125
