Start: 1409862325288.189
GPU comm0 start: 1409862325307.095
GPU comm1 start: 1409862325374.627
CPU0 comm0 start: 1409862325374.816
GPU comm0 end: 1409862325405.188
GPU memcp start: 1409862325425.173
GPU memcp end: 1409862325432.569
GPU memcp start: 1409862325432.712
GPU memcp end: 1409862325439.269
GPU memcp start: 1409862325439.353
CPU1 comm0 start: 1409862325439.992
GPU memcp end: 1409862325446.561
GPU comm1 end: 1409862325446.793
GPU exe start: 1409862325447.513
GPU exe end: 1409862325454.265
GPU memcp start: 1409862325454.311
GPU memcp end: 1409862325454.481
GPU comm2 start: 1409862325454.493
CPU0 comm0 end: 1409862325482.732
CPU2 comm0 start: 1409862325506.447
CPU1 comm0 end: 1409862325546.231
CPU3 comm0 start: 1409862325573.631
CPU2 comm0 end: 1409862325611.984
CPU4 comm0 start: 1409862325637.916
CPU3 comm0 end: 1409862325678.316
CPU5 comm0 start: 1409862325702.93
CPU4 comm0 end: 1409862325740.047
CPU6 comm0 start: 1409862325765.714
CPU5 comm0 end: 1409862325806.07
CPU7 comm0 start: 1409862325830.705
CPU6 comm0 end: 1409862325868.167
CPU8 comm0 start: 1409862325893.913
CPU7 comm0 end: 1409862325930.637
CPU9 comm0 start: 1409862325956.458
CPU8 comm0 end: 1409862325993.124
CPU0 comm1 start: 1409862326019.083
CPU1 comm1 start: 1409862326019.18
CPU2 comm1 start: 1409862326019.233
CPU3 comm1 start: 1409862326019.296
CPU4 comm1 start: 1409862326019.326
CPU0 comm1 end: 1409862326019.336
CPU0 exe start: 1409862326019.354
CPU5 comm1 start: 1409862326019.377
CPU1 comm1 end: 1409862326019.376
CPU2 comm1 end: 1409862326019.396
CPU2 exe start: 1409862326019.417
CPU1 exe start: 1409862326019.431
CPU6 comm1 start: 1409862326019.465
CPU3 comm1 end: 1409862326019.474
CPU3 exe start: 1409862326019.492
CPU7 comm1 start: 1409862326019.523
CPU4 comm1 end: 1409862326019.524
CPU5 comm1 end: 1409862326019.624
CPU5 exe start: 1409862326019.643
CPU8 comm1 start: 1409862326019.605
CPU4 exe start: 1409862326019.667
CPU6 comm1 end: 1409862326019.677
CPU9 comm1 start: 1409862326019.689
CPU6 exe start: 1409862326019.697
CPU7 comm1 end: 1409862326019.786
CPU8 comm1 end: 1409862326019.808
CPU8 exe start: 1409862326019.83
CPU7 exe start: 1409862326019.81
GPU comm2 end: 1409862326020.122
GPU schdl start: 1409862326020.151
GPU comm1 start: 1409862326030.703
GPU schdl end: 1409862326030.771
GPU comm1 end: 1409862326030.966
GPU exe start: 1409862326031.019
GPU exe end: 1409862326042.152
GPU memcp start: 1409862326042.209
GPU memcp end: 1409862326042.384
GPU comm2 start: 1409862326042.396
GPU comm2 end: 1409862326055.456
GPU schdl start: 1409862326055.51
CPU4 exe end: 1409862326071.291
CPU4 comm2 start: 1409862326071.413
CPU6 exe end: 1409862326074.193
CPU6 comm2 start: 1409862326074.314
GPU comm1 start: 1409862326076.532
GPU schdl end: 1409862326076.609
GPU comm1 end: 1409862326076.77
GPU exe start: 1409862326076.839
CPU3 exe end: 1409862326078.535
CPU3 comm2 start: 1409862326078.607
CPU9 comm0 end: 1409862326078.614
CPU1 exe end: 1409862326079.974
CPU5 exe end: 1409862326080.888
CPU5 comm2 start: 1409862326081.056
CPU1 comm2 start: 1409862326081.07
CPU9 comm1 end: 1409862326081.057
CPU9 exe start: 1409862326081.105
CPU0 exe end: 1409862326088.579
CPU0 comm2 start: 1409862326088.684
CPU7 exe end: 1409862326089.009
CPU7 comm2 start: 1409862326089.106
CPU2 exe end: 1409862326089.443
CPU2 comm2 start: 1409862326089.494
GPU exe end: 1409862326092.536
GPU memcp start: 1409862326092.598
GPU memcp end: 1409862326093.072
GPU comm2 start: 1409862326093.091
CPU8 exe end: 1409862326098.237
CPU8 comm2 start: 1409862326098.368
CPU4 comm2 end: 1409862326127.364
CPU6 comm2 end: 1409862326144.495
CPU9 exe end: 1409862326150.279
CPU9 comm2 start: 1409862326150.367
CPU3 comm2 end: 1409862326165.261
CPU1 comm2 end: 1409862326184.788
CPU5 comm2 end: 1409862326204.221
CPU0 comm2 end: 1409862326225.367
CPU2 comm2 end: 1409862326247.151
CPU7 comm2 end: 1409862326268.647
GPU comm2 end: 1409862326268.809
GPU schdl start: 1409862326268.83
GPU comm1 start: 1409862326290.288
GPU schdl end: 1409862326290.374
GPU comm1 end: 1409862326290.56
GPU exe start: 1409862326290.613
CPU8 comm2 end: 1409862326311.879
GPU exe end: 1409862326315.376
GPU memcp start: 1409862326315.413
GPU memcp end: 1409862326315.662
GPU comm2 start: 1409862326315.687
CPU9 comm2 end: 1409862326335.627
CPU0 comm1 start: 1409862326335.959
CPU1 comm1 start: 1409862326336.017
CPU2 comm1 start: 1409862326336.052
CPU3 comm1 start: 1409862326336.111
CPU0 comm1 end: 1409862326336.123
CPU0 exe start: 1409862326336.141
CPU4 comm1 start: 1409862326336.167
CPU1 comm1 end: 1409862326336.199
CPU3 comm1 end: 1409862326336.259
CPU3 exe start: 1409862326336.277
CPU2 comm1 end: 1409862326336.229
CPU4 comm1 end: 1409862326336.338
CPU4 exe start: 1409862326336.369
CPU1 exe start: 1409862326336.277
CPU2 exe start: 1409862326336.355
CPU5 comm1 start: 1409862326336.216
CPU6 comm1 start: 1409862326336.555
CPU7 comm1 start: 1409862326336.589
CPU8 comm1 start: 1409862326336.627
CPU5 comm1 end: 1409862326336.64
CPU5 exe start: 1409862326336.658
CPU9 comm1 start: 1409862326336.677
CPU6 comm1 end: 1409862326336.681
CPU6 exe start: 1409862326336.699
CPU7 comm1 end: 1409862326336.742
CPU7 exe start: 1409862326336.759
GPU comm2 end: 1409862326336.758
GPU schdl start: 1409862326336.779
CPU8 comm1 end: 1409862326336.782
CPU8 exe start: 1409862326336.8
CPU9 comm1 end: 1409862326336.831
CPU9 exe start: 1409862326336.849
GPU comm1 start: 1409862326355.621
GPU schdl end: 1409862326355.71
GPU comm1 end: 1409862326355.867
GPU exe start: 1409862326355.921
GPU exe end: 1409862326392.291
GPU memcp start: 1409862326392.368
GPU memcp end: 1409862326392.673
GPU comm2 start: 1409862326392.691
CPU7 exe end: 1409862326397.968
CPU7 comm2 start: 1409862326398.051
CPU2 exe end: 1409862326399.115
CPU2 comm2 start: 1409862326399.186
CPU8 exe end: 1409862326403.585
CPU8 comm2 start: 1409862326403.664
CPU3 exe end: 1409862326404.221
CPU3 comm2 start: 1409862326404.278
CPU5 exe end: 1409862326411.436
GPU comm2 end: 1409862326411.435
CPU5 comm2 start: 1409862326411.536
GPU schdl start: 1409862326411.707
CPU9 exe end: 1409862326413.153
CPU9 comm2 start: 1409862326413.22
CPU6 exe end: 1409862326415.364
CPU6 comm2 start: 1409862326416.198
CPU4 exe end: 1409862326417.896
CPU4 comm2 start: 1409862326417.957
CPU1 exe end: 1409862326419.524
CPU1 comm2 start: 1409862326419.599
CPU0 exe end: 1409862326424.886
CPU0 comm2 start: 1409862326424.96
GPU comm1 start: 1409862326453.036
GPU schdl end: 1409862326453.111
GPU comm1 end: 1409862326453.234
GPU exe start: 1409862326453.282
CPU2 comm2 end: 1409862326469.653
CPU7 comm2 end: 1409862326486.204
CPU3 comm2 end: 1409862326502.736
GPU exe end: 1409862326506.815
GPU memcp start: 1409862326506.852
GPU memcp end: 1409862326507.201
GPU comm2 start: 1409862326507.216
CPU8 comm2 end: 1409862326521.109
CPU5 comm2 end: 1409862326537.705
CPU9 comm2 end: 1409862326554.24
CPU6 comm2 end: 1409862326570.248
CPU1 comm2 end: 1409862326586.314
CPU0 comm2 end: 1409862326602.366
CPU4 comm2 end: 1409862326618.317
CPU0 comm1 start: 1409862326618.552
CPU1 comm1 start: 1409862326618.605
CPU2 comm1 start: 1409862326618.655
CPU3 comm1 start: 1409862326618.713
CPU0 comm1 end: 1409862326618.742
CPU0 exe start: 1409862326618.764
CPU4 comm1 start: 1409862326618.772
CPU1 comm1 end: 1409862326618.779
CPU1 exe start: 1409862326618.8
CPU5 comm1 start: 1409862326618.833
CPU2 comm1 end: 1409862326618.839
CPU2 exe start: 1409862326618.859
CPU6 comm1 start: 1409862326618.894
CPU3 comm1 end: 1409862326618.9
CPU3 exe start: 1409862326618.921
CPU7 comm1 start: 1409862326618.928
CPU8 comm1 start: 1409862326618.963
CPU9 comm1 start: 1409862326618.996
CPU4 comm1 end: 1409862326618.993
CPU4 exe start: 1409862326619.036
CPU6 comm1 end: 1409862326619.041
CPU6 exe start: 1409862326619.068
CPU7 comm1 end: 1409862326619.069
CPU7 exe start: 1409862326619.097
CPU5 comm1 end: 1409862326618.996
GPU comm2 end: 1409862326619.117
CPU8 comm1 end: 1409862326619.116
GPU schdl start: 1409862326619.145
CPU5 exe start: 1409862326619.155
CPU8 exe start: 1409862326619.178
CPU9 comm1 end: 1409862326619.196
CPU9 exe start: 1409862326619.216
GPU comm1 start: 1409862326639.276
GPU schdl end: 1409862326639.348
GPU comm1 end: 1409862326639.566
GPU exe start: 1409862326639.619
CPU7 exe end: 1409862326710.565
CPU7 comm2 start: 1409862326710.634
CPU6 exe end: 1409862326715.784
CPU6 comm2 start: 1409862326715.859
CPU8 exe end: 1409862326717.242
CPU8 comm2 start: 1409862326717.28
CPU3 exe end: 1409862326719.883
CPU3 comm2 start: 1409862326719.953
CPU4 exe end: 1409862326721.407
CPU4 comm2 start: 1409862326721.457
GPU exe end: 1409862326721.255
CPU5 exe end: 1409862326724.261
CPU5 comm2 start: 1409862326724.301
GPU memcp start: 1409862326725.728
GPU memcp end: 1409862326726.264
GPU comm2 start: 1409862326726.975
CPU2 exe end: 1409862326727.074
CPU2 comm2 start: 1409862326727.109
CPU9 exe end: 1409862326729.776
CPU9 comm2 start: 1409862326729.828
CPU1 exe end: 1409862326745.573
CPU1 comm2 start: 1409862326745.668
CPU0 exe end: 1409862326762.618
CPU0 comm2 start: 1409862326762.691
CPU7 comm2 end: 1409862326766.187
CPU6 comm2 end: 1409862326783.643
CPU3 comm2 end: 1409862326799.664
CPU8 comm2 end: 1409862326815.612
CPU5 comm2 end: 1409862326831.397
CPU4 comm2 end: 1409862326847.167
CPU2 comm2 end: 1409862326862.931
CPU9 comm2 end: 1409862326878.793
GPU comm2 end: 1409862326879.18
GPU schdl start: 1409862326879.203
GPU comm1 start: 1409862326895.089
GPU schdl end: 1409862326895.155
GPU comm1 end: 1409862326896.192
GPU exe start: 1409862326896.248
CPU1 comm2 end: 1409862326910.873
CPU0 comm2 end: 1409862326919.345
CPU0 comm1 start: 1409862326919.656
CPU1 comm1 start: 1409862326919.713
CPU2 comm1 start: 1409862326919.765
CPU3 comm1 start: 1409862326919.821
CPU0 comm1 end: 1409862326919.853
CPU0 exe start: 1409862326919.87
CPU4 comm1 start: 1409862326919.879
CPU1 comm1 end: 1409862326919.892
CPU1 exe start: 1409862326919.908
CPU5 comm1 start: 1409862326919.937
CPU6 comm1 start: 1409862326919.995
CPU7 comm1 start: 1409862326920.056
CPU2 comm1 end: 1409862326920.073
CPU8 comm1 start: 1409862326920.082
CPU4 comm1 end: 1409862326920.103
CPU6 comm1 end: 1409862326920.131
CPU6 exe start: 1409862326920.151
CPU9 comm1 start: 1409862326920.18
CPU3 comm1 end: 1409862326920.11
CPU5 comm1 end: 1409862326920.133
CPU7 comm1 end: 1409862326920.208
CPU8 comm1 end: 1409862326920.269
CPU8 exe start: 1409862326920.285
CPU3 exe start: 1409862326920.326
CPU2 exe start: 1409862326920.089
CPU7 exe start: 1409862326920.468
CPU5 exe start: 1409862326920.477
CPU4 exe start: 1409862326920.14
CPU9 comm1 end: 1409862326920.572
CPU9 exe start: 1409862326920.588
GPU exe end: 1409862327019.824
GPU memcp start: 1409862327019.899
GPU memcp end: 1409862327020.452
GPU comm2 start: 1409862327020.47
GPU comm2 end: 1409862327028.3
GPU schdl start: 1409862327028.377
GPU comm1 start: 1409862327041.302
GPU schdl end: 1409862327041.381
GPU comm1 end: 1409862327041.559
GPU exe start: 1409862327041.606
CPU7 exe end: 1409862327065.769
CPU7 comm2 start: 1409862327065.836
CPU8 exe end: 1409862327067.038
CPU8 comm2 start: 1409862327067.072
CPU6 exe end: 1409862327073.263
CPU6 comm2 start: 1409862327073.345
CPU4 exe end: 1409862327073.54
CPU4 comm2 start: 1409862327073.574
CPU3 exe end: 1409862327080.196
CPU3 comm2 start: 1409862327080.273
CPU2 exe end: 1409862327084.858
CPU2 comm2 start: 1409862327084.909
CPU1 exe end: 1409862327097.083
CPU1 comm2 start: 1409862327097.165
CPU9 exe end: 1409862327097.523
CPU9 comm2 start: 1409862327097.578
CPU5 exe end: 1409862327104.069
CPU5 comm2 start: 1409862327104.136
CPU7 comm2 end: 1409862327117.908
CPU0 exe end: 1409862327119.951
CPU0 comm2 start: 1409862327119.988
CPU8 comm2 end: 1409862327136.349
CPU6 comm2 end: 1409862327153.337
CPU4 comm2 end: 1409862327170.112
CPU3 comm2 end: 1409862327186.805
CPU2 comm2 end: 1409862327202.921
CPU9 comm2 end: 1409862327218.882
GPU exe end: 1409862327222.582
GPU memcp start: 1409862327223.318
GPU memcp end: 1409862327224.005
GPU comm2 start: 1409862327224.02
CPU1 comm2 end: 1409862327236.432
CPU5 comm2 end: 1409862327252.252
CPU0 comm2 end: 1409862327268.112
CPU0 comm1 start: 1409862327268.25
CPU1 comm1 start: 1409862327268.35
CPU2 comm1 start: 1409862327268.426
CPU0 comm1 end: 1409862327268.47
CPU1 comm1 end: 1409862327268.529
CPU1 exe start: 1409862327268.555
CPU3 comm1 start: 1409862327268.479
CPU0 exe start: 1409862327268.538
CPU4 comm1 start: 1409862327268.586
CPU2 comm1 end: 1409862327268.596
CPU2 exe start: 1409862327268.611
CPU5 comm1 start: 1409862327268.656
CPU6 comm1 start: 1409862327268.69
CPU3 comm1 end: 1409862327268.698
CPU3 exe start: 1409862327268.714
CPU7 comm1 start: 1409862327268.747
CPU4 comm1 end: 1409862327268.763
CPU4 exe start: 1409862327268.8
CPU5 comm1 end: 1409862327268.801
CPU5 exe start: 1409862327268.818
CPU8 comm1 start: 1409862327268.845
CPU9 comm1 start: 1409862327268.87
CPU6 comm1 end: 1409862327268.901
CPU6 exe start: 1409862327268.923
GPU comm2 end: 1409862327268.923
CPU7 comm1 end: 1409862327268.926
CPU8 comm1 end: 1409862327268.955
CPU9 comm1 end: 1409862327269.038
CPU7 exe start: 1409862327269.003
GPU schdl start: 1409862327268.957
CPU8 exe start: 1409862327269.074
CPU9 exe start: 1409862327269.056
GPU comm1 start: 1409862327289.25
GPU schdl end: 1409862327289.317
GPU comm1 end: 1409862327289.528
GPU exe start: 1409862327289.581
CPU5 exe end: 1409862327496.905
CPU5 comm2 start: 1409862327496.984
CPU2 exe end: 1409862327519.293
CPU2 comm2 start: 1409862327519.365
CPU3 exe end: 1409862327521.627
CPU3 comm2 start: 1409862327521.672
CPU1 exe end: 1409862327525.744
CPU1 comm2 start: 1409862327525.832
CPU5 comm2 end: 1409862327528.173
CPU6 exe end: 1409862327529.999
CPU6 comm2 start: 1409862327530.076
CPU8 exe end: 1409862327539.192
CPU8 comm2 start: 1409862327539.339
CPU9 exe end: 1409862327542.634
CPU9 comm2 start: 1409862327542.676
CPU0 exe end: 1409862327554.028
CPU0 comm2 start: 1409862327554.103
CPU2 comm2 end: 1409862327562.247
GPU exe end: 1409862327564.539
GPU memcp start: 1409862327565.144
GPU memcp end: 1409862327566.152
GPU comm2 start: 1409862327566.164
CPU4 exe end: 1409862327576.761
CPU4 comm2 start: 1409862327576.846
CPU3 comm2 end: 1409862327582.049
CPU7 exe end: 1409862327585.073
CPU7 comm2 start: 1409862327585.132
CPU1 comm2 end: 1409862327602.528
CPU6 comm2 end: 1409862327618.623
CPU8 comm2 end: 1409862327634.628
CPU9 comm2 end: 1409862327650.671
CPU0 comm2 end: 1409862327666.71
GPU comm2 end: 1409862327666.902
GPU schdl start: 1409862327666.923
GPU comm1 start: 1409862327683.268
GPU schdl end: 1409862327683.353
GPU comm1 end: 1409862327683.572
GPU exe start: 1409862327683.636
CPU4 comm2 end: 1409862327699.356
CPU7 comm2 end: 1409862327715.375
CPU0 comm1 start: 1409862327715.575
CPU1 comm1 start: 1409862327715.629
CPU2 comm1 start: 1409862327715.682
CPU3 comm1 start: 1409862327715.739
CPU0 comm1 end: 1409862327715.751
CPU0 exe start: 1409862327715.767
CPU1 comm1 end: 1409862327715.789
CPU1 exe start: 1409862327715.839
CPU4 comm1 start: 1409862327715.798
CPU2 comm1 end: 1409862327715.849
CPU5 comm1 start: 1409862327715.863
CPU3 comm1 end: 1409862327715.883
CPU3 exe start: 1409862327715.9
CPU6 comm1 start: 1409862327715.955
CPU2 exe start: 1409862327715.866
CPU7 comm1 start: 1409862327716.027
CPU4 comm1 end: 1409862327715.963
CPU5 comm1 end: 1409862327716.068
CPU5 exe start: 1409862327716.11
CPU6 comm1 end: 1409862327716.133
CPU8 comm1 start: 1409862327716.092
CPU6 exe start: 1409862327716.15
CPU9 comm1 start: 1409862327716.178
CPU7 comm1 end: 1409862327716.195
CPU7 exe start: 1409862327716.212
CPU4 exe start: 1409862327716.091
CPU8 comm1 end: 1409862327716.28
CPU8 exe start: 1409862327716.373
CPU9 comm1 end: 1409862327716.385
CPU9 exe start: 1409862327716.402
GPU exe end: 1409862328096.28
GPU memcp start: 1409862328096.858
GPU memcp end: 1409862328098.27
GPU comm2 start: 1409862328098.284
GPU comm2 end: 1409862328110.207
GPU schdl start: 1409862328110.338
GPU comm1 start: 1409862328123.72
GPU schdl end: 1409862328123.789
GPU comm1 end: 1409862328124.076
GPU exe start: 1409862328124.135
CPU2 exe end: 1409862329833.584
CPU2 comm2 start: 1409862329833.662
CPU2 comm2 end: 1409862329854.584
CPU4 exe end: 1409862329859.492
CPU4 comm2 start: 1409862329859.556
CPU4 comm2 end: 1409862329877.417
CPU7 exe end: 1409862329880.218
CPU7 comm2 start: 1409862329880.276
CPU3 exe end: 1409862329895.157
CPU3 comm2 start: 1409862329895.236
CPU7 comm2 end: 1409862329896.59
CPU3 comm2 end: 1409862329911.645
CPU8 exe end: 1409862329935.84
CPU8 comm2 start: 1409862329935.91
CPU6 exe end: 1409862329937.537
CPU6 comm2 start: 1409862329937.597
CPU8 comm2 end: 1409862329952.966
CPU5 exe end: 1409862329962.283
CPU5 comm2 start: 1409862329962.362
CPU6 comm2 end: 1409862329962.609
CPU5 comm2 end: 1409862329976.621
CPU9 exe end: 1409862329978.046
CPU9 comm2 start: 1409862329978.1
CPU9 comm2 end: 1409862329991.566
CPU1 exe end: 1409862330089.638
CPU1 comm2 start: 1409862330089.701
GPU exe end: 1409862330097.617
GPU memcp start: 1409862330098.338
GPU memcp end: 1409862330103.529
GPU comm2 start: 1409862330103.541
CPU1 comm2 end: 1409862330103.587
GPU comm2 end: 1409862330108.183
GPU schdl start: 1409862330108.225
GPU comm1 start: 1409862330119.589
GPU schdl end: 1409862330119.658
GPU comm1 end: 1409862330119.933
GPU exe start: 1409862330119.995
GPU exe end: 1409862330121.233
GPU memcp start: 1409862330121.26
GPU memcp end: 1409862330121.488
GPU comm2 start: 1409862330121.498
GPU comm2 end: 1409862330126.1
CPU0 exe end: 1409862330245.139
CPU0 comm2 start: 1409862330245.207
CPU0 comm2 end: 1409862330258.225
DONE: 4970.537109375
