Start: 1409862204120.579
GPU comm0 start: 1409862204123.583
GPU comm1 start: 1409862204123.815
CPU0 comm0 start: 1409862204123.937
CPU1 comm0 start: 1409862204123.992
CPU2 comm0 start: 1409862204124.078
CPU3 comm0 start: 1409862204124.191
CPU4 comm0 start: 1409862204124.26
CPU5 comm0 start: 1409862204124.316
CPU6 comm0 start: 1409862204124.373
CPU7 comm0 start: 1409862204124.426
CPU8 comm0 start: 1409862204124.494
CPU9 comm0 start: 1409862204124.56
CPU0 comm0 end: 1409862204124.519
CPU0 comm1 start: 1409862204124.768
CPU1 comm1 start: 1409862204124.819
CPU2 comm1 start: 1409862204124.857
CPU3 comm1 start: 1409862204124.895
CPU4 comm1 start: 1409862204124.919
CPU5 comm1 start: 1409862204124.953
CPU6 comm1 start: 1409862204125.001
GPU comm0 end: 1409862204124.569
CPU2 comm0 end: 1409862204124.825
CPU7 comm1 start: 1409862204125.04
CPU8 comm1 start: 1409862204125.131
CPU9 comm1 start: 1409862204125.182
CPU3 comm0 end: 1409862204125.071
CPU1 comm0 end: 1409862204125.201
CPU4 comm0 end: 1409862204125.491
CPU5 comm0 end: 1409862204126.395
CPU2 comm1 end: 1409862204128.547
CPU2 exe start: 1409862204128.569
CPU8 comm0 end: 1409862204128.103
CPU7 comm0 end: 1409862204128.09
CPU6 comm0 end: 1409862204128.09
CPU9 comm0 end: 1409862204129.113
CPU0 comm1 end: 1409862204129.992
CPU0 exe start: 1409862204130.018
CPU1 comm1 end: 1409862204130.314
CPU1 exe start: 1409862204130.337
CPU3 comm1 end: 1409862204130.67
CPU3 exe start: 1409862204130.703
CPU5 comm1 end: 1409862204130.838
CPU5 exe start: 1409862204130.86
CPU4 comm1 end: 1409862204130.924
CPU4 exe start: 1409862204130.951
CPU8 comm1 end: 1409862204131.297
CPU8 exe start: 1409862204131.323
GPU memcp start: 1409862204132.703
CPU9 comm1 end: 1409862204132.806
CPU9 exe start: 1409862204132.837
CPU7 comm1 end: 1409862204132.926
CPU6 comm1 end: 1409862204132.926
CPU7 exe start: 1409862204132.963
CPU6 exe start: 1409862204133.007
GPU memcp end: 1409862204140.404
GPU memcp start: 1409862204141.327
GPU memcp end: 1409862204149.276
GPU memcp start: 1409862204149.93
GPU memcp end: 1409862204158.32
GPU comm1 end: 1409862204158.708
GPU exe start: 1409862204158.837
GPU exe end: 1409862204165.649
GPU memcp start: 1409862204165.709
GPU memcp end: 1409862204165.921
GPU comm2 start: 1409862204165.939
GPU comm2 end: 1409862204166.475
GPU schdl start: 1409862204166.526
GPU comm1 start: 1409862204166.744
GPU schdl end: 1409862204166.773
GPU comm1 end: 1409862204166.848
GPU exe start: 1409862204166.876
GPU exe end: 1409862204177.303
GPU memcp start: 1409862204177.346
GPU memcp end: 1409862204177.461
GPU comm2 start: 1409862204177.502
GPU comm2 end: 1409862204177.581
GPU schdl start: 1409862204177.623
GPU comm1 start: 1409862204177.67
GPU schdl end: 1409862204177.691
GPU comm1 end: 1409862204177.771
GPU exe start: 1409862204177.797
GPU exe end: 1409862204193.416
GPU memcp start: 1409862204193.468
GPU memcp end: 1409862204193.633
GPU comm2 start: 1409862204193.651
GPU comm2 end: 1409862204193.738
GPU schdl start: 1409862204193.781
GPU comm1 start: 1409862204193.815
GPU schdl end: 1409862204193.835
GPU comm1 end: 1409862204193.909
GPU exe start: 1409862204193.941
CPU2 exe end: 1409862204212.894
CPU2 comm2 start: 1409862204212.937
CPU2 comm2 end: 1409862204213.633
CPU5 exe end: 1409862204214.448
CPU5 comm2 start: 1409862204214.469
CPU0 exe end: 1409862204214.625
CPU0 comm2 start: 1409862204214.646
CPU5 comm2 end: 1409862204214.718
CPU0 comm2 end: 1409862204214.929
CPU3 exe end: 1409862204215.007
CPU8 exe end: 1409862204215.007
CPU3 comm2 start: 1409862204215.042
CPU8 comm2 start: 1409862204215.062
CPU3 comm2 end: 1409862204215.367
CPU8 comm2 end: 1409862204215.419
CPU9 exe end: 1409862204216.262
CPU9 comm2 start: 1409862204216.282
CPU9 comm2 end: 1409862204216.525
CPU1 exe end: 1409862204216.64
CPU1 comm2 start: 1409862204216.657
CPU1 comm2 end: 1409862204216.899
GPU exe end: 1409862204218.108
GPU memcp start: 1409862204218.151
GPU memcp end: 1409862204218.349
GPU comm2 start: 1409862204218.373
GPU comm2 end: 1409862204218.516
GPU schdl start: 1409862204218.55
GPU comm1 start: 1409862204218.583
GPU schdl end: 1409862204218.616
GPU comm1 end: 1409862204218.683
GPU exe start: 1409862204218.711
CPU6 exe end: 1409862204228.795
CPU6 comm2 start: 1409862204228.819
CPU6 comm2 end: 1409862204229.095
CPU7 exe end: 1409862204230.462
CPU7 comm2 start: 1409862204230.484
CPU7 comm2 end: 1409862204230.756
CPU4 exe end: 1409862204245.177
CPU4 comm2 start: 1409862204245.198
CPU4 comm2 end: 1409862204245.471
CPU0 comm1 start: 1409862204245.634
CPU1 comm1 start: 1409862204245.677
CPU2 comm1 start: 1409862204245.704
CPU3 comm1 start: 1409862204245.726
CPU0 comm1 end: 1409862204245.751
CPU1 comm1 end: 1409862204245.751
CPU0 exe start: 1409862204245.78
CPU4 comm1 start: 1409862204245.782
CPU1 exe start: 1409862204245.826
CPU5 comm1 start: 1409862204245.835
CPU3 comm1 end: 1409862204245.857
CPU3 exe start: 1409862204245.873
CPU6 comm1 start: 1409862204245.888
CPU4 comm1 end: 1409862204245.932
CPU2 comm1 end: 1409862204245.827
CPU2 exe start: 1409862204245.968
CPU7 comm1 start: 1409862204245.997
CPU5 comm1 end: 1409862204246.043
CPU5 exe start: 1409862204246.06
CPU8 comm1 start: 1409862204246.121
CPU4 exe start: 1409862204245.95
CPU6 comm1 end: 1409862204246.161
CPU6 exe start: 1409862204246.177
CPU9 comm1 start: 1409862204246.189
CPU7 comm1 end: 1409862204246.238
CPU7 exe start: 1409862204246.256
CPU8 comm1 end: 1409862204246.3
CPU8 exe start: 1409862204246.316
CPU9 comm1 end: 1409862204246.356
CPU9 exe start: 1409862204246.375
GPU exe end: 1409862204255.48
GPU memcp start: 1409862204255.524
GPU memcp end: 1409862204255.697
GPU comm2 start: 1409862204255.716
GPU comm2 end: 1409862204255.858
GPU schdl start: 1409862204256.049
GPU comm1 start: 1409862204256.1
GPU schdl end: 1409862204256.116
GPU comm1 end: 1409862204256.396
GPU exe start: 1409862204256.424
GPU exe end: 1409862204310.21
GPU memcp start: 1409862204310.282
GPU memcp end: 1409862204310.648
GPU comm2 start: 1409862204310.666
GPU comm2 end: 1409862204310.893
GPU schdl start: 1409862204310.955
GPU comm1 start: 1409862204311.106
GPU schdl end: 1409862204311.14
GPU comm1 end: 1409862204311.311
GPU exe start: 1409862204311.349
CPU7 exe end: 1409862204356.048
CPU7 comm2 start: 1409862204356.092
CPU7 comm2 end: 1409862204356.29
CPU2 exe end: 1409862204356.487
CPU2 comm2 start: 1409862204356.51
CPU2 comm2 end: 1409862204356.642
CPU9 exe end: 1409862204357.312
CPU9 comm2 start: 1409862204357.336
CPU9 comm2 end: 1409862204357.46
CPU4 exe end: 1409862204357.852
CPU4 comm2 start: 1409862204357.873
CPU4 comm2 end: 1409862204357.998
CPU8 exe end: 1409862204358.601
CPU3 exe end: 1409862204358.605
CPU8 comm2 start: 1409862204358.627
CPU3 comm2 start: 1409862204358.646
CPU8 comm2 end: 1409862204358.764
CPU3 comm2 end: 1409862204358.808
CPU6 exe end: 1409862204359.682
CPU6 comm2 start: 1409862204359.701
CPU6 comm2 end: 1409862204359.821
CPU5 exe end: 1409862204360.3
CPU5 comm2 start: 1409862204360.32
CPU5 comm2 end: 1409862204360.443
CPU0 exe end: 1409862204364.336
CPU0 comm2 start: 1409862204364.362
CPU0 comm2 end: 1409862204364.456
CPU1 exe end: 1409862204367.773
CPU1 comm2 start: 1409862204367.794
CPU1 comm2 end: 1409862204367.888
CPU0 comm1 start: 1409862204367.961
CPU1 comm1 start: 1409862204368.006
CPU2 comm1 start: 1409862204368.056
CPU3 comm1 start: 1409862204368.112
CPU4 comm1 start: 1409862204368.17
CPU5 comm1 start: 1409862204368.279
CPU0 comm1 end: 1409862204368.29
CPU6 comm1 start: 1409862204368.306
CPU2 comm1 end: 1409862204368.306
CPU3 comm1 end: 1409862204368.312
CPU4 comm1 end: 1409862204368.333
CPU4 exe start: 1409862204368.355
CPU0 exe start: 1409862204368.315
CPU7 comm1 start: 1409862204368.374
CPU5 comm1 end: 1409862204368.414
CPU3 exe start: 1409862204368.428
CPU5 exe start: 1409862204368.436
CPU8 comm1 start: 1409862204368.436
CPU6 comm1 end: 1409862204368.482
CPU6 exe start: 1409862204368.503
CPU7 comm1 end: 1409862204368.558
CPU7 exe start: 1409862204368.583
CPU1 comm1 end: 1409862204368.309
CPU1 exe start: 1409862204368.641
CPU9 comm1 start: 1409862204368.703
CPU2 exe start: 1409862204368.436
CPU8 comm1 end: 1409862204368.817
CPU8 exe start: 1409862204368.84
CPU9 comm1 end: 1409862204368.912
CPU9 exe start: 1409862204368.936
GPU exe end: 1409862204392.271
GPU memcp start: 1409862204393.13
GPU memcp end: 1409862204393.636
GPU comm2 start: 1409862204393.656
GPU comm2 end: 1409862204393.882
GPU schdl start: 1409862204393.935
GPU comm1 start: 1409862204394.073
GPU schdl end: 1409862204394.102
GPU comm1 end: 1409862204394.331
GPU exe start: 1409862204394.376
GPU exe end: 1409862204516.956
GPU memcp start: 1409862204517.035
GPU memcp end: 1409862204517.6
GPU comm2 start: 1409862204517.62
GPU comm2 end: 1409862204517.817
GPU schdl start: 1409862204517.883
GPU comm1 start: 1409862204517.97
GPU schdl end: 1409862204517.995
GPU comm1 end: 1409862204518.125
GPU exe start: 1409862204518.15
CPU6 exe end: 1409862204539.496
CPU6 comm2 start: 1409862204539.526
CPU6 comm2 end: 1409862204539.699
CPU0 exe end: 1409862204541.433
CPU0 comm2 start: 1409862204541.455
CPU0 comm2 end: 1409862204541.591
CPU4 exe end: 1409862204541.623
CPU4 comm2 start: 1409862204541.642
CPU9 exe end: 1409862204541.641
CPU9 comm2 start: 1409862204541.658
CPU4 comm2 end: 1409862204541.725
CPU9 comm2 end: 1409862204541.767
CPU2 exe end: 1409862204541.779
CPU2 comm2 start: 1409862204541.796
CPU2 comm2 end: 1409862204541.856
CPU5 exe end: 1409862204542.126
CPU5 comm2 start: 1409862204542.144
CPU5 comm2 end: 1409862204542.255
CPU8 exe end: 1409862204542.392
CPU8 comm2 start: 1409862204542.409
CPU1 exe end: 1409862204542.514
CPU1 comm2 start: 1409862204542.532
CPU3 exe end: 1409862204542.533
CPU8 comm2 end: 1409862204542.525
CPU3 comm2 start: 1409862204542.549
CPU1 comm2 end: 1409862204542.585
CPU3 comm2 end: 1409862204542.61
CPU7 exe end: 1409862204542.652
CPU7 comm2 start: 1409862204542.668
CPU7 comm2 end: 1409862204542.786
CPU0 comm1 start: 1409862204543.028
CPU1 comm1 start: 1409862204543.069
CPU2 comm1 start: 1409862204543.123
CPU3 comm1 start: 1409862204543.178
CPU0 comm1 end: 1409862204543.183
CPU0 exe start: 1409862204543.197
CPU4 comm1 start: 1409862204543.235
CPU2 comm1 end: 1409862204543.294
CPU2 exe start: 1409862204543.309
CPU5 comm1 start: 1409862204543.353
CPU3 comm1 end: 1409862204543.365
CPU3 exe start: 1409862204543.38
CPU6 comm1 start: 1409862204543.442
CPU4 comm1 end: 1409862204543.466
CPU4 exe start: 1409862204543.481
CPU7 comm1 start: 1409862204543.529
CPU5 comm1 end: 1409862204543.57
CPU5 exe start: 1409862204543.584
CPU8 comm1 start: 1409862204543.618
CPU6 comm1 end: 1409862204543.647
CPU6 exe start: 1409862204543.662
CPU1 comm1 end: 1409862204543.237
CPU1 exe start: 1409862204543.728
CPU9 comm1 start: 1409862204543.707
CPU7 comm1 end: 1409862204543.811
CPU7 exe start: 1409862204543.827
CPU8 comm1 end: 1409862204543.834
CPU8 exe start: 1409862204543.848
CPU9 comm1 end: 1409862204543.939
CPU9 exe start: 1409862204543.955
GPU exe end: 1409862204702.012
GPU memcp start: 1409862204702.736
GPU memcp end: 1409862204703.572
GPU comm2 start: 1409862204703.589
GPU comm2 end: 1409862204703.87
GPU schdl start: 1409862204703.939
GPU comm1 start: 1409862204704.007
GPU schdl end: 1409862204704.026
GPU comm1 end: 1409862204704.198
GPU exe start: 1409862204704.238
CPU0 exe end: 1409862204799.796
CPU0 comm2 start: 1409862204799.855
CPU0 comm2 end: 1409862204800.051
CPU6 exe end: 1409862204800.354
CPU6 comm2 start: 1409862204800.388
CPU6 comm2 end: 1409862204800.534
CPU5 exe end: 1409862204802.045
CPU5 comm2 start: 1409862204802.063
CPU5 comm2 end: 1409862204802.188
CPU1 exe end: 1409862204802.428
CPU1 comm2 start: 1409862204802.445
CPU1 comm2 end: 1409862204802.561
CPU7 exe end: 1409862204802.679
CPU7 comm2 start: 1409862204802.7
CPU7 comm2 end: 1409862204802.824
CPU8 exe end: 1409862204803.303
CPU8 comm2 start: 1409862204803.32
CPU8 comm2 end: 1409862204803.436
CPU9 exe end: 1409862204803.467
CPU9 comm2 start: 1409862204803.484
CPU9 comm2 end: 1409862204803.563
CPU2 exe end: 1409862204803.728
CPU2 comm2 start: 1409862204803.744
CPU3 exe end: 1409862204803.827
CPU3 comm2 start: 1409862204803.844
CPU2 comm2 end: 1409862204803.868
CPU3 comm2 end: 1409862204803.922
CPU4 exe end: 1409862204804.253
CPU4 comm2 start: 1409862204804.269
CPU4 comm2 end: 1409862204804.418
CPU0 comm1 start: 1409862204804.483
CPU1 comm1 start: 1409862204804.568
CPU2 comm1 start: 1409862204804.615
CPU0 comm1 end: 1409862204804.656
CPU3 comm1 start: 1409862204804.669
CPU0 exe start: 1409862204804.671
CPU1 comm1 end: 1409862204804.708
CPU1 exe start: 1409862204804.724
CPU4 comm1 start: 1409862204804.741
CPU2 comm1 end: 1409862204804.768
CPU2 exe start: 1409862204804.784
CPU5 comm1 start: 1409862204804.799
CPU3 comm1 end: 1409862204804.847
CPU4 comm1 end: 1409862204804.892
CPU3 exe start: 1409862204804.908
CPU4 exe start: 1409862204804.907
CPU6 comm1 start: 1409862204804.85
CPU5 comm1 end: 1409862204804.948
CPU5 exe start: 1409862204804.964
CPU7 comm1 start: 1409862204805.026
CPU8 comm1 start: 1409862204805.086
CPU6 comm1 end: 1409862204805.12
CPU6 exe start: 1409862204805.137
CPU9 comm1 start: 1409862204805.154
CPU7 comm1 end: 1409862204805.193
CPU7 exe start: 1409862204805.211
CPU8 comm1 end: 1409862204805.253
CPU8 exe start: 1409862204805.269
CPU9 comm1 end: 1409862204805.319
CPU9 exe start: 1409862204805.335
GPU exe end: 1409862204977.004
GPU memcp start: 1409862204977.663
GPU memcp end: 1409862204978.727
GPU comm2 start: 1409862204978.744
GPU comm2 end: 1409862204979
GPU schdl start: 1409862204979.081
GPU comm1 start: 1409862204979.157
GPU schdl end: 1409862204979.177
GPU comm1 end: 1409862204979.35
GPU exe start: 1409862204979.39
CPU2 exe end: 1409862205181.513
CPU2 comm2 start: 1409862205181.56
CPU2 comm2 end: 1409862205181.765
CPU8 exe end: 1409862205184.938
CPU8 comm2 start: 1409862205184.987
CPU8 comm2 end: 1409862205185.084
CPU3 exe end: 1409862205185.966
CPU3 comm2 start: 1409862205185.985
CPU3 comm2 end: 1409862205186.107
CPU5 exe end: 1409862205190.452
CPU5 comm2 start: 1409862205190.468
CPU5 comm2 end: 1409862205190.602
CPU0 exe end: 1409862205190.697
CPU0 comm2 start: 1409862205190.714
CPU9 exe end: 1409862205190.719
CPU9 comm2 start: 1409862205190.735
CPU0 comm2 end: 1409862205190.83
CPU9 comm2 end: 1409862205190.869
CPU4 exe end: 1409862205191.018
CPU4 comm2 start: 1409862205191.036
CPU4 comm2 end: 1409862205191.149
CPU6 exe end: 1409862205191.486
CPU6 comm2 start: 1409862205191.513
CPU6 comm2 end: 1409862205191.627
CPU7 exe end: 1409862205194.089
CPU7 comm2 start: 1409862205194.107
CPU7 comm2 end: 1409862205194.225
CPU1 exe end: 1409862205194.686
CPU1 comm2 start: 1409862205194.703
CPU1 comm2 end: 1409862205194.837
CPU0 comm1 start: 1409862205194.941
CPU1 comm1 start: 1409862205194.978
CPU2 comm1 start: 1409862205195.027
CPU3 comm1 start: 1409862205195.062
CPU0 comm1 end: 1409862205195.068
CPU0 exe start: 1409862205195.083
CPU1 comm1 end: 1409862205195.096
CPU1 exe start: 1409862205195.11
CPU4 comm1 start: 1409862205195.13
CPU2 comm1 end: 1409862205195.173
CPU5 comm1 start: 1409862205195.186
CPU2 exe start: 1409862205195.189
CPU3 comm1 end: 1409862205195.235
CPU3 exe start: 1409862205195.251
CPU6 comm1 start: 1409862205195.277
CPU5 comm1 end: 1409862205195.378
CPU5 exe start: 1409862205195.395
CPU4 comm1 end: 1409862205195.281
CPU7 comm1 start: 1409862205195.411
CPU4 exe start: 1409862205195.476
CPU6 comm1 end: 1409862205195.512
CPU6 exe start: 1409862205195.534
CPU8 comm1 start: 1409862205195.507
CPU9 comm1 start: 1409862205195.595
CPU7 comm1 end: 1409862205195.606
CPU7 exe start: 1409862205195.623
CPU8 comm1 end: 1409862205195.695
CPU8 exe start: 1409862205195.712
CPU9 comm1 end: 1409862205195.754
CPU9 exe start: 1409862205195.774
GPU exe end: 1409862205391.495
GPU memcp start: 1409862205392.15
GPU memcp end: 1409862205393.662
GPU comm2 start: 1409862205393.682
GPU comm2 end: 1409862205393.942
GPU schdl start: 1409862205394.007
GPU comm1 start: 1409862205394.063
GPU schdl end: 1409862205394.081
GPU comm1 end: 1409862205394.259
GPU exe start: 1409862205394.298
CPU2 exe end: 1409862205769.534
CPU2 comm2 start: 1409862205769.585
CPU2 comm2 end: 1409862205769.783
CPU8 exe end: 1409862205771.375
CPU8 comm2 start: 1409862205771.413
CPU8 comm2 end: 1409862205771.571
CPU6 exe end: 1409862205776.298
CPU6 comm2 start: 1409862205776.316
CPU4 exe end: 1409862205776.329
CPU4 comm2 start: 1409862205776.358
CPU6 comm2 end: 1409862205776.457
CPU4 comm2 end: 1409862205776.505
CPU0 exe end: 1409862205777.312
CPU0 comm2 start: 1409862205777.327
CPU0 comm2 end: 1409862205777.454
CPU5 exe end: 1409862205777.606
CPU5 comm2 start: 1409862205777.625
CPU5 comm2 end: 1409862205777.747
CPU3 exe end: 1409862205778.405
CPU3 comm2 start: 1409862205778.424
CPU3 comm2 end: 1409862205778.548
CPU9 exe end: 1409862205778.761
CPU9 comm2 start: 1409862205778.778
CPU9 comm2 end: 1409862205778.894
CPU1 exe end: 1409862205781.12
CPU1 comm2 start: 1409862205781.138
CPU1 comm2 end: 1409862205781.23
CPU7 exe end: 1409862205787.021
CPU7 comm2 start: 1409862205787.041
CPU7 comm2 end: 1409862205787.181
CPU0 comm1 start: 1409862205787.305
CPU1 comm1 start: 1409862205787.342
CPU2 comm1 start: 1409862205787.392
CPU0 comm1 end: 1409862205787.434
CPU0 exe start: 1409862205787.449
CPU3 comm1 start: 1409862205787.458
CPU1 comm1 end: 1409862205787.489
CPU1 exe start: 1409862205787.504
CPU4 comm1 start: 1409862205787.518
CPU2 comm1 end: 1409862205787.561
CPU2 exe start: 1409862205787.578
CPU3 comm1 end: 1409862205787.623
CPU3 exe start: 1409862205787.639
CPU5 comm1 start: 1409862205787.578
CPU4 comm1 end: 1409862205787.68
CPU6 comm1 start: 1409862205787.683
CPU4 exe start: 1409862205787.742
CPU7 comm1 start: 1409862205787.777
CPU5 comm1 end: 1409862205787.782
CPU5 exe start: 1409862205787.799
CPU8 comm1 start: 1409862205787.83
CPU6 comm1 end: 1409862205787.873
CPU6 exe start: 1409862205787.889
CPU9 comm1 start: 1409862205787.893
CPU7 comm1 end: 1409862205787.939
CPU7 exe start: 1409862205787.955
CPU8 comm1 end: 1409862205787.994
CPU8 exe start: 1409862205788.009
CPU9 comm1 end: 1409862205788.049
CPU9 exe start: 1409862205788.067
GPU exe end: 1409862206018.289
GPU memcp start: 1409862206018.94
GPU memcp end: 1409862206020.988
GPU comm2 start: 1409862206021.012
GPU comm2 end: 1409862206021.275
GPU schdl start: 1409862206021.34
GPU comm1 start: 1409862206021.38
GPU schdl end: 1409862206021.414
GPU comm1 end: 1409862206021.591
GPU exe start: 1409862206021.63
CPU6 exe end: 1409862207224.713
CPU6 comm2 start: 1409862207224.758
CPU6 comm2 end: 1409862207225
CPU7 exe end: 1409862207229.821
CPU7 comm2 start: 1409862207229.844
CPU7 comm2 end: 1409862207229.981
CPU8 exe end: 1409862207230.69
CPU8 comm2 start: 1409862207230.708
CPU3 exe end: 1409862207230.774
CPU3 comm2 start: 1409862207230.793
CPU8 comm2 end: 1409862207230.837
CPU3 comm2 end: 1409862207230.883
CPU4 exe end: 1409862207235.917
CPU4 comm2 start: 1409862207235.935
CPU4 comm2 end: 1409862207236.088
CPU0 exe end: 1409862207236.715
CPU0 comm2 start: 1409862207236.734
CPU0 comm2 end: 1409862207236.836
CPU1 exe end: 1409862207243.848
CPU1 comm2 start: 1409862207243.871
CPU1 comm2 end: 1409862207244.009
CPU2 exe end: 1409862207246.482
CPU2 comm2 start: 1409862207246.503
CPU2 comm2 end: 1409862207246.636
CPU9 exe end: 1409862207260.642
CPU9 comm2 start: 1409862207260.664
CPU9 comm2 end: 1409862207260.791
CPU5 exe end: 1409862207263.613
CPU5 comm2 start: 1409862207263.631
CPU5 comm2 end: 1409862207263.757
CPU0 comm1 start: 1409862207263.815
CPU1 comm1 start: 1409862207263.923
CPU2 comm1 start: 1409862207263.968
CPU0 comm1 end: 1409862207264.013
CPU3 comm1 start: 1409862207264.023
CPU0 exe start: 1409862207264.029
CPU1 comm1 end: 1409862207264.066
CPU1 exe start: 1409862207264.082
CPU4 comm1 start: 1409862207264.081
CPU2 comm1 end: 1409862207264.124
CPU5 comm1 start: 1409862207264.137
CPU3 comm1 end: 1409862207264.172
CPU3 exe start: 1409862207264.187
CPU3 exe end: 1409862207264.191
CPU6 comm1 start: 1409862207264.192
CPU2 exe start: 1409862207264.14
CPU4 comm1 end: 1409862207264.213
CPU1 exe end: 1409862207264.223
CPU5 comm1 end: 1409862207264.271
CPU5 exe start: 1409862207264.287
CPU7 comm1 start: 1409862207264.29
CPU0 exe end: 1409862207264.142
CPU5 exe end: 1409862207264.295
CPU2 exe end: 1409862207264.337
CPU3 comm2 start: 1409862207264.195
CPU5 comm2 start: 1409862207264.376
CPU2 comm2 start: 1409862207264.377
CPU6 comm1 end: 1409862207264.416
CPU6 exe start: 1409862207264.431
CPU6 exe end: 1409862207264.455
CPU6 comm2 start: 1409862207264.461
CPU0 comm2 start: 1409862207264.458
CPU8 comm1 start: 1409862207264.483
CPU4 exe start: 1409862207264.234
CPU1 comm2 start: 1409862207264.521
CPU4 exe end: 1409862207264.515
CPU9 comm1 start: 1409862207264.605
CPU7 comm1 end: 1409862207264.649
CPU4 comm2 start: 1409862207264.636
CPU8 comm1 end: 1409862207264.679
CPU7 exe start: 1409862207264.667
CPU7 exe end: 1409862207264.715
CPU7 comm2 start: 1409862207264.721
CPU5 comm2 end: 1409862207264.678
CPU9 comm1 end: 1409862207264.748
CPU9 exe start: 1409862207264.768
CPU9 exe end: 1409862207264.786
CPU8 exe start: 1409862207264.703
CPU6 comm2 end: 1409862207264.785
CPU9 comm2 start: 1409862207264.794
CPU8 exe end: 1409862207264.819
CPU8 comm2 start: 1409862207264.833
CPU0 comm2 end: 1409862207264.846
CPU2 comm2 end: 1409862207264.871
CPU3 comm2 end: 1409862207264.9
CPU1 comm2 end: 1409862207264.92
CPU4 comm2 end: 1409862207264.946
CPU7 comm2 end: 1409862207264.966
CPU9 comm2 end: 1409862207265.008
CPU8 comm2 end: 1409862207265.034
GPU exe end: 1409862207495.651
GPU memcp start: 1409862207496.134
GPU memcp end: 1409862207499.704
GPU comm2 start: 1409862207499.716
GPU comm2 end: 1409862207499.91
DONE: 3379.62890625
