Start: 1409862192283.211
GPU comm0 start: 1409862192286.573
GPU comm1 start: 1409862192286.777
CPU0 comm0 start: 1409862192286.906
CPU1 comm0 start: 1409862192286.965
CPU2 comm0 start: 1409862192287.05
CPU3 comm0 start: 1409862192287.139
CPU4 comm0 start: 1409862192287.236
CPU5 comm0 start: 1409862192287.329
CPU6 comm0 start: 1409862192287.361
CPU7 comm0 start: 1409862192287.397
CPU8 comm0 start: 1409862192287.944
CPU9 comm0 start: 1409862192288.041
CPU0 comm1 start: 1409862192288.82
CPU1 comm1 start: 1409862192288.859
CPU2 comm1 start: 1409862192288.88
CPU3 comm1 start: 1409862192289.974
GPU comm0 end: 1409862192287.363
CPU3 comm0 end: 1409862192288.068
CPU4 comm1 start: 1409862192290.458
CPU5 comm1 start: 1409862192290.502
CPU6 comm1 start: 1409862192290.524
CPU7 comm1 start: 1409862192290.541
CPU8 comm1 start: 1409862192291.038
CPU9 comm1 start: 1409862192291.07
CPU2 comm0 end: 1409862192288.663
CPU0 comm0 end: 1409862192288.07
CPU1 comm0 end: 1409862192288.732
CPU4 comm0 end: 1409862192290.904
CPU9 comm0 end: 1409862192293.506
CPU3 comm1 end: 1409862192297.122
CPU3 exe start: 1409862192297.143
CPU5 comm0 end: 1409862192291.741
CPU2 comm1 end: 1409862192298.259
CPU2 exe start: 1409862192298.28
CPU1 comm1 end: 1409862192298.276
CPU1 exe start: 1409862192298.3
CPU8 comm0 end: 1409862192295.073
CPU7 comm0 end: 1409862192298.047
CPU6 comm0 end: 1409862192297.233
CPU4 comm1 end: 1409862192300.951
CPU4 exe start: 1409862192301.002
CPU0 comm1 end: 1409862192300.951
CPU0 exe start: 1409862192301.077
CPU5 comm1 end: 1409862192302.217
CPU9 comm1 end: 1409862192302.226
CPU9 exe start: 1409862192302.253
CPU5 exe start: 1409862192302.239
CPU8 comm1 end: 1409862192302.715
CPU8 exe start: 1409862192302.735
CPU7 comm1 end: 1409862192304.739
CPU7 exe start: 1409862192304.762
CPU6 comm1 end: 1409862192304.754
CPU6 exe start: 1409862192304.785
GPU memcp start: 1409862192305.255
GPU memcp end: 1409862192314.667
GPU memcp start: 1409862192315.346
GPU memcp end: 1409862192322.445
GPU comm1 end: 1409862192322.696
GPU exe start: 1409862192322.786
CPU3 exe end: 1409862192326.059
CPU3 comm2 start: 1409862192326.105
CPU3 comm2 end: 1409862192326.754
CPU8 exe end: 1409862192326.864
CPU8 comm2 start: 1409862192326.883
CPU2 exe end: 1409862192326.979
CPU2 comm2 start: 1409862192326.999
CPU9 exe end: 1409862192327.023
CPU9 comm2 start: 1409862192327.043
CPU8 comm2 end: 1409862192327.114
CPU9 comm2 end: 1409862192327.293
CPU2 comm2 end: 1409862192327.333
CPU4 exe end: 1409862192327.491
CPU4 comm2 start: 1409862192327.51
CPU5 exe end: 1409862192327.536
CPU0 exe end: 1409862192327.549
CPU0 comm2 start: 1409862192327.572
CPU7 exe end: 1409862192327.557
CPU5 comm2 start: 1409862192327.557
CPU7 comm2 start: 1409862192327.611
CPU4 comm2 end: 1409862192327.736
CPU0 comm2 end: 1409862192327.873
CPU5 comm2 end: 1409862192327.912
CPU7 comm2 end: 1409862192328.187
CPU6 exe end: 1409862192339.549
CPU6 comm2 start: 1409862192339.573
CPU1 exe end: 1409862192339.576
CPU1 comm2 start: 1409862192339.592
CPU6 comm2 end: 1409862192339.897
CPU1 comm2 end: 1409862192339.944
CPU0 comm1 start: 1409862192340.053
CPU1 comm1 start: 1409862192340.095
CPU2 comm1 start: 1409862192340.12
CPU0 comm1 end: 1409862192340.147
CPU0 exe start: 1409862192340.163
CPU3 comm1 start: 1409862192340.177
CPU1 comm1 end: 1409862192340.232
CPU1 exe start: 1409862192340.247
CPU2 comm1 end: 1409862192340.252
CPU2 exe start: 1409862192340.267
CPU4 comm1 start: 1409862192340.213
CPU5 comm1 start: 1409862192340.297
CPU3 comm1 end: 1409862192340.319
CPU4 comm1 end: 1409862192340.332
CPU4 exe start: 1409862192340.343
CPU3 exe start: 1409862192340.362
CPU6 comm1 start: 1409862192340.325
CPU5 comm1 end: 1409862192340.398
CPU5 exe start: 1409862192340.413
CPU7 comm1 start: 1409862192340.422
CPU8 comm1 start: 1409862192340.457
CPU6 comm1 end: 1409862192340.46
CPU9 comm1 start: 1409862192340.504
CPU6 exe start: 1409862192340.509
CPU7 comm1 end: 1409862192340.533
CPU7 exe start: 1409862192340.558
CPU8 comm1 end: 1409862192340.539
CPU8 exe start: 1409862192340.587
CPU9 comm1 end: 1409862192340.609
CPU9 exe start: 1409862192340.636
CPU2 exe end: 1409862192363.868
CPU5 exe end: 1409862192363.891
CPU2 comm2 start: 1409862192363.899
CPU5 comm2 start: 1409862192363.908
CPU0 exe end: 1409862192363.897
CPU0 comm2 start: 1409862192363.935
CPU3 exe end: 1409862192363.991
CPU4 exe end: 1409862192364.01
CPU3 comm2 start: 1409862192364.035
CPU4 comm2 start: 1409862192364.052
CPU8 exe end: 1409862192364.061
CPU7 exe end: 1409862192364.015
CPU2 comm2 end: 1409862192364.056
CPU8 comm2 start: 1409862192364.083
CPU7 comm2 start: 1409862192364.111
CPU5 comm2 end: 1409862192364.119
CPU0 comm2 end: 1409862192364.143
CPU3 comm2 end: 1409862192364.175
CPU9 exe end: 1409862192364.185
CPU9 comm2 start: 1409862192364.202
CPU4 comm2 end: 1409862192364.204
CPU8 comm2 end: 1409862192364.229
CPU7 comm2 end: 1409862192364.249
CPU9 comm2 end: 1409862192364.278
CPU1 exe end: 1409862192373.276
CPU6 exe end: 1409862192373.28
CPU1 comm2 start: 1409862192373.3
CPU6 comm2 start: 1409862192373.316
CPU1 comm2 end: 1409862192373.418
CPU6 comm2 end: 1409862192373.454
CPU0 comm1 start: 1409862192373.491
CPU1 comm1 start: 1409862192373.527
CPU2 comm1 start: 1409862192373.583
CPU0 comm1 end: 1409862192373.635
CPU3 comm1 start: 1409862192373.644
CPU0 exe start: 1409862192373.655
CPU4 comm1 start: 1409862192373.697
CPU5 comm1 start: 1409862192373.733
CPU1 comm1 end: 1409862192373.731
CPU2 comm1 end: 1409862192373.747
CPU2 exe start: 1409862192373.767
CPU3 comm1 end: 1409862192373.788
CPU6 comm1 start: 1409862192373.772
CPU3 exe start: 1409862192373.814
CPU1 exe start: 1409862192373.794
CPU4 comm1 end: 1409862192373.822
CPU7 comm1 start: 1409862192373.836
CPU4 exe start: 1409862192373.846
CPU5 comm1 end: 1409862192373.854
CPU5 exe start: 1409862192373.873
CPU6 comm1 end: 1409862192373.924
CPU8 comm1 start: 1409862192373.872
CPU6 exe start: 1409862192373.95
CPU7 comm1 end: 1409862192373.98
CPU9 comm1 start: 1409862192373.996
CPU7 exe start: 1409862192374.001
CPU8 comm1 end: 1409862192374.082
CPU8 exe start: 1409862192374.1
CPU9 comm1 end: 1409862192374.167
CPU9 exe start: 1409862192374.187
CPU2 exe end: 1409862192409.194
CPU2 comm2 start: 1409862192409.235
CPU0 exe end: 1409862192409.207
CPU0 comm2 start: 1409862192409.265
CPU4 exe end: 1409862192409.27
CPU4 comm2 start: 1409862192409.304
CPU3 exe end: 1409862192409.384
CPU5 exe end: 1409862192409.385
CPU5 comm2 start: 1409862192409.402
CPU3 comm2 start: 1409862192409.409
CPU2 comm2 end: 1409862192409.398
CPU0 comm2 end: 1409862192409.457
CPU7 exe end: 1409862192409.467
CPU7 comm2 start: 1409862192409.48
CPU4 comm2 end: 1409862192409.479
CPU1 exe end: 1409862192409.583
CPU1 comm2 start: 1409862192409.606
CPU9 exe end: 1409862192409.588
CPU8 exe end: 1409862192409.621
CPU8 comm2 start: 1409862192409.636
CPU9 comm2 start: 1409862192409.625
CPU5 comm2 end: 1409862192409.667
CPU3 comm2 end: 1409862192409.708
CPU7 comm2 end: 1409862192409.732
CPU1 comm2 end: 1409862192409.759
CPU8 comm2 end: 1409862192409.786
CPU6 exe end: 1409862192409.804
CPU6 comm2 start: 1409862192409.823
CPU9 comm2 end: 1409862192409.808
CPU6 comm2 end: 1409862192409.85
CPU0 comm1 start: 1409862192409.879
CPU1 comm1 start: 1409862192409.916
CPU2 comm1 start: 1409862192409.972
CPU3 comm1 start: 1409862192410.01
CPU0 comm1 end: 1409862192410.038
CPU0 exe start: 1409862192410.052
CPU4 comm1 start: 1409862192410.065
CPU5 comm1 start: 1409862192410.101
CPU6 comm1 start: 1409862192410.167
CPU1 comm1 end: 1409862192410.237
CPU2 comm1 end: 1409862192410.246
CPU3 comm1 end: 1409862192410.259
CPU4 comm1 end: 1409862192410.259
CPU3 exe start: 1409862192410.276
CPU6 comm1 end: 1409862192410.371
CPU6 exe start: 1409862192410.385
CPU2 exe start: 1409862192410.264
CPU5 comm1 end: 1409862192410.264
CPU5 exe start: 1409862192410.417
CPU7 comm1 start: 1409862192410.26
CPU1 exe start: 1409862192410.251
CPU4 exe start: 1409862192410.393
CPU8 comm1 start: 1409862192410.532
CPU9 comm1 start: 1409862192410.625
CPU7 comm1 end: 1409862192410.653
CPU7 exe start: 1409862192410.667
CPU8 comm1 end: 1409862192410.711
CPU8 exe start: 1409862192410.723
CPU9 comm1 end: 1409862192410.822
CPU9 exe start: 1409862192410.847
GPU exe end: 1409862192421.724
GPU memcp start: 1409862192421.811
GPU memcp end: 1409862192421.99
GPU comm2 start: 1409862192422.004
GPU comm2 end: 1409862192422.512
GPU schdl start: 1409862192422.55
GPU comm1 start: 1409862192422.735
GPU schdl end: 1409862192422.757
GPU comm1 end: 1409862192422.859
GPU exe start: 1409862192422.889
CPU3 exe end: 1409862192463.078
CPU3 comm2 start: 1409862192463.121
CPU6 exe end: 1409862192463.211
CPU6 comm2 start: 1409862192463.226
CPU2 exe end: 1409862192463.251
CPU2 comm2 start: 1409862192463.281
CPU3 comm2 end: 1409862192463.298
CPU6 comm2 end: 1409862192463.356
CPU0 exe end: 1409862192463.355
CPU0 comm2 start: 1409862192463.38
CPU2 comm2 end: 1409862192463.387
CPU1 exe end: 1409862192463.412
CPU1 comm2 start: 1409862192463.428
CPU0 comm2 end: 1409862192463.43
CPU1 comm2 end: 1409862192463.456
CPU7 exe end: 1409862192463.744
CPU7 comm2 start: 1409862192463.759
CPU4 exe end: 1409862192463.836
CPU4 comm2 start: 1409862192463.852
CPU7 comm2 end: 1409862192463.861
CPU8 exe end: 1409862192463.888
CPU4 comm2 end: 1409862192463.898
CPU8 comm2 start: 1409862192463.902
CPU8 comm2 end: 1409862192463.964
CPU9 exe end: 1409862192463.99
CPU9 comm2 start: 1409862192464.002
CPU5 exe end: 1409862192464.041
CPU5 comm2 start: 1409862192464.056
CPU9 comm2 end: 1409862192464.058
CPU5 comm2 end: 1409862192464.094
CPU0 comm1 start: 1409862192464.143
CPU1 comm1 start: 1409862192464.219
CPU2 comm1 start: 1409862192464.249
CPU3 comm1 start: 1409862192464.277
CPU0 comm1 end: 1409862192464.283
CPU1 comm1 end: 1409862192464.294
CPU1 exe start: 1409862192464.31
CPU4 comm1 start: 1409862192464.335
CPU2 comm1 end: 1409862192464.385
CPU2 exe start: 1409862192464.4
CPU3 comm1 end: 1409862192464.415
CPU5 comm1 start: 1409862192464.423
CPU0 exe start: 1409862192464.296
CPU3 exe start: 1409862192464.429
CPU6 comm1 start: 1409862192464.497
CPU4 comm1 end: 1409862192464.522
CPU7 comm1 start: 1409862192464.534
CPU5 comm1 end: 1409862192464.568
CPU5 exe start: 1409862192464.581
CPU4 exe start: 1409862192464.538
CPU6 comm1 end: 1409862192464.627
CPU6 exe start: 1409862192464.643
CPU8 comm1 start: 1409862192464.598
CPU9 comm1 start: 1409862192464.675
CPU7 comm1 end: 1409862192464.694
CPU7 exe start: 1409862192464.71
CPU8 comm1 end: 1409862192464.743
CPU8 exe start: 1409862192464.757
CPU9 comm1 end: 1409862192464.82
CPU9 exe start: 1409862192464.836
CPU3 exe end: 1409862192543.537
CPU3 comm2 start: 1409862192543.579
CPU1 exe end: 1409862192543.597
CPU1 comm2 start: 1409862192543.613
CPU2 exe end: 1409862192543.677
CPU2 comm2 start: 1409862192543.709
CPU0 exe end: 1409862192543.757
CPU0 comm2 start: 1409862192543.777
CPU3 comm2 end: 1409862192543.746
CPU6 exe end: 1409862192543.809
CPU1 comm2 end: 1409862192543.823
CPU6 comm2 start: 1409862192543.825
CPU2 comm2 end: 1409862192543.847
CPU4 exe end: 1409862192543.837
CPU4 comm2 start: 1409862192543.871
CPU8 exe end: 1409862192543.879
CPU8 comm2 start: 1409862192543.897
CPU0 comm2 end: 1409862192543.883
CPU6 comm2 end: 1409862192543.932
CPU4 comm2 end: 1409862192543.954
CPU8 comm2 end: 1409862192543.98
CPU7 exe end: 1409862192544.238
CPU7 comm2 start: 1409862192544.251
CPU7 comm2 end: 1409862192544.345
CPU5 exe end: 1409862192544.41
CPU5 comm2 start: 1409862192544.422
CPU5 comm2 end: 1409862192544.506
CPU9 exe end: 1409862192544.703
CPU9 comm2 start: 1409862192544.715
CPU9 comm2 end: 1409862192544.804
CPU0 comm1 start: 1409862192544.857
CPU1 comm1 start: 1409862192544.893
CPU2 comm1 start: 1409862192544.924
CPU3 comm1 start: 1409862192544.951
CPU0 comm1 end: 1409862192544.96
CPU0 exe start: 1409862192545.013
CPU2 comm1 end: 1409862192545.047
CPU2 exe start: 1409862192545.063
CPU1 comm1 end: 1409862192544.966
CPU4 comm1 start: 1409862192545.107
CPU1 exe start: 1409862192545.117
CPU5 comm1 start: 1409862192545.14
CPU3 comm1 end: 1409862192545.149
CPU3 exe start: 1409862192545.169
CPU6 comm1 start: 1409862192545.202
CPU7 comm1 start: 1409862192545.237
CPU4 comm1 end: 1409862192545.254
CPU4 exe start: 1409862192545.274
CPU6 comm1 end: 1409862192545.341
CPU6 exe start: 1409862192545.356
CPU5 comm1 end: 1409862192545.272
CPU8 comm1 start: 1409862192545.288
CPU5 exe start: 1409862192545.388
CPU7 comm1 end: 1409862192545.387
CPU9 comm1 start: 1409862192545.423
CPU7 exe start: 1409862192545.435
CPU8 comm1 end: 1409862192545.489
CPU8 exe start: 1409862192545.503
CPU9 comm1 end: 1409862192545.566
CPU9 exe start: 1409862192545.582
GPU exe end: 1409862192572.342
GPU memcp start: 1409862192572.41
GPU memcp end: 1409862192572.564
GPU comm2 start: 1409862192572.574
GPU comm2 end: 1409862192572.677
GPU schdl start: 1409862192572.72
GPU comm1 start: 1409862192572.844
GPU schdl end: 1409862192572.868
GPU comm1 end: 1409862192572.989
GPU exe start: 1409862192573.015
CPU2 exe end: 1409862192663.849
CPU2 comm2 start: 1409862192663.886
CPU3 exe end: 1409862192663.893
CPU3 comm2 start: 1409862192663.926
CPU1 exe end: 1409862192664.088
CPU1 comm2 start: 1409862192664.116
CPU2 comm2 end: 1409862192664.079
CPU6 exe end: 1409862192664.15
CPU6 comm2 start: 1409862192664.164
CPU3 comm2 end: 1409862192664.176
CPU5 exe end: 1409862192664.19
CPU5 comm2 start: 1409862192664.203
CPU4 exe end: 1409862192664.204
CPU1 comm2 end: 1409862192664.202
CPU4 comm2 start: 1409862192664.219
CPU6 comm2 end: 1409862192664.249
CPU5 comm2 end: 1409862192664.273
CPU4 comm2 end: 1409862192664.293
CPU8 exe end: 1409862192664.51
CPU8 comm2 start: 1409862192664.525
CPU8 comm2 end: 1409862192664.642
CPU7 exe end: 1409862192664.762
CPU7 comm2 start: 1409862192664.775
CPU7 comm2 end: 1409862192664.909
CPU9 exe end: 1409862192665.417
CPU9 comm2 start: 1409862192665.432
CPU9 comm2 end: 1409862192665.55
CPU0 exe end: 1409862192665.742
CPU0 comm2 start: 1409862192665.758
CPU0 comm2 end: 1409862192665.872
CPU0 comm1 start: 1409862192665.944
CPU1 comm1 start: 1409862192665.982
CPU2 comm1 start: 1409862192666.015
CPU0 comm1 end: 1409862192666.051
CPU0 exe start: 1409862192666.117
CPU1 comm1 end: 1409862192666.119
CPU1 exe start: 1409862192666.143
CPU3 comm1 start: 1409862192666.057
CPU2 comm1 end: 1409862192666.157
CPU2 exe start: 1409862192666.182
CPU4 comm1 start: 1409862192666.185
CPU5 comm1 start: 1409862192666.254
CPU3 comm1 end: 1409862192666.293
CPU3 exe start: 1409862192666.308
CPU4 comm1 end: 1409862192666.35
CPU4 exe start: 1409862192666.369
CPU6 comm1 start: 1409862192666.309
CPU5 comm1 end: 1409862192666.39
CPU5 exe start: 1409862192666.403
CPU7 comm1 start: 1409862192666.42
CPU8 comm1 start: 1409862192666.475
CPU6 comm1 end: 1409862192666.515
CPU9 comm1 start: 1409862192666.522
CPU6 exe start: 1409862192666.531
CPU7 comm1 end: 1409862192666.546
CPU7 exe start: 1409862192666.561
CPU8 comm1 end: 1409862192666.621
CPU8 exe start: 1409862192666.636
CPU9 comm1 end: 1409862192666.698
CPU9 exe start: 1409862192666.721
GPU exe end: 1409862192796.893
GPU memcp start: 1409862192796.961
GPU memcp end: 1409862192797.106
GPU comm2 start: 1409862192797.13
GPU comm2 end: 1409862192797.267
GPU schdl start: 1409862192797.313
GPU comm1 start: 1409862192797.379
GPU schdl end: 1409862192797.395
GPU comm1 end: 1409862192797.508
GPU exe start: 1409862192797.534
CPU5 exe end: 1409862192844.707
CPU5 comm2 start: 1409862192844.744
CPU7 exe end: 1409862192844.832
CPU7 comm2 start: 1409862192844.846
CPU5 comm2 end: 1409862192844.94
CPU7 comm2 end: 1409862192845.034
CPU2 exe end: 1409862192845.475
CPU2 comm2 start: 1409862192845.49
CPU2 comm2 end: 1409862192845.606
CPU4 exe end: 1409862192845.787
CPU1 exe end: 1409862192845.791
CPU4 comm2 start: 1409862192845.819
CPU1 comm2 start: 1409862192845.827
CPU4 comm2 end: 1409862192845.954
CPU1 comm2 end: 1409862192845.993
CPU6 exe end: 1409862192846.096
CPU6 comm2 start: 1409862192846.113
CPU6 comm2 end: 1409862192846.237
CPU8 exe end: 1409862192846.319
CPU8 comm2 start: 1409862192846.332
CPU3 exe end: 1409862192846.435
CPU3 comm2 start: 1409862192846.447
CPU9 exe end: 1409862192846.447
CPU8 comm2 end: 1409862192846.45
CPU9 comm2 start: 1409862192846.461
CPU3 comm2 end: 1409862192846.496
CPU9 comm2 end: 1409862192846.523
CPU0 exe end: 1409862192846.989
CPU0 comm2 start: 1409862192847.005
CPU0 comm2 end: 1409862192847.137
CPU0 comm1 start: 1409862192847.397
CPU1 comm1 start: 1409862192847.439
CPU2 comm1 start: 1409862192847.472
CPU0 comm1 end: 1409862192847.509
CPU3 comm1 start: 1409862192847.517
CPU0 exe start: 1409862192847.522
CPU4 comm1 start: 1409862192847.562
CPU1 comm1 end: 1409862192847.573
CPU2 comm1 end: 1409862192847.587
CPU2 exe start: 1409862192847.611
CPU5 comm1 start: 1409862192847.633
CPU3 comm1 end: 1409862192847.67
CPU3 exe start: 1409862192847.689
CPU4 comm1 end: 1409862192847.742
CPU6 comm1 start: 1409862192847.762
CPU1 exe start: 1409862192847.593
CPU4 exe start: 1409862192847.762
CPU7 comm1 start: 1409862192847.801
CPU5 comm1 end: 1409862192847.836
CPU5 exe start: 1409862192847.85
CPU8 comm1 start: 1409862192847.864
CPU9 comm1 start: 1409862192847.901
CPU6 comm1 end: 1409862192847.904
CPU6 exe start: 1409862192847.922
CPU7 comm1 end: 1409862192847.939
CPU7 exe start: 1409862192847.952
CPU8 comm1 end: 1409862192848.004
CPU8 exe start: 1409862192848.02
CPU9 comm1 end: 1409862192848.038
CPU9 exe start: 1409862192848.053
CPU2 exe end: 1409862193115.943
CPU2 comm2 start: 1409862193115.987
CPU7 exe end: 1409862193116.084
CPU7 comm2 start: 1409862193116.773
CPU2 comm2 end: 1409862193116.188
CPU0 exe end: 1409862193116.591
CPU0 comm2 start: 1409862193116.899
CPU5 exe end: 1409862193116.912
CPU5 comm2 start: 1409862193116.934
CPU7 comm2 end: 1409862193116.915
CPU0 comm2 end: 1409862193116.969
CPU5 comm2 end: 1409862193117.019
CPU3 exe end: 1409862193117.166
CPU3 comm2 start: 1409862193117.195
CPU9 exe end: 1409862193117.314
CPU9 comm2 start: 1409862193117.327
CPU3 comm2 end: 1409862193117.34
CPU9 comm2 end: 1409862193117.387
CPU6 exe end: 1409862193117.413
CPU6 comm2 start: 1409862193117.43
CPU6 comm2 end: 1409862193117.54
CPU4 exe end: 1409862193117.678
CPU4 comm2 start: 1409862193117.693
CPU8 exe end: 1409862193117.764
CPU8 comm2 start: 1409862193117.794
CPU1 exe end: 1409862193117.774
CPU1 comm2 start: 1409862193117.814
CPU4 comm2 end: 1409862193117.814
CPU8 comm2 end: 1409862193117.854
CPU1 comm2 end: 1409862193117.889
CPU0 comm1 start: 1409862193117.927
CPU1 comm1 start: 1409862193117.96
CPU2 comm1 start: 1409862193117.993
CPU0 comm1 end: 1409862193118.028
CPU0 exe start: 1409862193118.09
CPU3 comm1 start: 1409862193118.033
CPU1 comm1 end: 1409862193118.094
CPU1 exe start: 1409862193118.129
CPU4 comm1 start: 1409862193118.13
CPU3 comm1 end: 1409862193118.24
CPU3 exe start: 1409862193118.256
CPU2 comm1 end: 1409862193118.13
CPU5 comm1 start: 1409862193118.273
CPU2 exe start: 1409862193118.332
CPU6 comm1 start: 1409862193118.349
CPU4 comm1 end: 1409862193118.369
CPU4 exe start: 1409862193118.385
CPU7 comm1 start: 1409862193118.406
CPU8 comm1 start: 1409862193118.439
CPU5 comm1 end: 1409862193118.446
CPU5 exe start: 1409862193118.461
CPU6 comm1 end: 1409862193118.473
CPU7 comm1 end: 1409862193118.509
CPU7 exe start: 1409862193118.523
CPU9 comm1 start: 1409862193118.475
CPU6 exe start: 1409862193118.537
CPU8 comm1 end: 1409862193118.576
CPU8 exe start: 1409862193118.591
CPU9 comm1 end: 1409862193118.664
CPU9 exe start: 1409862193118.68
GPU exe end: 1409862193132.115
GPU memcp start: 1409862193132.19
GPU memcp end: 1409862193132.399
GPU comm2 start: 1409862193132.409
GPU comm2 end: 1409862193132.539
GPU schdl start: 1409862193132.584
GPU comm1 start: 1409862193132.636
GPU schdl end: 1409862193132.652
GPU comm1 end: 1409862193132.779
GPU exe start: 1409862193132.808
CPU5 exe end: 1409862193521.979
CPU5 comm2 start: 1409862193522.02
CPU3 exe end: 1409862193522.009
CPU3 comm2 start: 1409862193522.061
CPU7 exe end: 1409862193522.184
CPU7 comm2 start: 1409862193522.201
CPU2 exe end: 1409862193522.44
CPU2 comm2 start: 1409862193522.457
CPU5 comm2 end: 1409862193522.403
CPU0 exe end: 1409862193522.522
CPU3 comm2 end: 1409862193522.531
CPU0 comm2 start: 1409862193522.539
CPU7 comm2 end: 1409862193522.569
CPU2 comm2 end: 1409862193522.596
CPU9 exe end: 1409862193522.594
CPU9 comm2 start: 1409862193522.627
CPU0 comm2 end: 1409862193522.631
CPU4 exe end: 1409862193522.686
CPU4 comm2 start: 1409862193522.702
CPU9 comm2 end: 1409862193522.71
CPU4 comm2 end: 1409862193522.759
CPU6 exe end: 1409862193522.816
CPU6 comm2 start: 1409862193522.833
CPU8 exe end: 1409862193522.916
CPU8 comm2 start: 1409862193522.931
CPU6 comm2 end: 1409862193522.951
CPU8 comm2 end: 1409862193522.991
CPU1 exe end: 1409862193523.725
CPU1 comm2 start: 1409862193523.743
CPU1 comm2 end: 1409862193523.862
CPU0 comm1 start: 1409862193523.922
CPU1 comm1 start: 1409862193524.035
CPU2 comm1 start: 1409862193524.071
CPU3 comm1 start: 1409862193524.09
CPU0 comm1 end: 1409862193524.108
CPU1 comm1 end: 1409862193524.119
CPU0 exe start: 1409862193524.121
CPU1 exe start: 1409862193524.137
CPU4 comm1 start: 1409862193524.157
CPU2 comm1 end: 1409862193524.196
CPU2 exe start: 1409862193524.214
CPU3 comm1 end: 1409862193524.231
CPU3 exe start: 1409862193524.244
CPU5 comm1 start: 1409862193524.257
CPU6 comm1 start: 1409862193524.31
CPU4 comm1 end: 1409862193524.351
CPU4 exe start: 1409862193524.367
CPU5 comm1 end: 1409862193524.409
CPU7 comm1 start: 1409862193524.369
CPU5 exe start: 1409862193524.425
CPU8 comm1 start: 1409862193524.449
CPU6 comm1 end: 1409862193524.462
CPU6 exe start: 1409862193524.478
CPU9 comm1 start: 1409862193524.486
CPU7 comm1 end: 1409862193524.521
CPU7 exe start: 1409862193524.534
CPU8 comm1 end: 1409862193524.58
CPU8 exe start: 1409862193524.596
CPU9 comm1 end: 1409862193524.649
CPU9 exe start: 1409862193524.664
GPU exe end: 1409862193643.56
GPU memcp start: 1409862193643.632
GPU memcp end: 1409862193643.856
GPU comm2 start: 1409862193643.867
GPU comm2 end: 1409862193643.996
GPU schdl start: 1409862193644.049
GPU comm1 start: 1409862193644.169
GPU schdl end: 1409862193644.189
GPU comm1 end: 1409862193644.493
GPU exe start: 1409862193644.516
CPU5 exe end: 1409862194125.821
CPU5 comm2 start: 1409862194125.862
CPU5 comm2 end: 1409862194126.055
CPU7 exe end: 1409862194126.124
CPU7 comm2 start: 1409862194126.14
CPU2 exe end: 1409862194126.165
CPU2 comm2 start: 1409862194126.18
CPU7 comm2 end: 1409862194126.25
CPU2 comm2 end: 1409862194126.289
CPU3 exe end: 1409862194126.847
CPU3 comm2 start: 1409862194126.879
CPU3 comm2 end: 1409862194127.007
CPU1 exe end: 1409862194127.433
CPU1 comm2 start: 1409862194127.449
CPU1 comm2 end: 1409862194127.564
CPU9 exe end: 1409862194128.178
CPU9 comm2 start: 1409862194128.195
CPU9 comm2 end: 1409862194128.313
CPU8 exe end: 1409862194128.847
CPU8 comm2 start: 1409862194128.863
CPU8 comm2 end: 1409862194129.006
CPU0 exe end: 1409862194130.383
CPU0 comm2 start: 1409862194130.399
CPU0 comm2 end: 1409862194130.511
CPU4 exe end: 1409862194130.606
CPU4 comm2 start: 1409862194130.621
CPU4 comm2 end: 1409862194130.734
CPU6 exe end: 1409862194131.968
CPU6 comm2 start: 1409862194131.984
CPU6 comm2 end: 1409862194132.099
CPU0 comm1 start: 1409862194132.141
CPU0 comm1 end: 1409862194132.246
CPU0 exe start: 1409862194132.262
CPU1 comm1 start: 1409862194132.179
CPU2 comm1 start: 1409862194132.298
CPU3 comm1 start: 1409862194132.342
CPU4 comm1 start: 1409862194132.396
CPU1 comm1 end: 1409862194132.405
CPU1 exe start: 1409862194132.425
CPU5 comm1 start: 1409862194132.428
CPU2 comm1 end: 1409862194132.437
CPU2 exe start: 1409862194132.453
CPU3 comm1 end: 1409862194132.471
CPU3 exe start: 1409862194132.487
CPU6 comm1 start: 1409862194132.501
CPU4 comm1 end: 1409862194132.552
CPU7 comm1 start: 1409862194132.556
CPU5 comm1 end: 1409862194132.596
CPU5 exe start: 1409862194132.612
CPU4 exe start: 1409862194132.631
CPU8 comm1 start: 1409862194132.645
CPU6 comm1 end: 1409862194132.669
CPU6 exe start: 1409862194132.686
CPU9 comm1 start: 1409862194132.701
CPU7 comm1 end: 1409862194132.743
CPU7 exe start: 1409862194132.758
CPU8 comm1 end: 1409862194132.799
CPU8 exe start: 1409862194132.815
CPU9 comm1 end: 1409862194132.834
CPU9 exe start: 1409862194132.847
GPU exe end: 1409862198960.993
GPU memcp start: 1409862198961.795
GPU memcp end: 1409862198962.988
GPU comm2 start: 1409862198962.999
GPU comm2 end: 1409862198963.21
GPU schdl start: 1409862198963.255
GPU comm1 start: 1409862198963.32
GPU schdl end: 1409862198963.337
GPU comm1 end: 1409862198963.513
GPU exe start: 1409862198963.554
GPU exe end: 1409862198963.939
GPU memcp start: 1409862198963.977
GPU memcp end: 1409862198964.103
GPU comm2 start: 1409862198964.115
GPU comm2 end: 1409862198964.218
CPU2 exe end: 1409862199066.285
CPU2 comm2 start: 1409862199066.327
CPU2 comm2 end: 1409862199066.517
CPU7 exe end: 1409862199069.931
CPU7 comm2 start: 1409862199069.948
CPU7 comm2 end: 1409862199070.117
CPU5 exe end: 1409862199082.78
CPU5 comm2 start: 1409862199082.813
CPU5 comm2 end: 1409862199082.983
CPU0 exe end: 1409862199094.448
CPU0 comm2 start: 1409862199094.478
CPU0 comm2 end: 1409862199094.609
CPU4 exe end: 1409862199164.282
CPU4 comm2 start: 1409862199164.324
CPU4 comm2 end: 1409862199164.506
CPU9 exe end: 1409862199167.408
CPU9 comm2 start: 1409862199167.426
CPU9 comm2 end: 1409862199167.525
CPU3 exe end: 1409862199170.535
CPU3 comm2 start: 1409862199170.57
CPU3 comm2 end: 1409862199170.703
CPU8 exe end: 1409862199174.262
CPU8 comm2 start: 1409862199174.279
CPU8 comm2 end: 1409862199174.394
CPU6 exe end: 1409862199181.226
CPU6 comm2 start: 1409862199181.246
CPU6 comm2 end: 1409862199181.373
CPU1 exe end: 1409862199182.679
CPU1 comm2 start: 1409862199182.697
CPU1 comm2 end: 1409862199182.835
DONE: 6899.941162109375
