Start: 1409862303355.511
GPU comm0 start: 1409862303358.388
GPU comm1 start: 1409862303390.718
CPU0 comm0 start: 1409862303390.917
CPU1 comm0 start: 1409862303419.759
GPU comm0 end: 1409862303422.484
GPU memcp start: 1409862303423.746
GPU memcp end: 1409862303431.545
GPU memcp start: 1409862303431.691
GPU memcp end: 1409862303438.955
GPU comm1 end: 1409862303439.21
GPU exe start: 1409862303439.273
CPU2 comm0 start: 1409862303463.417
CPU0 comm0 end: 1409862303463.819
CPU3 comm0 start: 1409862303499.022
CPU1 comm0 end: 1409862303503.81
CPU4 comm0 start: 1409862303531.557
GPU exe end: 1409862303538.232
CPU2 comm0 end: 1409862303537.642
GPU memcp start: 1409862303538.314
GPU memcp end: 1409862303538.64
GPU comm2 start: 1409862303538.653
CPU5 comm0 start: 1409862303565.72
CPU3 comm0 end: 1409862303574.392
CPU6 comm0 start: 1409862303596.122
CPU4 comm0 end: 1409862303597.24
CPU7 comm0 start: 1409862303632.863
CPU5 comm0 end: 1409862303634.366
CPU6 comm0 end: 1409862303664.495
CPU8 comm0 start: 1409862303664.598
CPU9 comm0 start: 1409862303702.85
CPU7 comm0 end: 1409862303704.944
CPU0 comm1 start: 1409862303734.05
CPU1 comm1 start: 1409862303734.151
CPU2 comm1 start: 1409862303734.208
CPU3 comm1 start: 1409862303734.268
CPU4 comm1 start: 1409862303734.325
CPU0 comm1 end: 1409862303734.326
CPU0 exe start: 1409862303734.365
CPU1 comm1 end: 1409862303734.379
CPU5 comm1 start: 1409862303734.391
CPU1 exe start: 1409862303734.409
CPU2 comm1 end: 1409862303734.434
CPU2 exe start: 1409862303734.455
CPU3 comm1 end: 1409862303734.504
CPU6 comm1 start: 1409862303734.508
CPU3 exe start: 1409862303734.531
CPU4 comm1 end: 1409862303734.534
CPU4 exe start: 1409862303734.552
CPU7 comm1 start: 1409862303734.577
CPU8 comm1 start: 1409862303734.637
CPU9 comm1 start: 1409862303734.658
CPU5 comm1 end: 1409862303734.656
CPU5 exe start: 1409862303734.685
CPU6 comm1 end: 1409862303734.731
CPU6 exe start: 1409862303734.75
CPU7 comm1 end: 1409862303734.817
CPU7 exe start: 1409862303734.838
GPU comm2 end: 1409862303737.245
CPU8 comm0 end: 1409862303740.195
CPU8 comm1 end: 1409862303741.017
CPU8 exe start: 1409862303741.031
GPU comm1 start: 1409862303760.145
GPU comm1 end: 1409862303760.325
GPU exe start: 1409862303760.374
CPU9 comm0 end: 1409862303770.756
CPU9 comm1 end: 1409862303771.229
CPU9 exe start: 1409862303771.242
CPU0 exe end: 1409862303772.862
CPU3 exe end: 1409862303772.892
CPU2 exe end: 1409862303772.901
CPU4 exe end: 1409862303772.794
CPU6 exe end: 1409862303772.801
CPU0 comm2 start: 1409862303772.95
CPU7 exe end: 1409862303772.829
CPU3 comm2 start: 1409862303772.951
CPU2 comm2 start: 1409862303772.992
CPU1 exe end: 1409862303772.843
CPU6 comm2 start: 1409862303774.015
CPU1 comm2 start: 1409862303774.024
CPU7 comm2 start: 1409862303774.027
CPU4 comm2 start: 1409862303774.019
CPU5 exe end: 1409862303775.422
CPU5 comm2 start: 1409862303775.468
CPU8 exe end: 1409862303783.047
CPU8 comm2 start: 1409862303783.168
CPU9 exe end: 1409862303805.953
CPU9 comm2 start: 1409862303806.057
CPU2 comm2 end: 1409862303822.718
CPU6 comm2 end: 1409862303839.291
CPU0 comm2 end: 1409862303855.801
CPU7 comm2 end: 1409862303872.379
CPU5 comm2 end: 1409862303888.984
CPU3 comm2 end: 1409862303905.478
GPU exe end: 1409862303910.309
GPU memcp start: 1409862303910.372
GPU memcp end: 1409862303910.572
GPU comm2 start: 1409862303910.582
CPU4 comm2 end: 1409862303924.052
CPU1 comm2 end: 1409862303940.721
CPU8 comm2 end: 1409862303957.308
CPU9 comm2 end: 1409862303973.806
CPU0 comm1 start: 1409862303974.098
CPU1 comm1 start: 1409862303974.153
CPU2 comm1 start: 1409862303974.194
CPU3 comm1 start: 1409862303974.227
CPU4 comm1 start: 1409862303974.253
CPU0 comm1 end: 1409862303974.255
CPU0 exe start: 1409862303974.273
CPU5 comm1 start: 1409862303974.283
CPU1 comm1 end: 1409862303974.288
CPU6 comm1 start: 1409862303974.305
CPU2 comm1 end: 1409862303974.289
CPU3 comm1 end: 1409862303974.348
CPU3 exe start: 1409862303974.379
CPU7 comm1 start: 1409862303974.376
CPU5 comm1 end: 1409862303974.417
CPU5 exe start: 1409862303974.451
CPU6 comm1 end: 1409862303974.463
CPU6 exe start: 1409862303974.484
CPU7 comm1 end: 1409862303974.491
CPU7 exe start: 1409862303974.508
CPU4 comm1 end: 1409862303974.354
CPU4 exe start: 1409862303974.548
CPU8 comm1 start: 1409862303974.433
CPU2 exe start: 1409862303974.587
CPU1 exe start: 1409862303974.658
CPU9 comm1 start: 1409862303974.671
CPU8 comm1 end: 1409862303974.788
CPU8 exe start: 1409862303974.805
CPU9 comm1 end: 1409862303974.816
GPU comm2 end: 1409862303974.813
CPU9 exe start: 1409862303974.85
GPU schdl start: 1409862303974.851
GPU comm1 start: 1409862303992.536
GPU schdl end: 1409862303992.631
GPU comm1 end: 1409862303992.802
GPU exe start: 1409862303992.851
CPU3 exe end: 1409862303998.247
CPU3 comm2 start: 1409862303998.31
CPU6 exe end: 1409862303998.343
CPU6 comm2 start: 1409862303998.399
CPU4 exe end: 1409862303998.414
CPU4 comm2 start: 1409862303998.454
CPU2 exe end: 1409862303998.496
CPU1 exe end: 1409862303998.513
CPU2 comm2 start: 1409862303998.539
CPU1 comm2 start: 1409862303998.552
CPU9 exe end: 1409862303998.618
CPU8 exe end: 1409862303998.641
CPU9 comm2 start: 1409862303998.662
CPU8 comm2 start: 1409862303998.686
CPU5 exe end: 1409862303999.093
CPU5 comm2 start: 1409862303999.135
CPU0 exe end: 1409862304006.587
CPU0 comm2 start: 1409862304006.635
CPU7 exe end: 1409862304006.674
CPU7 comm2 start: 1409862304006.717
CPU3 comm2 end: 1409862304051.07
CPU1 comm2 end: 1409862304067.254
CPU8 comm2 end: 1409862304082.965
CPU4 comm2 end: 1409862304098.738
CPU6 comm2 end: 1409862304114.546
CPU0 comm2 end: 1409862304130.273
CPU2 comm2 end: 1409862304146.014
CPU5 comm2 end: 1409862304161.799
CPU7 comm2 end: 1409862304177.493
CPU9 comm2 end: 1409862304193.227
CPU0 comm1 start: 1409862304193.358
CPU0 comm1 end: 1409862304193.544
CPU0 exe start: 1409862304193.566
CPU1 comm1 start: 1409862304193.589
CPU2 comm1 start: 1409862304193.63
CPU3 comm1 start: 1409862304193.677
CPU4 comm1 start: 1409862304193.711
CPU5 comm1 start: 1409862304193.738
CPU1 comm1 end: 1409862304193.741
CPU2 comm1 end: 1409862304193.766
CPU2 exe start: 1409862304193.793
CPU6 comm1 start: 1409862304193.798
CPU4 comm1 end: 1409862304193.856
CPU4 exe start: 1409862304193.877
CPU7 comm1 start: 1409862304193.898
CPU5 comm1 end: 1409862304193.915
CPU5 exe start: 1409862304193.935
CPU8 comm1 start: 1409862304194.015
CPU3 comm1 end: 1409862304193.769
CPU3 exe start: 1409862304194.093
CPU1 exe start: 1409862304193.776
CPU6 comm1 end: 1409862304194.017
CPU9 comm1 start: 1409862304194.135
CPU6 exe start: 1409862304194.211
CPU8 comm1 end: 1409862304194.24
CPU8 exe start: 1409862304194.26
CPU7 comm1 end: 1409862304194.132
CPU7 exe start: 1409862304194.365
CPU9 comm1 end: 1409862304194.417
CPU9 exe start: 1409862304194.439
GPU exe end: 1409862304217.16
GPU memcp start: 1409862304217.241
GPU memcp end: 1409862304217.396
GPU comm2 start: 1409862304217.415
GPU comm2 end: 1409862304228.56
GPU schdl start: 1409862304228.632
CPU0 exe end: 1409862304229.148
CPU0 comm2 start: 1409862304229.194
CPU5 exe end: 1409862304229.638
CPU5 comm2 start: 1409862304229.669
CPU2 exe end: 1409862304229.677
CPU2 comm2 start: 1409862304229.731
CPU6 exe end: 1409862304229.927
CPU3 exe end: 1409862304229.949
CPU1 exe end: 1409862304229.972
CPU3 comm2 start: 1409862304229.993
CPU7 exe end: 1409862304230
CPU1 comm2 start: 1409862304230.006
CPU6 comm2 start: 1409862304229.96
CPU7 comm2 start: 1409862304230.046
CPU9 exe end: 1409862304230.024
CPU4 exe end: 1409862304230.053
CPU9 comm2 start: 1409862304230.091
CPU4 comm2 start: 1409862304230.106
CPU8 exe end: 1409862304230.107
CPU8 comm2 start: 1409862304230.138
GPU comm1 start: 1409862304272.859
GPU schdl end: 1409862304272.937
GPU comm1 end: 1409862304273.124
GPU exe start: 1409862304273.176
CPU3 comm2 end: 1409862304292.138
CPU0 comm2 end: 1409862304310.941
CPU8 comm2 end: 1409862304329.696
CPU5 comm2 end: 1409862304348.403
CPU4 comm2 end: 1409862304366.488
CPU9 comm2 end: 1409862304383.725
CPU6 comm2 end: 1409862304401.009
CPU2 comm2 end: 1409862304418.314
CPU1 comm2 end: 1409862304435.586
CPU7 comm2 end: 1409862304452.866
CPU0 comm1 start: 1409862304453.001
CPU1 comm1 start: 1409862304453.064
CPU2 comm1 start: 1409862304453.099
CPU3 comm1 start: 1409862304453.184
CPU0 comm1 end: 1409862304453.198
CPU0 exe start: 1409862304453.214
CPU1 comm1 end: 1409862304453.226
CPU4 comm1 start: 1409862304453.238
CPU2 comm1 end: 1409862304453.298
CPU2 exe start: 1409862304453.315
CPU1 exe start: 1409862304453.243
CPU5 comm1 start: 1409862304453.323
CPU3 comm1 end: 1409862304453.367
CPU3 exe start: 1409862304453.42
CPU6 comm1 start: 1409862304453.385
CPU4 comm1 end: 1409862304453.422
CPU4 exe start: 1409862304453.455
CPU7 comm1 start: 1409862304453.456
CPU5 comm1 end: 1409862304453.484
CPU5 exe start: 1409862304453.555
CPU8 comm1 start: 1409862304453.488
CPU6 comm1 end: 1409862304453.561
CPU6 exe start: 1409862304453.593
CPU9 comm1 start: 1409862304453.596
CPU7 comm1 end: 1409862304453.685
CPU7 exe start: 1409862304453.701
CPU8 comm1 end: 1409862304453.711
CPU8 exe start: 1409862304453.727
CPU9 comm1 end: 1409862304453.732
CPU9 exe start: 1409862304453.756
CPU0 exe end: 1409862304506.55
CPU0 comm2 start: 1409862304506.631
CPU2 exe end: 1409862304506.918
CPU1 exe end: 1409862304506.945
CPU3 exe end: 1409862304506.968
CPU6 exe end: 1409862304506.978
CPU3 comm2 start: 1409862304507.002
CPU1 comm2 start: 1409862304506.986
CPU7 exe end: 1409862304507.012
CPU6 comm2 start: 1409862304507.024
CPU5 exe end: 1409862304506.982
CPU4 exe end: 1409862304507.062
CPU9 exe end: 1409862304507.075
CPU5 comm2 start: 1409862304507.07
CPU4 comm2 start: 1409862304507.103
CPU9 comm2 start: 1409862304507.114
CPU8 exe end: 1409862304507.368
CPU8 comm2 start: 1409862304507.4
CPU2 comm2 start: 1409862304506.985
CPU7 comm2 start: 1409862304507.07
CPU0 comm2 end: 1409862304561.941
CPU6 comm2 end: 1409862304579.288
CPU4 comm2 end: 1409862304596
GPU exe end: 1409862304609.04
GPU memcp start: 1409862304609.105
GPU memcp end: 1409862304609.247
GPU comm2 start: 1409862304609.263
CPU3 comm2 end: 1409862304612.117
CPU5 comm2 end: 1409862304629.551
CPU1 comm2 end: 1409862304645.505
CPU9 comm2 end: 1409862304661.481
CPU8 comm2 end: 1409862304677.509
CPU2 comm2 end: 1409862304693.487
CPU7 comm2 end: 1409862304709.49
CPU0 comm1 start: 1409862304709.715
CPU1 comm1 start: 1409862304709.803
CPU2 comm1 start: 1409862304709.833
CPU3 comm1 start: 1409862304709.865
CPU0 comm1 end: 1409862304709.897
CPU0 exe start: 1409862304709.915
CPU4 comm1 start: 1409862304709.92
CPU1 comm1 end: 1409862304709.925
CPU1 exe start: 1409862304709.961
CPU5 comm1 start: 1409862304709.976
CPU2 comm1 end: 1409862304709.979
CPU2 exe start: 1409862304710.002
CPU3 comm1 end: 1409862304710.019
CPU6 comm1 start: 1409862304710.045
CPU4 comm1 end: 1409862304710.104
CPU4 exe start: 1409862304710.121
CPU7 comm1 start: 1409862304710.124
CPU3 exe start: 1409862304710.039
CPU5 comm1 end: 1409862304710.151
CPU5 exe start: 1409862304710.168
CPU8 comm1 start: 1409862304710.178
CPU6 comm1 end: 1409862304710.227
CPU7 comm1 end: 1409862304710.284
CPU6 exe start: 1409862304710.291
CPU7 exe start: 1409862304710.311
CPU9 comm1 start: 1409862304710.235
CPU8 comm1 end: 1409862304710.337
CPU8 exe start: 1409862304710.355
GPU comm2 end: 1409862304710.372
GPU schdl start: 1409862304710.391
CPU9 comm1 end: 1409862304710.459
CPU9 exe start: 1409862304710.475
GPU comm1 start: 1409862304729.862
GPU schdl end: 1409862304729.932
GPU comm1 end: 1409862304730.119
GPU exe start: 1409862304730.17
CPU0 exe end: 1409862304789.955
CPU0 comm2 start: 1409862304790.028
CPU7 exe end: 1409862304790.407
CPU7 comm2 start: 1409862304790.44
CPU2 exe end: 1409862304790.455
CPU1 exe end: 1409862304790.462
CPU2 comm2 start: 1409862304790.521
CPU4 exe end: 1409862304790.526
CPU1 comm2 start: 1409862304790.533
CPU4 comm2 start: 1409862304790.564
CPU9 exe end: 1409862304790.589
CPU9 comm2 start: 1409862304790.619
CPU3 exe end: 1409862304790.616
CPU3 comm2 start: 1409862304790.648
CPU8 exe end: 1409862304790.802
CPU8 comm2 start: 1409862304790.833
CPU6 exe end: 1409862304790.867
CPU5 exe end: 1409862304790.868
CPU6 comm2 start: 1409862304790.905
CPU5 comm2 start: 1409862304790.912
CPU0 comm2 end: 1409862304836.818
CPU6 comm2 end: 1409862304850.262
CPU1 comm2 end: 1409862304862.224
CPU3 comm2 end: 1409862304874.205
CPU9 comm2 end: 1409862304886.096
CPU4 comm2 end: 1409862304895.884
CPU5 comm2 end: 1409862304905.521
CPU7 comm2 end: 1409862304915.077
CPU8 comm2 end: 1409862304924.656
CPU2 comm2 end: 1409862304934.362
CPU0 comm1 start: 1409862304934.557
CPU1 comm1 start: 1409862304934.679
CPU2 comm1 start: 1409862304934.711
CPU3 comm1 start: 1409862304934.747
CPU0 comm1 end: 1409862304934.771
CPU0 exe start: 1409862304934.789
CPU2 comm1 end: 1409862304934.794
CPU4 comm1 start: 1409862304934.768
CPU1 comm1 end: 1409862304934.795
CPU5 comm1 start: 1409862304934.837
CPU1 exe start: 1409862304934.847
CPU3 comm1 end: 1409862304934.857
CPU4 comm1 end: 1409862304934.879
CPU4 exe start: 1409862304934.894
CPU3 exe start: 1409862304934.897
CPU2 exe start: 1409862304934.9
CPU6 comm1 start: 1409862304934.862
CPU5 comm1 end: 1409862304934.941
CPU5 exe start: 1409862304934.959
CPU7 comm1 start: 1409862304934.956
CPU6 comm1 end: 1409862304934.998
CPU8 comm1 start: 1409862304934.999
CPU6 exe start: 1409862304935.054
CPU9 comm1 start: 1409862304935.077
CPU7 comm1 end: 1409862304935.101
CPU7 exe start: 1409862304935.118
CPU8 comm1 end: 1409862304935.179
CPU8 exe start: 1409862304935.197
CPU9 comm1 end: 1409862304935.243
CPU9 exe start: 1409862304935.26
CPU0 exe end: 1409862305054.696
CPU0 comm2 start: 1409862305054.772
CPU7 exe end: 1409862305055.044
CPU7 comm2 start: 1409862305055.075
CPU5 exe end: 1409862305055.11
CPU5 comm2 start: 1409862305055.145
CPU4 exe end: 1409862305055.378
CPU1 exe end: 1409862305055.404
CPU4 comm2 start: 1409862305055.435
CPU1 comm2 start: 1409862305055.435
CPU3 exe end: 1409862305055.485
CPU3 comm2 start: 1409862305055.521
CPU2 exe end: 1409862305055.54
CPU2 comm2 start: 1409862305055.58
CPU6 exe end: 1409862305055.584
CPU6 comm2 start: 1409862305055.63
CPU8 exe end: 1409862305055.895
CPU8 comm2 start: 1409862305055.947
CPU9 exe end: 1409862305055.955
CPU9 comm2 start: 1409862305056.006
CPU0 comm2 end: 1409862305080.564
CPU7 comm2 end: 1409862305089.385
CPU5 comm2 end: 1409862305098.017
CPU6 comm2 end: 1409862305106.669
CPU9 comm2 end: 1409862305115.304
CPU4 comm2 end: 1409862305123.943
CPU1 comm2 end: 1409862305132.633
CPU3 comm2 end: 1409862305141.372
CPU2 comm2 end: 1409862305150.026
CPU8 comm2 end: 1409862305158.666
CPU0 comm1 start: 1409862305158.867
CPU1 comm1 start: 1409862305158.932
CPU2 comm1 start: 1409862305158.986
CPU3 comm1 start: 1409862305159.035
CPU0 comm1 end: 1409862305159.048
CPU0 exe start: 1409862305159.067
CPU4 comm1 start: 1409862305159.097
CPU2 comm1 end: 1409862305159.135
CPU2 exe start: 1409862305159.164
CPU5 comm1 start: 1409862305159.179
CPU3 comm1 end: 1409862305159.211
CPU3 exe start: 1409862305159.229
CPU1 comm1 end: 1409862305159.095
CPU1 exe start: 1409862305159.277
CPU4 comm1 end: 1409862305159.287
CPU4 exe start: 1409862305159.303
CPU6 comm1 start: 1409862305159.253
CPU7 comm1 start: 1409862305159.352
CPU5 comm1 end: 1409862305159.359
CPU5 exe start: 1409862305159.376
CPU8 comm1 start: 1409862305159.406
CPU6 comm1 end: 1409862305159.455
CPU7 comm1 end: 1409862305159.514
CPU7 exe start: 1409862305159.536
CPU6 exe start: 1409862305159.526
CPU9 comm1 start: 1409862305159.466
CPU8 comm1 end: 1409862305159.571
CPU8 exe start: 1409862305159.589
CPU9 comm1 end: 1409862305159.705
CPU9 exe start: 1409862305159.722
GPU exe end: 1409862305241.15
GPU memcp start: 1409862305241.234
GPU memcp end: 1409862305241.5
GPU comm2 start: 1409862305241.511
GPU comm2 end: 1409862305247.888
GPU schdl start: 1409862305247.976
GPU comm1 start: 1409862305260.262
GPU schdl end: 1409862305260.329
GPU comm1 end: 1409862305260.554
GPU exe start: 1409862305260.601
CPU0 exe end: 1409862305339.072
CPU0 comm2 start: 1409862305339.15
CPU7 exe end: 1409862305339.492
CPU7 comm2 start: 1409862305339.525
CPU5 exe end: 1409862305339.601
CPU5 comm2 start: 1409862305339.638
CPU6 exe end: 1409862305339.987
CPU6 comm2 start: 1409862305340.028
CPU1 exe end: 1409862305340.163
CPU4 exe end: 1409862305340.217
CPU4 comm2 start: 1409862305340.248
CPU2 exe end: 1409862305340.163
CPU2 comm2 start: 1409862305340.291
CPU3 exe end: 1409862305340.194
CPU1 comm2 start: 1409862305340.249
CPU3 comm2 start: 1409862305340.378
CPU8 exe end: 1409862305340.486
CPU8 comm2 start: 1409862305340.539
CPU9 exe end: 1409862305340.936
CPU9 comm2 start: 1409862305341.026
CPU0 comm2 end: 1409862305364.75
CPU7 comm2 end: 1409862305373.33
CPU5 comm2 end: 1409862305381.856
CPU6 comm2 end: 1409862305390.472
CPU9 comm2 end: 1409862305399.043
CPU4 comm2 end: 1409862305407.585
CPU2 comm2 end: 1409862305416.21
CPU3 comm2 end: 1409862305424.766
CPU1 comm2 end: 1409862305433.341
CPU8 comm2 end: 1409862305441.894
CPU0 comm1 start: 1409862305442.027
CPU1 comm1 start: 1409862305442.077
CPU2 comm1 start: 1409862305442.127
CPU3 comm1 start: 1409862305442.178
CPU0 comm1 end: 1409862305442.194
CPU0 exe start: 1409862305442.212
CPU4 comm1 start: 1409862305442.234
CPU1 comm1 end: 1409862305442.238
CPU1 exe start: 1409862305442.271
CPU2 comm1 end: 1409862305442.278
CPU5 comm1 start: 1409862305442.291
CPU3 comm1 end: 1409862305442.336
CPU3 exe start: 1409862305442.354
CPU6 comm1 start: 1409862305442.365
CPU2 exe start: 1409862305442.295
CPU4 comm1 end: 1409862305442.396
CPU4 exe start: 1409862305442.413
CPU7 comm1 start: 1409862305442.419
CPU5 comm1 end: 1409862305442.471
CPU6 comm1 end: 1409862305442.524
CPU8 comm1 start: 1409862305442.475
CPU5 exe start: 1409862305442.536
CPU6 exe start: 1409862305442.551
CPU9 comm1 start: 1409862305442.57
CPU7 comm1 end: 1409862305442.583
CPU7 exe start: 1409862305442.6
CPU8 comm1 end: 1409862305442.671
CPU8 exe start: 1409862305442.689
CPU9 comm1 end: 1409862305442.733
CPU9 exe start: 1409862305442.75
CPU7 exe end: 1409862310214.597
CPU7 comm2 start: 1409862310215.473
CPU0 exe end: 1409862310218.343
CPU0 comm2 start: 1409862310219.109
CPU9 exe end: 1409862310228.653
CPU5 exe end: 1409862310228.812
CPU9 comm2 start: 1409862310229.898
CPU5 comm2 start: 1409862310230.241
CPU4 exe end: 1409862310233.589
CPU4 comm2 start: 1409862310234.415
CPU8 exe end: 1409862310236.198
CPU8 comm2 start: 1409862310237.2
CPU2 exe end: 1409862310237.912
CPU2 comm2 start: 1409862310238.976
CPU6 exe end: 1409862310239.59
CPU6 comm2 start: 1409862310240.331
CPU3 exe end: 1409862310243.978
CPU3 comm2 start: 1409862310245.307
CPU7 comm2 end: 1409862310248.504
CPU1 exe end: 1409862310250.525
CPU1 comm2 start: 1409862310251.577
CPU0 comm2 end: 1409862310258.047
CPU9 comm2 end: 1409862310266.73
CPU5 comm2 end: 1409862310275.746
CPU4 comm2 end: 1409862310284.828
CPU6 comm2 end: 1409862310294.024
CPU8 comm2 end: 1409862310303.135
CPU2 comm2 end: 1409862310312.219
CPU3 comm2 end: 1409862310321.306
CPU1 comm2 end: 1409862310330.464
GPU exe end: 1409862320327.281
GPU memcp start: 1409862320328.087
GPU memcp end: 1409862320330.763
GPU comm2 start: 1409862320330.776
GPU comm2 end: 1409862320340.358
DONE: 16995.257080078125
